
**** Build of configuration Debug for project sdcard ****

"D:\\ti\\ccsv6\\utils\\bin\\gmake" -k all 
'Building file: ../hal_SPI.c'
'Invoking: MSP432 Compiler'
"D:/ti/ccsv6/tools/compiler/ti-cgt-arm_16.6.0.STS/bin/armcl" -mv7M4 --code_state=16 --float_support=FPv4SPD16 -me --include_path="D:/ti/ccsv6/ccs_base/arm/include" --include_path="D:/ti/ccsv6/ccs_base/arm/include/CMSIS" --include_path="D:/ti/ccsv6/tools/compiler/ti-cgt-arm_16.6.0.STS/include" --advice:power=all --define=__MSP432P401R__ --define=TARGET_IS_MSP432P4XX --define=ccs -g --gcc --diag_warning=225 --diag_wrap=off --display_error_number --abi=eabi --preproc_with_compile --preproc_dependency="hal_SPI.d"  "../hal_SPI.c"
"../hal_SPI.c", line 231: remark #2623-D: (ULP 5.4) Detected an assignment to a type with size less than int. To avoid unnecessary sign extension, use int-sized types for local varaibles and convert to smaller types for static storage.
"../hal_SPI.c", line 224: remark #2623-D: (ULP 5.4) Detected an assignment to a type with size less than int. To avoid unnecessary sign extension, use int-sized types for local varaibles and convert to smaller types for static storage.
"../hal_SPI.c", line 249: remark #2623-D: (ULP 5.4) Detected an assignment to a type with size less than int. To avoid unnecessary sign extension, use int-sized types for local varaibles and convert to smaller types for static storage.
"../hal_SPI.c", line 251: remark #2623-D: (ULP 5.4) Detected an assignment to a type with size less than int. To avoid unnecessary sign extension, use int-sized types for local varaibles and convert to smaller types for static storage.
"../hal_SPI.c", line 268: remark #2623-D: (ULP 5.4) Detected an assignment to a type with size less than int. To avoid unnecessary sign extension, use int-sized types for local varaibles and convert to smaller types for static storage.
"../hal_SPI.c", line 273: remark #2623-D: (ULP 5.4) Detected an assignment to a type with size less than int. To avoid unnecessary sign extension, use int-sized types for local varaibles and convert to smaller types for static storage.
"../hal_SPI.c", line 275: remark #2623-D: (ULP 5.4) Detected an assignment to a type with size less than int. To avoid unnecessary sign extension, use int-sized types for local varaibles and convert to smaller types for static storage.
"../hal_SPI.c", line 286: remark #1527-D: (ULP 2.1) Detected SW delay loop using empty loop. Recommend using a timer module instead
"../hal_SPI.c", line 288: remark #1527-D: (ULP 2.1) Detected SW delay loop using empty loop. Recommend using a timer module instead
"../hal_SPI.c", line 299: remark #1543-D: (ULP 12.2) Detected for loop with repetitive data transfer. Recommend using DMA
"../hal_SPI.c", line 300: remark #1527-D: (ULP 2.1) Detected SW delay loop using empty loop. Recommend using a timer module instead
"../hal_SPI.c", line 302: remark #1527-D: (ULP 2.1) Detected SW delay loop using empty loop. Recommend using a timer module instead
"../hal_SPI.c", line 356: remark #1543-D: (ULP 12.2) Detected for loop with repetitive data transfer. Recommend using DMA
"../hal_SPI.c", line 357: remark #1527-D: (ULP 2.1) Detected SW delay loop using empty loop. Recommend using a timer module instead
"../hal_SPI.c", line 359: remark #1527-D: (ULP 2.1) Detected SW delay loop using empty loop. Recommend using a timer module instead
'Finished building: ../hal_SPI.c'
' '
'Building file: ../main.c'
'Invoking: MSP432 Compiler'
"D:/ti/ccsv6/tools/compiler/ti-cgt-arm_16.6.0.STS/bin/armcl" -mv7M4 --code_state=16 --float_support=FPv4SPD16 -me --include_path="D:/ti/ccsv6/ccs_base/arm/include" --include_path="D:/ti/ccsv6/ccs_base/arm/include/CMSIS" --include_path="D:/ti/ccsv6/tools/compiler/ti-cgt-arm_16.6.0.STS/include" --advice:power=all --define=__MSP432P401R__ --define=TARGET_IS_MSP432P4XX --define=ccs -g --gcc --diag_warning=225 --diag_wrap=off --display_error_number --abi=eabi --preproc_with_compile --preproc_dependency="main.d"  "../main.c"
"../main.c", line 38: remark #1527-D: (ULP 2.1) Detected SW delay loop using empty loop. Recommend using a timer module instead
"../main.c", line 44: remark #1543-D: (ULP 12.2) Detected for loop with repetitive data transfer. Recommend using DMA
"../main.c", line 47: remark #1543-D: (ULP 12.2) Detected for loop with repetitive data transfer. Recommend using DMA
"../main.c", line 58: remark #1543-D: (ULP 12.2) Detected for loop with repetitive data transfer. Recommend using DMA
"../main.c", line 75: remark #1527-D: (ULP 2.1) Detected SW delay loop using empty loop. Recommend using a timer module instead
'Finished building: ../main.c'
' '
'Building file: ../mmc.c'
'Invoking: MSP432 Compiler'
"D:/ti/ccsv6/tools/compiler/ti-cgt-arm_16.6.0.STS/bin/armcl" -mv7M4 --code_state=16 --float_support=FPv4SPD16 -me --include_path="D:/ti/ccsv6/ccs_base/arm/include" --include_path="D:/ti/ccsv6/ccs_base/arm/include/CMSIS" --include_path="D:/ti/ccsv6/tools/compiler/ti-cgt-arm_16.6.0.STS/include" --advice:power=all --define=__MSP432P401R__ --define=TARGET_IS_MSP432P4XX --define=ccs -g --gcc --diag_warning=225 --diag_wrap=off --display_error_number --abi=eabi --preproc_with_compile --preproc_dependency="mmc.d"  "../mmc.c"
"../mmc.c", line 128: remark #1527-D: (ULP 2.1) Detected SW delay loop using empty loop. Recommend using a timer module instead
"../mmc.c", line 150: remark #1527-D: (ULP 2.1) Detected SW delay loop using empty loop. Recommend using a timer module instead
"../mmc.c", line 156: remark #1527-D: (ULP 2.1) Detected SW delay loop using empty loop. Recommend using a timer module instead
"../mmc.c", line 215: remark #2623-D: (ULP 5.4) Detected an assignment to a type with size less than int. To avoid unnecessary sign extension, use int-sized types for local varaibles and convert to smaller types for static storage.
"../mmc.c", line 283: remark #1527-D: (ULP 2.1) Detected SW delay loop using empty loop. Recommend using a timer module instead
"../mmc.c", line 338: remark #1527-D: (ULP 2.1) Detected SW delay loop using empty loop. Recommend using a timer module instead
"../mmc.c", line 353: remark #2623-D: (ULP 5.4) Detected an assignment to a type with size less than int. To avoid unnecessary sign extension, use int-sized types for local varaibles and convert to smaller types for static storage.
"../mmc.c", line 376: remark #1527-D: (ULP 2.1) Detected SW delay loop using empty loop. Recommend using a timer module instead
"../mmc.c", line 403: remark #2623-D: (ULP 5.4) Detected an assignment to a type with size less than int. To avoid unnecessary sign extension, use int-sized types for local varaibles and convert to smaller types for static storage.
"../mmc.c", line 413: remark #1527-D: (ULP 2.1) Detected SW delay loop using empty loop. Recommend using a timer module instead
"../mmc.c", line 418: remark #1527-D: (ULP 2.1) Detected SW delay loop using empty loop. Recommend using a timer module instead
"../mmc.c", line 441: remark #2623-D: (ULP 5.4) Detected an assignment to a type with size less than int. To avoid unnecessary sign extension, use int-sized types for local varaibles and convert to smaller types for static storage.
"../mmc.c", line 445: remark #2623-D: (ULP 5.4) Detected an assignment to a type with size less than int. To avoid unnecessary sign extension, use int-sized types for local varaibles and convert to smaller types for static storage.
"../mmc.c", line 448: remark #2623-D: (ULP 5.4) Detected an assignment to a type with size less than int. To avoid unnecessary sign extension, use int-sized types for local varaibles and convert to smaller types for static storage.
"../mmc.c", line 452: remark #2623-D: (ULP 5.4) Detected an assignment to a type with size less than int. To avoid unnecessary sign extension, use int-sized types for local varaibles and convert to smaller types for static storage.
"../mmc.c", line 455: remark #2623-D: (ULP 5.4) Detected an assignment to a type with size less than int. To avoid unnecessary sign extension, use int-sized types for local varaibles and convert to smaller types for static storage.
"../mmc.c", line 454: remark #2623-D: (ULP 5.4) Detected an assignment to a type with size less than int. To avoid unnecessary sign extension, use int-sized types for local varaibles and convert to smaller types for static storage.
"../mmc.c", line 459: remark #2623-D: (ULP 5.4) Detected an assignment to a type with size less than int. To avoid unnecessary sign extension, use int-sized types for local varaibles and convert to smaller types for static storage.
"../mmc.c", line 460: remark #2623-D: (ULP 5.4) Detected an assignment to a type with size less than int. To avoid unnecessary sign extension, use int-sized types for local varaibles and convert to smaller types for static storage.
"../mmc.c", line 461: remark #2623-D: (ULP 5.4) Detected an assignment to a type with size less than int. To avoid unnecessary sign extension, use int-sized types for local varaibles and convert to smaller types for static storage.
"../mmc.c", line 464: remark #2623-D: (ULP 5.4) Detected an assignment to a type with size less than int. To avoid unnecessary sign extension, use int-sized types for local varaibles and convert to smaller types for static storage.
"../mmc.c", line 465: remark #2623-D: (ULP 5.4) Detected an assignment to a type with size less than int. To avoid unnecessary sign extension, use int-sized types for local varaibles and convert to smaller types for static storage.
"../mmc.c", line 466: remark #2623-D: (ULP 5.4) Detected an assignment to a type with size less than int. To avoid unnecessary sign extension, use int-sized types for local varaibles and convert to smaller types for static storage.
"../mmc.c", line 467: remark #2623-D: (ULP 5.4) Detected an assignment to a type with size less than int. To avoid unnecessary sign extension, use int-sized types for local varaibles and convert to smaller types for static storage.
"../mmc.c", line 468: remark #2623-D: (ULP 5.4) Detected an assignment to a type with size less than int. To avoid unnecessary sign extension, use int-sized types for local varaibles and convert to smaller types for static storage.
"../mmc.c", line 470: remark #2623-D: (ULP 5.4) Detected an assignment to a type with size less than int. To avoid unnecessary sign extension, use int-sized types for local varaibles and convert to smaller types for static storage.
"../mmc.c", line 472: remark #2623-D: (ULP 5.4) Detected an assignment to a type with size less than int. To avoid unnecessary sign extension, use int-sized types for local varaibles and convert to smaller types for static storage.
"../mmc.c", line 473: remark #2623-D: (ULP 5.4) Detected an assignment to a type with size less than int. To avoid unnecessary sign extension, use int-sized types for local varaibles and convert to smaller types for static storage.
"../mmc.c", line 474: remark #2623-D: (ULP 5.4) Detected an assignment to a type with size less than int. To avoid unnecessary sign extension, use int-sized types for local varaibles and convert to smaller types for static storage.
"../mmc.c", line 476: remark #2623-D: (ULP 5.4) Detected an assignment to a type with size less than int. To avoid unnecessary sign extension, use int-sized types for local varaibles and convert to smaller types for static storage.
"../mmc.c", line 477: remark #2623-D: (ULP 5.4) Detected an assignment to a type with size less than int. To avoid unnecessary sign extension, use int-sized types for local varaibles and convert to smaller types for static storage.
"../mmc.c", line 478: remark #2623-D: (ULP 5.4) Detected an assignment to a type with size less than int. To avoid unnecessary sign extension, use int-sized types for local varaibles and convert to smaller types for static storage.
"../mmc.c", line 479: remark #2623-D: (ULP 5.4) Detected an assignment to a type with size less than int. To avoid unnecessary sign extension, use int-sized types for local varaibles and convert to smaller types for static storage.
"../mmc.c", line 480: remark #2623-D: (ULP 5.4) Detected an assignment to a type with size less than int. To avoid unnecessary sign extension, use int-sized types for local varaibles and convert to smaller types for static storage.
"../mmc.c", line 484: remark #2623-D: (ULP 5.4) Detected an assignment to a type with size less than int. To avoid unnecessary sign extension, use int-sized types for local varaibles and convert to smaller types for static storage.
"../mmc.c", line 483: remark #2623-D: (ULP 5.4) Detected an assignment to a type with size less than int. To avoid unnecessary sign extension, use int-sized types for local varaibles and convert to smaller types for static storage.
"../mmc.c", line 486: remark #2623-D: (ULP 5.4) Detected an assignment to a type with size less than int. To avoid unnecessary sign extension, use int-sized types for local varaibles and convert to smaller types for static storage.
"../mmc.c", line 492: remark #2623-D: (ULP 5.4) Detected an assignment to a type with size less than int. To avoid unnecessary sign extension, use int-sized types for local varaibles and convert to smaller types for static storage.
"../mmc.c", line 493: remark #2623-D: (ULP 5.4) Detected an assignment to a type with size less than int. To avoid unnecessary sign extension, use int-sized types for local varaibles and convert to smaller types for static storage.
"../mmc.c", line 492: remark #2623-D: (ULP 5.4) Detected an assignment to a type with size less than int. To avoid unnecessary sign extension, use int-sized types for local varaibles and convert to smaller types for static storage.
"../mmc.c", line 497: remark #2623-D: (ULP 5.4) Detected an assignment to a type with size less than int. To avoid unnecessary sign extension, use int-sized types for local varaibles and convert to smaller types for static storage.
"../mmc.c", line 498: remark #2623-D: (ULP 5.4) Detected an assignment to a type with size less than int. To avoid unnecessary sign extension, use int-sized types for local varaibles and convert to smaller types for static storage.
"../mmc.c", line 497: remark #2623-D: (ULP 5.4) Detected an assignment to a type with size less than int. To avoid unnecessary sign extension, use int-sized types for local varaibles and convert to smaller types for static storage.
"D:/ti/ccsv6/tools/compiler/ti-cgt-arm_16.6.0.STS/include/_defs.h", line 189 (col. 27): remark #1531-D: (ULP 5.2) Detected floating point operation(s). Recommend moving them to RAM during run time or not using as these are processing/power intensive
"D:/ti/ccsv6/tools/compiler/ti-cgt-arm_16.6.0.STS/include/_defs.h", line 190 (col. 10): remark #1531-D: (ULP 5.2) Detected floating point operation(s). Recommend moving them to RAM during run time or not using as these are processing/power intensive
"D:/ti/ccsv6/tools/compiler/ti-cgt-arm_16.6.0.STS/include/_defs.h", line 193 (col. 27): remark #1531-D: (ULP 5.2) Detected floating point operation(s). Recommend moving them to RAM during run time or not using as these are processing/power intensive
"D:/ti/ccsv6/tools/compiler/ti-cgt-arm_16.6.0.STS/include/_defs.h", line 194 (col. 10): remark #1531-D: (ULP 5.2) Detected floating point operation(s). Recommend moving them to RAM during run time or not using as these are processing/power intensive
"D:/ti/ccsv6/tools/compiler/ti-cgt-arm_16.6.0.STS/include/_defs.h", line 196 (col. 27): remark #1531-D: (ULP 5.2) Detected floating point operation(s). Recommend moving them to RAM during run time or not using as these are processing/power intensive
"D:/ti/ccsv6/tools/compiler/ti-cgt-arm_16.6.0.STS/include/_defs.h", line 197 (col. 10): remark #1531-D: (ULP 5.2) Detected floating point operation(s). Recommend moving them to RAM during run time or not using as these are processing/power intensive
"D:/ti/ccsv6/tools/compiler/ti-cgt-arm_16.6.0.STS/include/_defs.h", line 198 (col. 10): remark #1531-D: (ULP 5.2) Detected floating point operation(s). Recommend moving them to RAM during run time or not using as these are processing/power intensive
"D:/ti/ccsv6/tools/compiler/ti-cgt-arm_16.6.0.STS/include/_defs.h", line 202 (col. 27): remark #1531-D: (ULP 5.2) Detected floating point operation(s). Recommend moving them to RAM during run time or not using as these are processing/power intensive
"D:/ti/ccsv6/tools/compiler/ti-cgt-arm_16.6.0.STS/include/_defs.h", line 203 (col. 10): remark #1531-D: (ULP 5.2) Detected floating point operation(s). Recommend moving them to RAM during run time or not using as these are processing/power intensive
"D:/ti/ccsv6/tools/compiler/ti-cgt-arm_16.6.0.STS/include/_defs.h", line 204 (col. 10): remark #1531-D: (ULP 5.2) Detected floating point operation(s). Recommend moving them to RAM during run time or not using as these are processing/power intensive
"D:/ti/ccsv6/tools/compiler/ti-cgt-arm_16.6.0.STS/include/_defs.h", line 206 (col. 27): remark #1531-D: (ULP 5.2) Detected floating point operation(s). Recommend moving them to RAM during run time or not using as these are processing/power intensive
"D:/ti/ccsv6/tools/compiler/ti-cgt-arm_16.6.0.STS/include/_defs.h", line 207 (col. 11): remark #1531-D: (ULP 5.2) Detected floating point operation(s). Recommend moving them to RAM during run time or not using as these are processing/power intensive
"D:/ti/ccsv6/tools/compiler/ti-cgt-arm_16.6.0.STS/include/_defs.h", line 208 (col. 11): remark #1531-D: (ULP 5.2) Detected floating point operation(s). Recommend moving them to RAM during run time or not using as these are processing/power intensive
"D:/ti/ccsv6/tools/compiler/ti-cgt-arm_16.6.0.STS/include/_defs.h", line 214 (col. 27): remark #1531-D: (ULP 5.2) Detected floating point operation(s). Recommend moving them to RAM during run time or not using as these are processing/power intensive
"D:/ti/ccsv6/tools/compiler/ti-cgt-arm_16.6.0.STS/include/_defs.h", line 215 (col. 11): remark #1531-D: (ULP 5.2) Detected floating point operation(s). Recommend moving them to RAM during run time or not using as these are processing/power intensive
"D:/ti/ccsv6/tools/compiler/ti-cgt-arm_16.6.0.STS/include/_defs.h", line 216 (col. 11): remark #1531-D: (ULP 5.2) Detected floating point operation(s). Recommend moving them to RAM during run time or not using as these are processing/power intensive
"D:/ti/ccsv6/tools/compiler/ti-cgt-arm_16.6.0.STS/include/_defs.h", line 218 (col. 27): remark #1531-D: (ULP 5.2) Detected floating point operation(s). Recommend moving them to RAM during run time or not using as these are processing/power intensive
"D:/ti/ccsv6/tools/compiler/ti-cgt-arm_16.6.0.STS/include/_defs.h", line 219 (col. 10): remark #1531-D: (ULP 5.2) Detected floating point operation(s). Recommend moving them to RAM during run time or not using as these are processing/power intensive
"D:/ti/ccsv6/tools/compiler/ti-cgt-arm_16.6.0.STS/include/_defs.h", line 222 (col. 27): remark #1531-D: (ULP 5.2) Detected floating point operation(s). Recommend moving them to RAM during run time or not using as these are processing/power intensive
"D:/ti/ccsv6/tools/compiler/ti-cgt-arm_16.6.0.STS/include/_defs.h", line 223 (col. 10): remark #1531-D: (ULP 5.2) Detected floating point operation(s). Recommend moving them to RAM during run time or not using as these are processing/power intensive
"D:/ti/ccsv6/tools/compiler/ti-cgt-arm_16.6.0.STS/include/_defs.h", line 231 (col. 27): remark #1531-D: (ULP 5.2) Detected floating point operation(s). Recommend moving them to RAM during run time or not using as these are processing/power intensive
"D:/ti/ccsv6/tools/compiler/ti-cgt-arm_16.6.0.STS/include/_defs.h", line 232 (col. 10): remark #1531-D: (ULP 5.2) Detected floating point operation(s). Recommend moving them to RAM during run time or not using as these are processing/power intensive
"D:/ti/ccsv6/tools/compiler/ti-cgt-arm_16.6.0.STS/include/_defs.h", line 233 (col. 27): remark #1531-D: (ULP 5.2) Detected floating point operation(s). Recommend moving them to RAM during run time or not using as these are processing/power intensive
"D:/ti/ccsv6/tools/compiler/ti-cgt-arm_16.6.0.STS/include/_defs.h", line 234 (col. 10): remark #1531-D: (ULP 5.2) Detected floating point operation(s). Recommend moving them to RAM during run time or not using as these are processing/power intensive
"D:/ti/ccsv6/tools/compiler/ti-cgt-arm_16.6.0.STS/include/_defs.h", line 260 (col. 27): remark #1531-D: (ULP 5.2) Detected floating point operation(s). Recommend moving them to RAM during run time or not using as these are processing/power intensive
"D:/ti/ccsv6/tools/compiler/ti-cgt-arm_16.6.0.STS/include/_defs.h", line 262 (col. 9): remark #1531-D: (ULP 5.2) Detected floating point operation(s). Recommend moving them to RAM during run time or not using as these are processing/power intensive
"D:/ti/ccsv6/tools/compiler/ti-cgt-arm_16.6.0.STS/include/_defs.h", line 264 (col. 13): remark #1531-D: (ULP 5.2) Detected floating point operation(s). Recommend moving them to RAM during run time or not using as these are processing/power intensive
"D:/ti/ccsv6/tools/compiler/ti-cgt-arm_16.6.0.STS/include/_defs.h", line 268 (col. 9): remark #1531-D: (ULP 5.2) Detected floating point operation(s). Recommend moving them to RAM during run time or not using as these are processing/power intensive
"D:/ti/ccsv6/tools/compiler/ti-cgt-arm_16.6.0.STS/include/_defs.h", line 270 (col. 13): remark #1531-D: (ULP 5.2) Detected floating point operation(s). Recommend moving them to RAM during run time or not using as these are processing/power intensive
"D:/ti/ccsv6/tools/compiler/ti-cgt-arm_16.6.0.STS/include/_defs.h", line 277 (col. 27): remark #1531-D: (ULP 5.2) Detected floating point operation(s). Recommend moving them to RAM during run time or not using as these are processing/power intensive
"D:/ti/ccsv6/tools/compiler/ti-cgt-arm_16.6.0.STS/include/_defs.h", line 279 (col. 9): remark #1531-D: (ULP 5.2) Detected floating point operation(s). Recommend moving them to RAM during run time or not using as these are processing/power intensive
"D:/ti/ccsv6/tools/compiler/ti-cgt-arm_16.6.0.STS/include/_defs.h", line 281 (col. 13): remark #1531-D: (ULP 5.2) Detected floating point operation(s). Recommend moving them to RAM during run time or not using as these are processing/power intensive
"D:/ti/ccsv6/tools/compiler/ti-cgt-arm_16.6.0.STS/include/_defs.h", line 285 (col. 9): remark #1531-D: (ULP 5.2) Detected floating point operation(s). Recommend moving them to RAM during run time or not using as these are processing/power intensive
"D:/ti/ccsv6/tools/compiler/ti-cgt-arm_16.6.0.STS/include/_defs.h", line 287 (col. 13): remark #1531-D: (ULP 5.2) Detected floating point operation(s). Recommend moving them to RAM during run time or not using as these are processing/power intensive
'Finished building: ../mmc.c'
' '
'Building file: ../startup_msp432p401r_ccs.c'
'Invoking: MSP432 Compiler'
"D:/ti/ccsv6/tools/compiler/ti-cgt-arm_16.6.0.STS/bin/armcl" -mv7M4 --code_state=16 --float_support=FPv4SPD16 -me --include_path="D:/ti/ccsv6/ccs_base/arm/include" --include_path="D:/ti/ccsv6/ccs_base/arm/include/CMSIS" --include_path="D:/ti/ccsv6/tools/compiler/ti-cgt-arm_16.6.0.STS/include" --advice:power=all --define=__MSP432P401R__ --define=TARGET_IS_MSP432P4XX --define=ccs -g --gcc --diag_warning=225 --diag_wrap=off --display_error_number --abi=eabi --preproc_with_compile --preproc_dependency="startup_msp432p401r_ccs.d"  "../startup_msp432p401r_ccs.c"
'Finished building: ../startup_msp432p401r_ccs.c'
' '
'Building file: ../system_msp432p401r.c'
'Invoking: MSP432 Compiler'
"D:/ti/ccsv6/tools/compiler/ti-cgt-arm_16.6.0.STS/bin/armcl" -mv7M4 --code_state=16 --float_support=FPv4SPD16 -me --include_path="D:/ti/ccsv6/ccs_base/arm/include" --include_path="D:/ti/ccsv6/ccs_base/arm/include/CMSIS" --include_path="D:/ti/ccsv6/tools/compiler/ti-cgt-arm_16.6.0.STS/include" --advice:power=all --define=__MSP432P401R__ --define=TARGET_IS_MSP432P4XX --define=ccs -g --gcc --diag_warning=225 --diag_wrap=off --display_error_number --abi=eabi --preproc_with_compile --preproc_dependency="system_msp432p401r.d"  "../system_msp432p401r.c"
"../system_msp432p401r.c", line 112: remark #2623-D: (ULP 5.4) Detected an assignment to a type with size less than int. To avoid unnecessary sign extension, use int-sized types for local varaibles and convert to smaller types for static storage.
"../system_msp432p401r.c", line 160: remark #2623-D: (ULP 5.4) Detected an assignment to a type with size less than int. To avoid unnecessary sign extension, use int-sized types for local varaibles and convert to smaller types for static storage.
"../system_msp432p401r.c", line 193: remark #2623-D: (ULP 5.4) Detected an assignment to a type with size less than int. To avoid unnecessary sign extension, use int-sized types for local varaibles and convert to smaller types for static storage.
'Finished building: ../system_msp432p401r.c'
' '
'Building target: sdcard.out'
'Invoking: MSP432 Linker'
"D:/ti/ccsv6/tools/compiler/ti-cgt-arm_16.6.0.STS/bin/armcl" -mv7M4 --code_state=16 --float_support=FPv4SPD16 -me --advice:power=all --define=__MSP432P401R__ --define=TARGET_IS_MSP432P4XX --define=ccs -g --gcc --diag_warning=225 --diag_wrap=off --display_error_number --abi=eabi -z -m"sdcard.map" --heap_size=1024 --stack_size=512 -i"D:/ti/ccsv6/ccs_base/arm/include" -i"D:/ti/ccsv6/tools/compiler/ti-cgt-arm_16.6.0.STS/lib" -i"D:/ti/ccsv6/tools/compiler/ti-cgt-arm_16.6.0.STS/include" --reread_libs --diag_wrap=off --display_error_number --warn_sections --xml_link_info="sdcard_linkInfo.xml" --rom_model -o "sdcard.out" "./hal_SPI.obj" "./main.obj" "./mmc.obj" "./startup_msp432p401r_ccs.obj" "./system_msp432p401r.obj" "../msp432p401r.cmd"  -llibc.a 
<Linking>
remark #10371-D: (ULP 1.1) Detected no uses of low power mode state changing instructions
remark #10372-D: (ULP 4.1) Detected uninitialized Port 1 in this project. Recommend initializing all unused ports to eliminate wasted current consumption on unused pins.
remark #10372-D: (ULP 4.1) Detected uninitialized Port 2 in this project. Recommend initializing all unused ports to eliminate wasted current consumption on unused pins.
remark #10372-D: (ULP 4.1) Detected uninitialized Port 3 in this project. Recommend initializing all unused ports to eliminate wasted current consumption on unused pins.
remark #10372-D: (ULP 4.1) Detected uninitialized Port 4 in this project. Recommend initializing all unused ports to eliminate wasted current consumption on unused pins.
remark #10372-D: (ULP 4.1) Detected uninitialized Port 5 in this project. Recommend initializing all unused ports to eliminate wasted current consumption on unused pins.
remark #10372-D: (ULP 4.1) Detected uninitialized Port 6 in this project. Recommend initializing all unused ports to eliminate wasted current consumption on unused pins.
remark #10372-D: (ULP 4.1) Detected uninitialized Port 7 in this project. Recommend initializing all unused ports to eliminate wasted current consumption on unused pins.
remark #10372-D: (ULP 4.1) Detected uninitialized Port 8 in this project. Recommend initializing all unused ports to eliminate wasted current consumption on unused pins.
remark #10372-D: (ULP 4.1) Detected uninitialized Port 9 in this project. Recommend initializing all unused ports to eliminate wasted current consumption on unused pins.
remark #10372-D: (ULP 4.1) Detected uninitialized Port 10 in this project. Recommend initializing all unused ports to eliminate wasted current consumption on unused pins.
'Finished building target: sdcard.out'
' '

**** Build Finished ****
