#
# There is insufficient memory for the Java Runtime Environment to continue.
# Native memory allocation (malloc) failed to allocate 912368 bytes for Chunk::new
# Possible reasons:
#   The system is out of physical RAM or swap space
#   In 32 bit mode, the process size limit was hit
# Possible solutions:
#   Reduce memory load on the system
#   Increase physical memory or swap space
#   Check if swap backing store is full
#   Use 64 bit Java on a 64 bit OS
#   Decrease Java heap size (-Xmx/-Xms)
#   Decrease number of Java threads
#   Decrease Java thread stack sizes (-Xss)
#   Set larger code cache with -XX:ReservedCodeCacheSize=
# This output file may be truncated or incomplete.
#
#  Out of Memory Error (allocation.cpp:390), pid=13196, tid=6412
#
# JRE version: Java(TM) SE Runtime Environment (8.0_60-b27) (build 1.8.0_60-b27)
# Java VM: Java HotSpot(TM) 64-Bit Server VM (25.60-b23 mixed mode windows-amd64 compressed oops)
# Failed to write core dump. Minidumps are not enabled by default on client versions of Windows
#

---------------  T H R E A D  ---------------

Current thread (0x0000000056689800):  JavaThread "C2 CompilerThread1" daemon [_thread_in_native, id=6412, stack(0x00000000580a0000,0x00000000581a0000)]

Stack: [0x00000000580a0000,0x00000000581a0000]
[error occurred during error reporting (printing stack bounds), id 0xc0000005]

Native frames: (J=compiled Java code, j=interpreted, Vv=VM code, C=native code)


Current CompileTask:
C2:   5456 1766   !   4       com.android.dx.cf.code.BytecodeArray::parseInstruction (2764 bytes)


---------------  P R O C E S S  ---------------

Java Threads: ( => current thread )
  0x0000000056980800 JavaThread "pool-1-thread-4" [_thread_in_Java, id=13208, stack(0x00000000592a0000,0x00000000593a0000)]
  0x00000000586b2800 JavaThread "pool-1-thread-3" [_thread_blocked, id=11456, stack(0x00000000593c0000,0x00000000594c0000)]
  0x00000000586b2000 JavaThread "pool-1-thread-2" [_thread_in_Java, id=5040, stack(0x0000000059170000,0x0000000059270000)]
  0x00000000586b0000 JavaThread "pool-2-thread-1" [_thread_blocked, id=13112, stack(0x0000000059050000,0x0000000059150000)]
  0x00000000586af800 JavaThread "pool-1-thread-1" [_thread_blocked, id=3960, stack(0x0000000058ed0000,0x0000000058fd0000)]
  0x000000005670f800 JavaThread "Service Thread" daemon [_thread_blocked, id=12268, stack(0x0000000058580000,0x0000000058680000)]
  0x00000000566de000 JavaThread "C1 CompilerThread3" daemon [_thread_in_native, id=13304, stack(0x0000000058380000,0x0000000058480000)]
  0x000000005668a800 JavaThread "C2 CompilerThread2" daemon [_thread_in_native, id=4592, stack(0x0000000057850000,0x0000000057950000)]
=>0x0000000056689800 JavaThread "C2 CompilerThread1" daemon [_thread_in_native, id=6412, stack(0x00000000580a0000,0x00000000581a0000)]
  0x0000000056682000 JavaThread "C2 CompilerThread0" daemon [_thread_in_native, id=11016, stack(0x0000000057f10000,0x0000000058010000)]
  0x0000000056681000 JavaThread "Attach Listener" daemon [_thread_blocked, id=9036, stack(0x0000000057d50000,0x0000000057e50000)]
  0x0000000056680000 JavaThread "Signal Dispatcher" daemon [_thread_blocked, id=11460, stack(0x0000000057b90000,0x0000000057c90000)]
  0x00000000555d0000 JavaThread "Finalizer" daemon [_thread_blocked, id=13160, stack(0x00000000579d0000,0x0000000057ad0000)]
  0x0000000056633000 JavaThread "Reference Handler" daemon [_thread_blocked, id=10624, stack(0x0000000057610000,0x0000000057710000)]
  0x0000000001e6f000 JavaThread "main" [_thread_blocked, id=12392, stack(0x00000000023e0000,0x00000000024e0000)]

Other Threads:
  0x0000000056632000 VMThread [stack: 0x0000000057720000,0x0000000057820000] [id=8588]
  0x0000000056713800 WatcherThread [stack: 0x0000000058210000,0x0000000058310000] [id=7652]

VM state:not at safepoint (normal execution)

VM Mutex/Monitor currently owned by a thread: None

Heap:
 PSYoungGen      total 102400K, used 35023K [0x00000000eab00000, 0x00000000f1300000, 0x0000000100000000)
  eden space 98304K, 31% used [0x00000000eab00000,0x00000000ec9344d8,0x00000000f0b00000)
  from space 4096K, 99% used [0x00000000f0f00000,0x00000000f12ff870,0x00000000f1300000)
  to   space 4096K, 0% used [0x00000000f0b00000,0x00000000f0b00000,0x00000000f0f00000)
 ParOldGen       total 65536K, used 16624K [0x00000000c0000000, 0x00000000c4000000, 0x00000000eab00000)
  object space 65536K, 25% used [0x00000000c0000000,0x00000000c103c3f8,0x00000000c4000000)
 Metaspace       used 6306K, capacity 7152K, committed 7296K, reserved 1056768K
  class space    used 604K, capacity 616K, committed 640K, reserved 1048576K

Card table byte_map: [0x0000000011b70000,0x0000000011d80000] byte_map_base: 0x0000000011570000

Marking Bits: (ParMarkBitMap*) 0x000000007059a5b0
 Begin Bits: [0x00000000129e0000, 0x00000000139e0000)
 End Bits:   [0x00000000139e0000, 0x00000000149e0000)

Polling page: 0x0000000000340000

CodeCache: size=245760Kb used=6830Kb max_used=6830Kb free=238929Kb
 bounds [0x00000000027b0000, 0x0000000002e70000, 0x00000000117b0000]
 total_blobs=2040 nmethods=1770 adapters=182
 compilation: enabled

Compilation events (10 events):
Event: 5.379 Thread 0x00000000566de000 1836       2       com.android.dx.rop.code.Insn$BaseVisitor::<init> (5 bytes)
Event: 5.379 Thread 0x00000000566de000 nmethod 1836 0x0000000002e50050 code [0x0000000002e501a0, 0x0000000002e502f0]
Event: 5.381 Thread 0x00000000566de000 1838       2       com.android.dx.ssa.SsaBasicBlock::getLiveOutRegs (26 bytes)
Event: 5.382 Thread 0x00000000566de000 nmethod 1838 0x0000000002e4fa50 code [0x0000000002e4fbc0, 0x0000000002e4fea8]
Event: 5.415 Thread 0x00000000566de000 1842       2       sun.util.calendar.CalendarDate::setNormalized (6 bytes)
Event: 5.416 Thread 0x00000000566de000 nmethod 1842 0x0000000002e4f750 code [0x0000000002e4f8a0, 0x0000000002e4f9f0]
Event: 5.417 Thread 0x00000000566de000 1843       2       com.android.dx.dex.file.ClassDefItem::addDirectMethod (9 bytes)
Event: 5.418 Thread 0x00000000566de000 nmethod 1843 0x0000000002e4efd0 code [0x0000000002e4f160, 0x0000000002e4f498]
Event: 5.418 Thread 0x00000000566de000 1844       2       com.android.dx.dex.file.ClassDataItem::addDirectMethod (24 bytes)
Event: 5.418 Thread 0x00000000566de000 nmethod 1844 0x0000000002e4e890 code [0x0000000002e4ea20, 0x0000000002e4ed58]

GC Heap History (8 events):
Event: 2.995 GC heap before
{Heap before GC invocations=1 (full 0):
 PSYoungGen      total 28672K, used 24576K [0x00000000eab00000, 0x00000000ecb00000, 0x0000000100000000)
  eden space 24576K, 100% used [0x00000000eab00000,0x00000000ec300000,0x00000000ec300000)
  from space 4096K, 0% used [0x00000000ec700000,0x00000000ec700000,0x00000000ecb00000)
  to   space 4096K, 0% used [0x00000000ec300000,0x00000000ec300000,0x00000000ec700000)
 ParOldGen       total 65536K, used 0K [0x00000000c0000000, 0x00000000c4000000, 0x00000000eab00000)
  object space 65536K, 0% used [0x00000000c0000000,0x00000000c0000000,0x00000000c4000000)
 Metaspace       used 5586K, capacity 6576K, committed 6784K, reserved 1056768K
  class space    used 598K, capacity 616K, committed 640K, reserved 1048576K
Event: 3.052 GC heap after
Heap after GC invocations=1 (full 0):
 PSYoungGen      total 28672K, used 3613K [0x00000000eab00000, 0x00000000ee300000, 0x0000000100000000)
  eden space 24576K, 0% used [0x00000000eab00000,0x00000000eab00000,0x00000000ec300000)
  from space 4096K, 88% used [0x00000000ec300000,0x00000000ec687658,0x00000000ec700000)
  to   space 4096K, 0% used [0x00000000edf00000,0x00000000edf00000,0x00000000ee300000)
 ParOldGen       total 65536K, used 8K [0x00000000c0000000, 0x00000000c4000000, 0x00000000eab00000)
  object space 65536K, 0% used [0x00000000c0000000,0x00000000c0002000,0x00000000c4000000)
 Metaspace       used 5586K, capacity 6576K, committed 6784K, reserved 1056768K
  class space    used 598K, capacity 616K, committed 640K, reserved 1048576K
}
Event: 3.479 GC heap before
{Heap before GC invocations=2 (full 0):
 PSYoungGen      total 28672K, used 28189K [0x00000000eab00000, 0x00000000ee300000, 0x0000000100000000)
  eden space 24576K, 100% used [0x00000000eab00000,0x00000000ec300000,0x00000000ec300000)
  from space 4096K, 88% used [0x00000000ec300000,0x00000000ec687658,0x00000000ec700000)
  to   space 4096K, 0% used [0x00000000edf00000,0x00000000edf00000,0x00000000ee300000)
 ParOldGen       total 65536K, used 8K [0x00000000c0000000, 0x00000000c4000000, 0x00000000eab00000)
  object space 65536K, 0% used [0x00000000c0000000,0x00000000c0002000,0x00000000c4000000)
 Metaspace       used 6035K, capacity 6960K, committed 7040K, reserved 1056768K
  class space    used 603K, capacity 616K, committed 640K, reserved 1048576K
Event: 3.544 GC heap after
Heap after GC invocations=2 (full 0):
 PSYoungGen      total 53248K, used 4090K [0x00000000eab00000, 0x00000000ee300000, 0x0000000100000000)
  eden space 49152K, 0% used [0x00000000eab00000,0x00000000eab00000,0x00000000edb00000)
  from space 4096K, 99% used [0x00000000edf00000,0x00000000ee2feb40,0x00000000ee300000)
  to   space 4096K, 0% used [0x00000000edb00000,0x00000000edb00000,0x00000000edf00000)
 ParOldGen       total 65536K, used 1725K [0x00000000c0000000, 0x00000000c4000000, 0x00000000eab00000)
  object space 65536K, 2% used [0x00000000c0000000,0x00000000c01af788,0x00000000c4000000)
 Metaspace       used 6035K, capacity 6960K, committed 7040K, reserved 1056768K
  class space    used 603K, capacity 616K, committed 640K, reserved 1048576K
}
Event: 3.938 GC heap before
{Heap before GC invocations=3 (full 0):
 PSYoungGen      total 53248K, used 53242K [0x00000000eab00000, 0x00000000ee300000, 0x0000000100000000)
  eden space 49152K, 100% used [0x00000000eab00000,0x00000000edb00000,0x00000000edb00000)
  from space 4096K, 99% used [0x00000000edf00000,0x00000000ee2feb40,0x00000000ee300000)
  to   space 4096K, 0% used [0x00000000edb00000,0x00000000edb00000,0x00000000edf00000)
 ParOldGen       total 65536K, used 1725K [0x00000000c0000000, 0x00000000c4000000, 0x00000000eab00000)
  object space 65536K, 2% used [0x00000000c0000000,0x00000000c01af788,0x00000000c4000000)
 Metaspace       used 6218K, capacity 7088K, committed 7296K, reserved 1056768K
  class space    used 604K, capacity 616K, committed 640K, reserved 1048576K
Event: 4.017 GC heap after
Heap after GC invocations=3 (full 0):
 PSYoungGen      total 53248K, used 4095K [0x00000000eab00000, 0x00000000f1300000, 0x0000000100000000)
  eden space 49152K, 0% used [0x00000000eab00000,0x00000000eab00000,0x00000000edb00000)
  from space 4096K, 99% used [0x00000000edb00000,0x00000000edeffe78,0x00000000edf00000)
  to   space 4096K, 0% used [0x00000000f0f00000,0x00000000f0f00000,0x00000000f1300000)
 ParOldGen       total 65536K, used 8627K [0x00000000c0000000, 0x00000000c4000000, 0x00000000eab00000)
  object space 65536K, 13% used [0x00000000c0000000,0x00000000c086cdf0,0x00000000c4000000)
 Metaspace       used 6218K, capacity 7088K, committed 7296K, reserved 1056768K
  class space    used 604K, capacity 616K, committed 640K, reserved 1048576K
}
Event: 4.757 GC heap before
{Heap before GC invocations=4 (full 0):
 PSYoungGen      total 53248K, used 53247K [0x00000000eab00000, 0x00000000f1300000, 0x0000000100000000)
  eden space 49152K, 100% used [0x00000000eab00000,0x00000000edb00000,0x00000000edb00000)
  from space 4096K, 99% used [0x00000000edb00000,0x00000000edeffe78,0x00000000edf00000)
  to   space 4096K, 0% used [0x00000000f0f00000,0x00000000f0f00000,0x00000000f1300000)
 ParOldGen       total 65536K, used 8627K [0x00000000c0000000, 0x00000000c4000000, 0x00000000eab00000)
  object space 65536K, 13% used [0x00000000c0000000,0x00000000c086cdf0,0x00000000c4000000)
 Metaspace       used 6248K, capacity 7152K, committed 7296K, reserved 1056768K
  class space    used 604K, capacity 616K, committed 640K, reserved 1048576K
Event: 4.777 GC heap after
Heap after GC invocations=4 (full 0):
 PSYoungGen      total 102400K, used 4094K [0x00000000eab00000, 0x00000000f1300000, 0x0000000100000000)
  eden space 98304K, 0% used [0x00000000eab00000,0x00000000eab00000,0x00000000f0b00000)
  from space 4096K, 99% used [0x00000000f0f00000,0x00000000f12ff870,0x00000000f1300000)
  to   space 4096K, 0% used [0x00000000f0b00000,0x00000000f0b00000,0x00000000f0f00000)
 ParOldGen       total 65536K, used 16624K [0x00000000c0000000, 0x00000000c4000000, 0x00000000eab00000)
  object space 65536K, 25% used [0x00000000c0000000,0x00000000c103c3f8,0x00000000c4000000)
 Metaspace       used 6248K, capacity 7152K, committed 7296K, reserved 1056768K
  class space    used 604K, capacity 616K, committed 640K, reserved 1048576K
}

Deoptimization events (10 events):
Event: 3.876 Thread 0x00000000586b2000 Uncommon trap: reason=bimorphic action=maybe_recompile pc=0x0000000002a8267c method=java.util.HashMap.getNode(ILjava/lang/Object;)Ljava/util/HashMap$Node; @ 126
Event: 3.876 Thread 0x00000000586b2000 Uncommon trap: reason=bimorphic action=maybe_recompile pc=0x0000000002a8267c method=java.util.HashMap.getNode(ILjava/lang/Object;)Ljava/util/HashMap$Node; @ 126
Event: 3.877 Thread 0x00000000586b2000 Uncommon trap: reason=class_check action=maybe_recompile pc=0x0000000002b6c8e4 method=java.util.HashMap.putVal(ILjava/lang/Object;Ljava/lang/Object;ZZ)Ljava/lang/Object; @ 203
Event: 3.877 Thread 0x00000000586b2000 Uncommon trap: reason=bimorphic action=maybe_recompile pc=0x0000000002a77834 method=java.util.HashMap.getNode(ILjava/lang/Object;)Ljava/util/HashMap$Node; @ 126
Event: 3.907 Thread 0x00000000586b2000 Uncommon trap: reason=unstable_if action=reinterpret pc=0x0000000002b9ae4c method=com.android.dx.ssa.SsaMethod.updateOneDefinition(Lcom/android/dx/ssa/SsaInsn;Lcom/android/dx/rop/code/RegisterSpec;)V @ 4
Event: 3.920 Thread 0x00000000586b2800 Uncommon trap: reason=unstable_if action=reinterpret pc=0x0000000002d6ca1c method=com.android.dx.ssa.SsaRenamer$BlockRenamer.visitMoveInsn(Lcom/android/dx/ssa/NormalSsaInsn;)V @ 104
Event: 4.395 Thread 0x00000000586b2800 Uncommon trap: reason=bimorphic action=maybe_recompile pc=0x0000000002d919f0 method=com.android.dx.cf.code.BytecodeArray.parseInstruction(ILcom/android/dx/cf/code/BytecodeArray$Visitor;)I @ 1501
Event: 4.397 Thread 0x00000000586b2800 Uncommon trap: reason=bimorphic action=maybe_recompile pc=0x0000000002d919f0 method=com.android.dx.cf.code.BytecodeArray.parseInstruction(ILcom/android/dx/cf/code/BytecodeArray$Visitor;)I @ 1501
Event: 4.794 Thread 0x00000000586af800 Uncommon trap: reason=bimorphic action=maybe_recompile pc=0x0000000002d929ec method=com.android.dx.cf.code.BytecodeArray.parseInstruction(ILcom/android/dx/cf/code/BytecodeArray$Visitor;)I @ 1130
Event: 4.795 Thread 0x00000000586af800 Uncommon trap: reason=bimorphic action=maybe_recompile pc=0x0000000002d929ec method=com.android.dx.cf.code.BytecodeArray.parseInstruction(ILcom/android/dx/cf/code/BytecodeArray$Visitor;)I @ 1130

Internal exceptions (3 events):
Event: 0.031 Thread 0x0000000001e6f000 Exception <a 'java/lang/NoSuchMethodError': Method sun.misc.Unsafe.defineClass(Ljava/lang/String;[BII)Ljava/lang/Class; name or signature does not match> (0x00000000eab0d7c0) thrown at [C:\re\workspace\8-2-build-windows-amd64-cygwin\jdk8u60\4407\hotspot\sr1ÄøLÕ ?
Event: 0.031 Thread 0x0000000001e6f000 Exception <a 'java/lang/NoSuchMethodError': Method sun.misc.Unsafe.prefetchRead(Ljava/lang/Object;J)V name or signature does not match> (0x00000000eab0daa8) thrown at [C:\re\workspace\8-2-build-windows-amd64-cygwin\jdk8u60\4407\hotspot\src\share\vm\prims\j>u5È
@
Event: 3.348 Thread 0x0000000056980800 Implicit null exception at 0x0000000002a78512 to 0x0000000002a78611

Events (10 events):
Event: 4.757 Executing VM operation: ParallelGCFailedAllocation
Event: 4.777 Executing VM operation: ParallelGCFailedAllocation done
Event: 4.794 Thread 0x00000000586af800 Uncommon trap: trap_request=0xffffffc6 fr.pc=0x0000000002d929ec
Event: 4.794 Thread 0x00000000586af800 DEOPT PACKING pc=0x0000000002d929ec sp=0x0000000058fcebd0
Event: 4.794 Thread 0x00000000586af800 DEOPT UNPACKING pc=0x00000000027f582a sp=0x0000000058fceb58 mode 2
Event: 4.795 Thread 0x00000000586af800 Uncommon trap: trap_request=0xffffffc6 fr.pc=0x0000000002d929ec
Event: 4.795 Thread 0x00000000586af800 DEOPT PACKING pc=0x0000000002d929ec sp=0x0000000058fcea20
Event: 4.795 Thread 0x00000000586af800 DEOPT UNPACKING pc=0x00000000027f582a sp=0x0000000058fce9a8 mode 2
Event: 4.846 Thread 0x00000000586b2800 DEOPT PACKING pc=0x0000000002c603d4 sp=0x00000000594be4b0
Event: 4.846 Thread 0x00000000586b2800 DEOPT UNPACKING pc=0x00000000027f787f sp=0x00000000594be1c0 mode 0


Dynamic libraries:
0x000000013fbb0000 - 0x000000013fbe7000 	C:\Program Files\Java\jdk1.8.0_60\bin\java.exe
0x0000000077730000 - 0x00000000778d9000 	C:\Windows\SYSTEM32\ntdll.dll
0x0000000077610000 - 0x000000007772f000 	C:\Windows\system32\kernel32.dll
0x000007fefd8c0000 - 0x000007fefd92b000 	C:\Windows\system32\KERNELBASE.dll
0x000007feff550000 - 0x000007feff62b000 	C:\Windows\system32\ADVAPI32.dll
0x000007fefdc10000 - 0x000007fefdcaf000 	C:\Windows\system32\msvcrt.dll
0x000007fefe1d0000 - 0x000007fefe1ef000 	C:\Windows\SYSTEM32\sechost.dll
0x000007fefe0a0000 - 0x000007fefe1cd000 	C:\Windows\system32\RPCRT4.dll
0x0000000077510000 - 0x000000007760a000 	C:\Windows\system32\USER32.dll
0x000007fefdd80000 - 0x000007fefdde7000 	C:\Windows\system32\GDI32.dll
0x000007fefdec0000 - 0x000007fefdece000 	C:\Windows\system32\LPK.dll
0x000007fefddf0000 - 0x000007fefdeb9000 	C:\Windows\system32\USP10.dll
0x000007fefc120000 - 0x000007fefc314000 	C:\Windows\WinSxS\amd64_microsoft.windows.common-controls_6595b64144ccf1df_6.0.7601.17514_none_fa396087175ac9ac\COMCTL32.dll
0x000007fefda80000 - 0x000007fefdaf1000 	C:\Windows\system32\SHLWAPI.dll
0x000007fefda50000 - 0x000007fefda7e000 	C:\Windows\system32\IMM32.DLL
0x000007fefdb00000 - 0x000007fefdc09000 	C:\Windows\system32\MSCTF.dll
0x000000005ee50000 - 0x000000005ef22000 	C:\Program Files\Java\jdk1.8.0_60\jre\bin\msvcr100.dll
0x000000006fd90000 - 0x0000000070619000 	C:\Program Files\Java\jdk1.8.0_60\jre\bin\server\jvm.dll
0x000007fefb200000 - 0x000007fefb209000 	C:\Windows\system32\WSOCK32.dll
0x000007fefdcb0000 - 0x000007fefdcfd000 	C:\Windows\system32\WS2_32.dll
0x000007fefe1f0000 - 0x000007fefe1f8000 	C:\Windows\system32\NSI.dll
0x000007fefbb70000 - 0x000007fefbbab000 	C:\Windows\system32\WINMM.dll
0x000007fefc7e0000 - 0x000007fefc7ec000 	C:\Windows\system32\VERSION.dll
0x0000000077900000 - 0x0000000077907000 	C:\Windows\system32\PSAPI.DLL
0x000000006c820000 - 0x000000006c82f000 	C:\Program Files\Java\jdk1.8.0_60\jre\bin\verify.dll
0x000000006c7a0000 - 0x000000006c7c9000 	C:\Program Files\Java\jdk1.8.0_60\jre\bin\java.dll
0x000000006c6a0000 - 0x000000006c6b6000 	C:\Program Files\Java\jdk1.8.0_60\jre\bin\zip.dll
0x000007fefe540000 - 0x000007feff2c8000 	C:\Windows\system32\SHELL32.dll
0x000007feff830000 - 0x000007feffa33000 	C:\Windows\system32\ole32.dll
0x000007fefd680000 - 0x000007fefd68f000 	C:\Windows\system32\profapi.dll

VM Arguments:
jvm_args: -Djava.awt.headless=true -Xmx1024M -Dfile.encoding=windows-1252 -Duser.country=US -Duser.language=en -Duser.variant 
java_command: com.android.dx.command.Main --dex --force-jumbo --num-threads=4 --output D:\project\AndroidStudioProjects\PersonalUtilitiesForLife\app\build\intermediates\pre-dexed\debug\com.android.support-support-v4-23.4.0_6fadf15d9745d9003036b551226c64a74b02b17e.jar D:\project\AndroidStudioProjects\PersonalUtilitiesForLife\app\build\intermediates\exploded-aar\com.android.support\support-v4\23.4.0\jars\classes.jar
java_class_path (initial): D:\Android\sdk\build-tools\23.0.3\lib\dx.jar
Launcher Type: SUN_STANDARD

Environment Variables:
JAVA_HOME=C:\Program Files\Java\jdk1.8.0_60
PATH=C:\ProgramData\Oracle\Java\javapath;C:\Program Files\Common Files\Microsoft Shared\Windows Live;C:\Program Files (x86)\HP SimplePass\x64;C:\Program Files (x86)\HP SimplePass\;;C:\Windows\system32;C:\Windows;C:\Windows\System32\Wbem;C:\Windows\System32\WindowsPowerShell\v1.0\;C:\Program Files (x86)\Java\jdk1.7.0_09\bin;C:\Strawberry\c\bin;C:\Strawberry\perl\site\bin;C:\Strawberry\perl\bin;C:\Program Files (x86)\Intel\OpenCL SDK\2.0\bin\x86;C:\Program Files (x86)\Intel\OpenCL SDK\2.0\bin\x64;C:\PROGRA~2\PICC;C:\Program Files (x86)\Microchip\xc16\v1.25\bin;C:\Program Files (x86)\Microchip\xc8\v1.35\bin;C:\Program Files\Java\jre1.8.0_65\bin;C:\Program Files\Java\jdk1.8.0_60\jre\bin;D:\Android\sdk\platform-tools;C:\Program Files\Common Files\Microsoft Shared\Windows Live;C:\Program Files\Java\jre1.8.0_65\bin
USERNAME=Nhut
OS=Windows_NT
PROCESSOR_IDENTIFIER=Intel64 Family 6 Model 42 Stepping 7, GenuineIntel



---------------  S Y S T E M  ---------------

OS: Windows 7 , 64 bit Build 7601 (6.1.7601.17514)

CPU:total 8 (4 cores per cpu, 2 threads per core) family 6 model 42 stepping 7, cmov, cx8, fxsr, mmx, sse, sse2, sse3, ssse3, sse4.1, sse4.2, popcnt, avx, aes, clmul, ht, tsc, tscinvbit

Memory: 4k page, physical 6238064k(394332k free), swap 8333368k(9840k free)

vm_info: Java HotSpot(TM) 64-Bit Server VM (25.60-b23) for windows-amd64 JRE (1.8.0_60-b27), built on Aug  4 2015 11:06:27 by "java_re" with MS VC++ 10.0 (VS2010)

time: Sun Jul 10 15:43:41 2016
elapsed time: 5 seconds (0d 0h 0m 5s)

