#
# There is insufficient memory for the Java Runtime Environment to continue.
# Native memory allocation (malloc) failed to allocate 964576 bytes for Chunk::new
# Possible reasons:
#   The system is out of physical RAM or swap space
#   In 32 bit mode, the process size limit was hit
# Possible solutions:
#   Reduce memory load on the system
#   Increase physical memory or swap space
#   Check if swap backing store is full
#   Use 64 bit Java on a 64 bit OS
#   Decrease Java heap size (-Xmx/-Xms)
#   Decrease number of Java threads
#   Decrease Java thread stack sizes (-Xss)
#   Set larger code cache with -XX:ReservedCodeCacheSize=
# This output file may be truncated or incomplete.
#
#  Out of Memory Error (allocation.cpp:390), pid=12964, tid=11764
#
# JRE version: Java(TM) SE Runtime Environment (8.0_60-b27) (build 1.8.0_60-b27)
# Java VM: Java HotSpot(TM) 64-Bit Server VM (25.60-b23 mixed mode windows-amd64 compressed oops)
# Failed to write core dump. Minidumps are not enabled by default on client versions of Windows
#

---------------  T H R E A D  ---------------

Current thread (0x00000000556bd000):  JavaThread "C2 CompilerThread2" daemon [_thread_in_native, id=11764, stack(0x0000000058100000,0x0000000058200000)]

Stack: [0x0000000058100000,0x0000000058200000]
[error occurred during error reporting (printing stack bounds), id 0xc0000005]

Native frames: (J=compiled Java code, j=interpreted, Vv=VM code, C=native code)


Current CompileTask:
C2:  16619 2492       4       com.android.dx.ssa.ConstCollector::getConstsSortedByCountUse (386 bytes)


---------------  P R O C E S S  ---------------

Java Threads: ( => current thread )
  0x00000000569de800 JavaThread "pool-1-thread-4" [_thread_in_Java, id=8152, stack(0x0000000058ea0000,0x0000000058fa0000)]
  0x00000000586cb800 JavaThread "pool-1-thread-3" [_thread_in_Java, id=12712, stack(0x0000000059360000,0x0000000059460000)]
  0x00000000588b8800 JavaThread "pool-1-thread-2" [_thread_in_Java, id=10432, stack(0x0000000057f70000,0x0000000058070000)]
  0x0000000056a4d800 JavaThread "pool-2-thread-1" [_thread_blocked, id=9372, stack(0x0000000059170000,0x0000000059270000)]
  0x0000000056a4b800 JavaThread "pool-1-thread-1" [_thread_in_Java, id=12792, stack(0x0000000058fb0000,0x00000000590b0000)]
  0x00000000556bf800 JavaThread "Service Thread" daemon [_thread_blocked, id=7704, stack(0x0000000058440000,0x0000000058540000)]
  0x00000000556be800 JavaThread "C1 CompilerThread3" daemon [_thread_blocked, id=5708, stack(0x00000000582d0000,0x00000000583d0000)]
=>0x00000000556bd000 JavaThread "C2 CompilerThread2" daemon [_thread_in_native, id=11764, stack(0x0000000058100000,0x0000000058200000)]
  0x00000000556ba000 JavaThread "C2 CompilerThread1" daemon [_thread_in_native, id=4496, stack(0x00000000579a0000,0x0000000057aa0000)]
  0x0000000056762800 JavaThread "C2 CompilerThread0" daemon [_thread_in_native, id=1116, stack(0x0000000057e60000,0x0000000057f60000)]
  0x0000000056761800 JavaThread "Attach Listener" daemon [_thread_blocked, id=12668, stack(0x0000000057ce0000,0x0000000057de0000)]
  0x0000000056760000 JavaThread "Signal Dispatcher" daemon [_thread_blocked, id=6824, stack(0x00000000577a0000,0x00000000578a0000)]
  0x00000000556ae000 JavaThread "Finalizer" daemon [_thread_blocked, id=12444, stack(0x0000000057b10000,0x0000000057c10000)]
  0x00000000556a6800 JavaThread "Reference Handler" daemon [_thread_blocked, id=8412, stack(0x00000000578a0000,0x00000000579a0000)]
  0x0000000001fae000 JavaThread "main" [_thread_blocked, id=12588, stack(0x00000000025d0000,0x00000000026d0000)]

Other Threads:
  0x0000000056712800 VMThread [stack: 0x0000000057670000,0x0000000057770000] [id=1968]
  0x000000005680f800 WatcherThread [stack: 0x0000000058580000,0x0000000058680000] [id=12320]

VM state:not at safepoint (normal execution)

VM Mutex/Monitor currently owned by a thread: None

Heap:
 PSYoungGen      total 206848K, used 83377K [0x00000000eab00000, 0x0000000100000000, 0x0000000100000000)
  eden space 116736K, 71% used [0x00000000eab00000,0x00000000efc6c788,0x00000000f1d00000)
  from space 90112K, 0% used [0x00000000fa800000,0x00000000fa800000,0x0000000100000000)
  to   space 116224K, 0% used [0x00000000f1d00000,0x00000000f1d00000,0x00000000f8e80000)
 ParOldGen       total 374784K, used 208385K [0x00000000c0000000, 0x00000000d6e00000, 0x00000000eab00000)
  object space 374784K, 55% used [0x00000000c0000000,0x00000000ccb807c0,0x00000000d6e00000)
 Metaspace       used 6512K, capacity 7256K, committed 7424K, reserved 1056768K
  class space    used 624K, capacity 656K, committed 768K, reserved 1048576K

Card table byte_map: [0x0000000011d60000,0x0000000011f70000] byte_map_base: 0x0000000011760000

Marking Bits: (ParMarkBitMap*) 0x000000007059a5b0
 Begin Bits: [0x0000000012ac0000, 0x0000000013ac0000)
 End Bits:   [0x0000000013ac0000, 0x0000000014ac0000)

Polling page: 0x0000000000130000

CodeCache: size=245760Kb used=10726Kb max_used=10738Kb free=235033Kb
 bounds [0x00000000029a0000, 0x0000000003430000, 0x00000000119a0000]
 total_blobs=2574 nmethods=2305 adapters=181
 compilation: enabled

Compilation events (10 events):
Event: 16.476 Thread 0x0000000056762800 nmethod 2494% 0x00000000033e7dd0 code [0x00000000033e7f80, 0x00000000033e8ef8]
Event: 16.477 Thread 0x0000000056762800 2495       4       com.android.dx.ssa.back.LivenessAnalyzer::constructInterferenceGraph (47 bytes)
Event: 16.490 Thread 0x00000000556be800 2496       3       com.android.dx.ssa.back.FirstFitLocalCombiningAllocator::handleCheckCastResults (413 bytes)
Event: 16.497 Thread 0x00000000556be800 nmethod 2496 0x0000000003411490 code [0x0000000003411a20, 0x00000000034155b8]
Event: 16.538 Thread 0x0000000056762800 nmethod 2495 0x00000000033f3390 code [0x00000000033f35a0, 0x00000000033f4838]
Event: 16.538 Thread 0x0000000056762800 2498       4       com.android.dx.ssa.SsaMethod::makeExitBlock (134 bytes)
Event: 16.594 Thread 0x0000000056762800 nmethod 2498 0x0000000003425990 code [0x0000000003425b80, 0x00000000034267e8]
Event: 16.594 Thread 0x0000000056762800 2500 %     4       com.android.dx.ssa.SCCP::<init> @ 113 (142 bytes)
Event: 16.602 Thread 0x0000000056762800 nmethod 2500% 0x00000000033b2b50 code [0x00000000033b2ca0, 0x00000000033b2e58]
Event: 16.602 Thread 0x0000000056762800 2503       4       com.android.dx.cf.code.BytecodeArray::processWorkSet (50 bytes)

GC Heap History (10 events):
Event: 12.309 GC heap before
{Heap before GC invocations=9 (full 1):
 PSYoungGen      total 221184K, used 211088K [0x00000000eab00000, 0x0000000100000000, 0x0000000100000000)
  eden space 193536K, 100% used [0x00000000eab00000,0x00000000f6800000,0x00000000f6800000)
  from space 27648K, 63% used [0x00000000f6800000,0x00000000f7924048,0x00000000f8300000)
  to   space 55808K, 0% used [0x00000000fc980000,0x00000000fc980000,0x0000000100000000)
 ParOldGen       total 161280K, used 86791K [0x00000000c0000000, 0x00000000c9d80000, 0x00000000eab00000)
  object space 161280K, 53% used [0x00000000c0000000,0x00000000c54c1e40,0x00000000c9d80000)
 Metaspace       used 6512K, capacity 7256K, committed 7424K, reserved 1056768K
  class space    used 624K, capacity 656K, committed 768K, reserved 1048576K
Event: 12.580 GC heap after
Heap after GC invocations=9 (full 1):
 PSYoungGen      total 224768K, used 55802K [0x00000000eab00000, 0x0000000100000000, 0x0000000100000000)
  eden space 168960K, 0% used [0x00000000eab00000,0x00000000eab00000,0x00000000f5000000)
  from space 55808K, 99% used [0x00000000fc980000,0x00000000ffffea90,0x0000000100000000)
  to   space 90112K, 0% used [0x00000000f5000000,0x00000000f5000000,0x00000000fa800000)
 ParOldGen       total 161280K, used 140860K [0x00000000c0000000, 0x00000000c9d80000, 0x00000000eab00000)
  object space 161280K, 87% used [0x00000000c0000000,0x00000000c898f128,0x00000000c9d80000)
 Metaspace       used 6512K, capacity 7256K, committed 7424K, reserved 1056768K
  class space    used 624K, capacity 656K, committed 768K, reserved 1048576K
}
Event: 12.580 GC heap before
{Heap before GC invocations=10 (full 2):
 PSYoungGen      total 224768K, used 55802K [0x00000000eab00000, 0x0000000100000000, 0x0000000100000000)
  eden space 168960K, 0% used [0x00000000eab00000,0x00000000eab00000,0x00000000f5000000)
  from space 55808K, 99% used [0x00000000fc980000,0x00000000ffffea90,0x0000000100000000)
  to   space 90112K, 0% used [0x00000000f5000000,0x00000000f5000000,0x00000000fa800000)
 ParOldGen       total 161280K, used 140860K [0x00000000c0000000, 0x00000000c9d80000, 0x00000000eab00000)
  object space 161280K, 87% used [0x00000000c0000000,0x00000000c898f128,0x00000000c9d80000)
 Metaspace       used 6512K, capacity 7256K, committed 7424K, reserved 1056768K
  class space    used 624K, capacity 656K, committed 768K, reserved 1048576K
Event: 13.509 GC heap after
Heap after GC invocations=10 (full 2):
 PSYoungGen      total 224768K, used 27348K [0x00000000eab00000, 0x0000000100000000, 0x0000000100000000)
  eden space 168960K, 0% used [0x00000000eab00000,0x00000000eab00000,0x00000000f5000000)
  from space 55808K, 49% used [0x00000000fc980000,0x00000000fe4352f0,0x0000000100000000)
  to   space 90112K, 0% used [0x00000000f5000000,0x00000000f5000000,0x00000000fa800000)
 ParOldGen       total 279040K, used 160830K [0x00000000c0000000, 0x00000000d1080000, 0x00000000eab00000)
  object space 279040K, 57% used [0x00000000c0000000,0x00000000c9d0f910,0x00000000d1080000)
 Metaspace       used 6512K, capacity 7256K, committed 7424K, reserved 1056768K
  class space    used 624K, capacity 656K, committed 768K, reserved 1048576K
}
Event: 14.375 GC heap before
{Heap before GC invocations=11 (full 2):
 PSYoungGen      total 224768K, used 196308K [0x00000000eab00000, 0x0000000100000000, 0x0000000100000000)
  eden space 168960K, 100% used [0x00000000eab00000,0x00000000f5000000,0x00000000f5000000)
  from space 55808K, 49% used [0x00000000fc980000,0x00000000fe4352f0,0x0000000100000000)
  to   space 90112K, 0% used [0x00000000f5000000,0x00000000f5000000,0x00000000fa800000)
 ParOldGen       total 279040K, used 160830K [0x00000000c0000000, 0x00000000d1080000, 0x00000000eab00000)
  object space 279040K, 57% used [0x00000000c0000000,0x00000000c9d0f910,0x00000000d1080000)
 Metaspace       used 6512K, capacity 7256K, committed 7424K, reserved 1056768K
  class space    used 624K, capacity 656K, committed 768K, reserved 1048576K
Event: 14.508 GC heap after
Heap after GC invocations=11 (full 2):
 PSYoungGen      total 259072K, used 90111K [0x00000000eab00000, 0x0000000100000000, 0x0000000100000000)
  eden space 168960K, 0% used [0x00000000eab00000,0x00000000eab00000,0x00000000f5000000)
  from space 90112K, 99% used [0x00000000f5000000,0x00000000fa7ffdd0,0x00000000fa800000)
  to   space 90112K, 0% used [0x00000000fa800000,0x00000000fa800000,0x0000000100000000)
 ParOldGen       total 279040K, used 166075K [0x00000000c0000000, 0x00000000d1080000, 0x00000000eab00000)
  object space 279040K, 59% used [0x00000000c0000000,0x00000000ca22ed70,0x00000000d1080000)
 Metaspace       used 6512K, capacity 7256K, committed 7424K, reserved 1056768K
  class space    used 624K, capacity 656K, committed 768K, reserved 1048576K
}
Event: 14.876 GC heap before
{Heap before GC invocations=12 (full 2):
 PSYoungGen      total 259072K, used 259071K [0x00000000eab00000, 0x0000000100000000, 0x0000000100000000)
  eden space 168960K, 100% used [0x00000000eab00000,0x00000000f5000000,0x00000000f5000000)
  from space 90112K, 99% used [0x00000000f5000000,0x00000000fa7ffdd0,0x00000000fa800000)
  to   space 90112K, 0% used [0x00000000fa800000,0x00000000fa800000,0x0000000100000000)
 ParOldGen       total 279040K, used 166075K [0x00000000c0000000, 0x00000000d1080000, 0x00000000eab00000)
  object space 279040K, 59% used [0x00000000c0000000,0x00000000ca22ed70,0x00000000d1080000)
 Metaspace       used 6512K, capacity 7256K, committed 7424K, reserved 1056768K
  class space    used 624K, capacity 656K, committed 768K, reserved 1048576K
Event: 15.011 GC heap after
Heap after GC invocations=12 (full 2):
 PSYoungGen      total 206848K, used 90102K [0x00000000eab00000, 0x0000000100000000, 0x0000000100000000)
  eden space 116736K, 0% used [0x00000000eab00000,0x00000000eab00000,0x00000000f1d00000)
  from space 90112K, 99% used [0x00000000fa800000,0x00000000ffffd848,0x0000000100000000)
  to   space 116224K, 0% used [0x00000000f1d00000,0x00000000f1d00000,0x00000000f8e80000)
 ParOldGen       total 279040K, used 247250K [0x00000000c0000000, 0x00000000d1080000, 0x00000000eab00000)
  object space 279040K, 88% used [0x00000000c0000000,0x00000000cf174820,0x00000000d1080000)
 Metaspace       used 6512K, capacity 7256K, committed 7424K, reserved 1056768K
  class space    used 624K, capacity 656K, committed 768K, reserved 1048576K
}
Event: 15.011 GC heap before
{Heap before GC invocations=13 (full 3):
 PSYoungGen      total 206848K, used 90102K [0x00000000eab00000, 0x0000000100000000, 0x0000000100000000)
  eden space 116736K, 0% used [0x00000000eab00000,0x00000000eab00000,0x00000000f1d00000)
  from space 90112K, 99% used [0x00000000fa800000,0x00000000ffffd848,0x0000000100000000)
  to   space 116224K, 0% used [0x00000000f1d00000,0x00000000f1d00000,0x00000000f8e80000)
 ParOldGen       total 279040K, used 247250K [0x00000000c0000000, 0x00000000d1080000, 0x00000000eab00000)
  object space 279040K, 88% used [0x00000000c0000000,0x00000000cf174820,0x00000000d1080000)
 Metaspace       used 6512K, capacity 7256K, committed 7424K, reserved 1056768K
  class space    used 624K, capacity 656K, committed 768K, reserved 1048576K
Event: 16.426 GC heap after
Heap after GC invocations=13 (full 3):
 PSYoungGen      total 206848K, used 0K [0x00000000eab00000, 0x0000000100000000, 0x0000000100000000)
  eden space 116736K, 0% used [0x00000000eab00000,0x00000000eab00000,0x00000000f1d00000)
  from space 90112K, 0% used [0x00000000fa800000,0x00000000fa800000,0x0000000100000000)
  to   space 116224K, 0% used [0x00000000f1d00000,0x00000000f1d00000,0x00000000f8e80000)
 ParOldGen       total 374784K, used 208385K [0x00000000c0000000, 0x00000000d6e00000, 0x00000000eab00000)
  object space 374784K, 55% used [0x00000000c0000000,0x00000000ccb807c0,0x00000000d6e00000)
 Metaspace       used 6512K, capacity 7256K, committed 7424K, reserved 1056768K
  class space    used 624K, capacity 656K, committed 768K, reserved 1048576K
}

Deoptimization events (10 events):
Event: 12.241 Thread 0x00000000586cb800 Uncommon trap: reason=unstable_if action=reinterpret pc=0x0000000002c2dec0 method=com.android.dx.ssa.SetFactory.makeLivenessSet(I)Lcom/android/dx/util/IntSet; @ 4
Event: 12.249 Thread 0x00000000586cb800 Uncommon trap: reason=class_check action=maybe_recompile pc=0x0000000002c7851c method=com.android.dx.ssa.back.InterferenceGraph.add(II)V @ 19
Event: 12.249 Thread 0x00000000586cb800 Uncommon trap: reason=class_check action=maybe_recompile pc=0x0000000002c7851c method=com.android.dx.ssa.back.InterferenceGraph.add(II)V @ 19
Event: 12.249 Thread 0x00000000586cb800 Uncommon trap: reason=class_check action=maybe_recompile pc=0x0000000002c7851c method=com.android.dx.ssa.back.InterferenceGraph.add(II)V @ 19
Event: 12.249 Thread 0x00000000586cb800 Uncommon trap: reason=class_check action=maybe_recompile pc=0x0000000002c7851c method=com.android.dx.ssa.back.InterferenceGraph.add(II)V @ 19
Event: 13.530 Thread 0x00000000586cb800 Uncommon trap: reason=class_check action=maybe_recompile pc=0x00000000030fc510 method=com.android.dx.ssa.back.InterferenceGraph.mergeInterferenceSet(ILcom/android/dx/util/IntSet;)V @ 20
Event: 13.532 Thread 0x00000000586cb800 Uncommon trap: reason=class_check action=maybe_recompile pc=0x00000000030fc510 method=com.android.dx.ssa.back.InterferenceGraph.mergeInterferenceSet(ILcom/android/dx/util/IntSet;)V @ 20
Event: 13.532 Thread 0x00000000586cb800 Uncommon trap: reason=class_check action=maybe_recompile pc=0x00000000030fc510 method=com.android.dx.ssa.back.InterferenceGraph.mergeInterferenceSet(ILcom/android/dx/util/IntSet;)V @ 20
Event: 13.540 Thread 0x00000000586cb800 Uncommon trap: reason=class_check action=maybe_recompile pc=0x00000000030fc510 method=com.android.dx.ssa.back.InterferenceGraph.mergeInterferenceSet(ILcom/android/dx/util/IntSet;)V @ 20
Event: 13.588 Thread 0x0000000056a4b800 Uncommon trap: reason=class_check action=maybe_recompile pc=0x0000000003259690 method=com.android.dx.ssa.SsaConverter.placePhiFunctions(Lcom/android/dx/ssa/SsaMethod;Lcom/android/dx/ssa/LocalVariableInfo;I)V @ 257

Internal exceptions (6 events):
Event: 0.052 Thread 0x0000000001fae000 Exception <a 'java/lang/NoSuchMethodError': Method sun.misc.Unsafe.defineClass(Ljava/lang/String;[BII)Ljava/lang/Class; name or signature does not match> (0x00000000eab0d7e8) thrown at [C:\re\workspace\8-2-build-windows-amd64-cygwin\jdk8u60\4407\hotspot\sré∏ç™?
Event: 0.052 Thread 0x0000000001fae000 Exception <a 'java/lang/NoSuchMethodError': Method sun.misc.Unsafe.prefetchRead(Ljava/lang/Object;J)V name or signature does not match> (0x00000000eab0dad0) thrown at [C:\re\workspace\8-2-build-windows-amd64-cygwin\jdk8u60\4407\hotspot\src\share\vm\prims\j1mG¨Ê?
Event: 0.689 Thread 0x0000000056a4b800 Implicit null exception at 0x0000000002bee8d2 to 0x0000000002bee9c2
Event: 1.724 Thread 0x00000000569de800 Exception <a 'java/lang/ArrayIndexOutOfBoundsException': 18> (0x00000000ebcffee8) thrown at [C:\re\workspace\8-2-build-windows-amd64-cygwin\jdk8u60\4407\hotspot\src\share\vm\interpreter\interpreterRuntime.cpp, line 366]
Event: 1.724 Thread 0x00000000569de800 Exception <a 'java/lang/ArrayIndexOutOfBoundsException': 145> (0x00000000ebd01a68) thrown at [C:\re\workspace\8-2-build-windows-amd64-cygwin\jdk8u60\4407\hotspot\src\share\vm\interpreter\interpreterRuntime.cpp, line 366]
Event: 1.726 Thread 0x00000000569de800 Exception <a 'java/lang/ArrayIndexOutOfBoundsException': 40> (0x00000000ebd02d50) thrown at [C:\re\workspace\8-2-build-windows-amd64-cygwin\jdk8u60\4407\hotspot\src\share\vm\interpreter\interpreterRuntime.cpp, line 366]

Events (10 events):
Event: 16.536 Thread 0x0000000056a4b800 DEOPT PACKING pc=0x0000000002d6dc8f sp=0x00000000590ae540
Event: 16.536 Thread 0x0000000056a4b800 DEOPT UNPACKING pc=0x00000000029e787f sp=0x00000000590ae308 mode 0
Event: 16.537 Thread 0x00000000569de800 DEOPT PACKING pc=0x00000000030ccb53 sp=0x0000000058f9edf0
Event: 16.537 Thread 0x00000000569de800 DEOPT UNPACKING pc=0x00000000029e787f sp=0x0000000058f9ebb0 mode 0
Event: 16.550 Thread 0x0000000056a4b800 DEOPT PACKING pc=0x00000000030823d7 sp=0x00000000590ae5a0
Event: 16.550 Thread 0x0000000056a4b800 DEOPT UNPACKING pc=0x00000000029e787f sp=0x00000000590ae310 mode 0
Event: 16.559 Thread 0x0000000056a4b800 DEOPT PACKING pc=0x00000000030e9435 sp=0x00000000590ae640
Event: 16.559 Thread 0x0000000056a4b800 DEOPT UNPACKING pc=0x00000000029e787f sp=0x00000000590ae3f0 mode 0
Event: 16.601 Thread 0x0000000056a4b800 DEOPT PACKING pc=0x0000000002fe98ae sp=0x00000000590ae5b0
Event: 16.601 Thread 0x0000000056a4b800 DEOPT UNPACKING pc=0x00000000029e787f sp=0x00000000590ae310 mode 0


Dynamic libraries:
0x000000013fbb0000 - 0x000000013fbe7000 	C:\Program Files\Java\jdk1.8.0_60\bin\java.exe
0x0000000077730000 - 0x00000000778d9000 	C:\Windows\SYSTEM32\ntdll.dll
0x0000000077610000 - 0x000000007772f000 	C:\Windows\system32\kernel32.dll
0x000007fefd8c0000 - 0x000007fefd92b000 	C:\Windows\system32\KERNELBASE.dll
0x000007feff550000 - 0x000007feff62b000 	C:\Windows\system32\ADVAPI32.dll
0x000007fefdc10000 - 0x000007fefdcaf000 	C:\Windows\system32\msvcrt.dll
0x000007fefe1d0000 - 0x000007fefe1ef000 	C:\Windows\SYSTEM32\sechost.dll
0x000007fefe0a0000 - 0x000007fefe1cd000 	C:\Windows\system32\RPCRT4.dll
0x0000000077510000 - 0x000000007760a000 	C:\Windows\system32\USER32.dll
0x000007fefdd80000 - 0x000007fefdde7000 	C:\Windows\system32\GDI32.dll
0x000007fefdec0000 - 0x000007fefdece000 	C:\Windows\system32\LPK.dll
0x000007fefddf0000 - 0x000007fefdeb9000 	C:\Windows\system32\USP10.dll
0x000007fefc120000 - 0x000007fefc314000 	C:\Windows\WinSxS\amd64_microsoft.windows.common-controls_6595b64144ccf1df_6.0.7601.17514_none_fa396087175ac9ac\COMCTL32.dll
0x000007fefda80000 - 0x000007fefdaf1000 	C:\Windows\system32\SHLWAPI.dll
0x000007fefda50000 - 0x000007fefda7e000 	C:\Windows\system32\IMM32.DLL
0x000007fefdb00000 - 0x000007fefdc09000 	C:\Windows\system32\MSCTF.dll
0x000000005ee50000 - 0x000000005ef22000 	C:\Program Files\Java\jdk1.8.0_60\jre\bin\msvcr100.dll
0x000000006fd90000 - 0x0000000070619000 	C:\Program Files\Java\jdk1.8.0_60\jre\bin\server\jvm.dll
0x000007fefb200000 - 0x000007fefb209000 	C:\Windows\system32\WSOCK32.dll
0x000007fefdcb0000 - 0x000007fefdcfd000 	C:\Windows\system32\WS2_32.dll
0x000007fefe1f0000 - 0x000007fefe1f8000 	C:\Windows\system32\NSI.dll
0x000007fefbb70000 - 0x000007fefbbab000 	C:\Windows\system32\WINMM.dll
0x000007fefc7e0000 - 0x000007fefc7ec000 	C:\Windows\system32\VERSION.dll
0x0000000077900000 - 0x0000000077907000 	C:\Windows\system32\PSAPI.DLL
0x000000006c820000 - 0x000000006c82f000 	C:\Program Files\Java\jdk1.8.0_60\jre\bin\verify.dll
0x000000006c7a0000 - 0x000000006c7c9000 	C:\Program Files\Java\jdk1.8.0_60\jre\bin\java.dll
0x000000006c6a0000 - 0x000000006c6b6000 	C:\Program Files\Java\jdk1.8.0_60\jre\bin\zip.dll
0x000007fefe540000 - 0x000007feff2c8000 	C:\Windows\system32\SHELL32.dll
0x000007feff830000 - 0x000007feffa33000 	C:\Windows\system32\ole32.dll
0x000007fefd680000 - 0x000007fefd68f000 	C:\Windows\system32\profapi.dll

VM Arguments:
jvm_args: -Djava.awt.headless=true -Xmx1024M -Dfile.encoding=windows-1252 -Duser.country=US -Duser.language=en -Duser.variant 
java_command: com.android.dx.command.Main --dex --force-jumbo --num-threads=4 --output D:\project\AndroidStudioProjects\PersonalUtilitiesForLife\app\build\intermediates\pre-dexed\debug\com.google.android.gms-play-services-ads-9.0.2_940e0f1515ab20e7d388f1541c7abdcfd6b82fc2.jar D:\project\AndroidStudioProjects\PersonalUtilitiesForLife\app\build\intermediates\exploded-aar\com.google.android.gms\play-services-ads\9.0.2\jars\classes.jar
java_class_path (initial): D:\Android\sdk\build-tools\23.0.3\lib\dx.jar
Launcher Type: SUN_STANDARD

Environment Variables:
JAVA_HOME=C:\Program Files\Java\jdk1.8.0_60
PATH=C:\ProgramData\Oracle\Java\javapath;C:\Program Files\Common Files\Microsoft Shared\Windows Live;C:\Program Files (x86)\HP SimplePass\x64;C:\Program Files (x86)\HP SimplePass\;;C:\Windows\system32;C:\Windows;C:\Windows\System32\Wbem;C:\Windows\System32\WindowsPowerShell\v1.0\;C:\Program Files (x86)\Java\jdk1.7.0_09\bin;C:\Strawberry\c\bin;C:\Strawberry\perl\site\bin;C:\Strawberry\perl\bin;C:\Program Files (x86)\Intel\OpenCL SDK\2.0\bin\x86;C:\Program Files (x86)\Intel\OpenCL SDK\2.0\bin\x64;C:\PROGRA~2\PICC;C:\Program Files (x86)\Microchip\xc16\v1.25\bin;C:\Program Files (x86)\Microchip\xc8\v1.35\bin;C:\Program Files\Java\jre1.8.0_65\bin;C:\Program Files\Java\jdk1.8.0_60\jre\bin;D:\Android\sdk\platform-tools;C:\Program Files\Common Files\Microsoft Shared\Windows Live;C:\Program Files\Java\jre1.8.0_65\bin
USERNAME=Nhut
OS=Windows_NT
PROCESSOR_IDENTIFIER=Intel64 Family 6 Model 42 Stepping 7, GenuineIntel



---------------  S Y S T E M  ---------------

OS: Windows 7 , 64 bit Build 7601 (6.1.7601.17514)

CPU:total 8 (4 cores per cpu, 2 threads per core) family 6 model 42 stepping 7, cmov, cx8, fxsr, mmx, sse, sse2, sse3, ssse3, sse4.1, sse4.2, popcnt, avx, aes, clmul, ht, tsc, tscinvbit

Memory: 4k page, physical 6238064k(500464k free), swap 8333368k(5272k free)

vm_info: Java HotSpot(TM) 64-Bit Server VM (25.60-b23) for windows-amd64 JRE (1.8.0_60-b27), built on Aug  4 2015 11:06:27 by "java_re" with MS VC++ 10.0 (VS2010)

time: Sun Jul 10 15:45:07 2016
elapsed time: 16 seconds (0d 0h 0m 16s)

