#
# There is insufficient memory for the Java Runtime Environment to continue.
# Native memory allocation (malloc) failed to allocate 32880 bytes for Chunk::new
# Possible reasons:
#   The system is out of physical RAM or swap space
#   In 32 bit mode, the process size limit was hit
# Possible solutions:
#   Reduce memory load on the system
#   Increase physical memory or swap space
#   Check if swap backing store is full
#   Use 64 bit Java on a 64 bit OS
#   Decrease Java heap size (-Xmx/-Xms)
#   Decrease number of Java threads
#   Decrease Java thread stack sizes (-Xss)
#   Set larger code cache with -XX:ReservedCodeCacheSize=
# This output file may be truncated or incomplete.
#
#  Out of Memory Error (allocation.cpp:390), pid=12472, tid=12424
#
# JRE version: Java(TM) SE Runtime Environment (8.0_60-b27) (build 1.8.0_60-b27)
# Java VM: Java HotSpot(TM) 64-Bit Server VM (25.60-b23 mixed mode windows-amd64 compressed oops)
# Failed to write core dump. Minidumps are not enabled by default on client versions of Windows
#

---------------  T H R E A D  ---------------

Current thread (0x000000005588b000):  JavaThread "C2 CompilerThread1" daemon [_thread_in_native, id=12424, stack(0x0000000057fa0000,0x00000000580a0000)]

Stack: [0x0000000057fa0000,0x00000000580a0000]
[error occurred during error reporting (printing stack bounds), id 0xc0000005]

Native frames: (J=compiled Java code, j=interpreted, Vv=VM code, C=native code)


Current CompileTask:
C2:  17145 2559       4       com.android.dx.ssa.SsaBasicBlock::getPhiInsns (13 bytes)


---------------  P R O C E S S  ---------------

Java Threads: ( => current thread )
  0x0000000056a5b800 JavaThread "pool-1-thread-4" [_thread_blocked, id=12340, stack(0x0000000058fb0000,0x00000000590b0000)]
  0x0000000056a57800 JavaThread "pool-1-thread-3" [_thread_blocked, id=12432, stack(0x0000000059250000,0x0000000059350000)]
  0x0000000056a5a000 JavaThread "pool-1-thread-2" [_thread_blocked, id=12428, stack(0x00000000590e0000,0x00000000591e0000)]
  0x0000000056a23800 JavaThread "pool-2-thread-1" [_thread_blocked, id=9564, stack(0x0000000058e80000,0x0000000058f80000)]
  0x0000000056a23000 JavaThread "pool-1-thread-1" [_thread_blocked, id=7204, stack(0x0000000058c70000,0x0000000058d70000)]
  0x00000000567b4800 JavaThread "Service Thread" daemon [_thread_blocked, id=13196, stack(0x0000000058200000,0x0000000058300000)]
  0x0000000056763000 JavaThread "C1 CompilerThread3" daemon [_thread_blocked, id=13228, stack(0x0000000058350000,0x0000000058450000)]
  0x0000000056747000 JavaThread "C2 CompilerThread2" daemon [_thread_in_native, id=12344, stack(0x00000000580e0000,0x00000000581e0000)]
=>0x000000005588b000 JavaThread "C2 CompilerThread1" daemon [_thread_in_native, id=12424, stack(0x0000000057fa0000,0x00000000580a0000)]
  0x0000000056711800 JavaThread "C2 CompilerThread0" daemon [_thread_in_native, id=13268, stack(0x0000000057e20000,0x0000000057f20000)]
  0x0000000056710800 JavaThread "Attach Listener" daemon [_thread_blocked, id=13256, stack(0x0000000057ce0000,0x0000000057de0000)]
  0x000000005670f800 JavaThread "Signal Dispatcher" daemon [_thread_blocked, id=10600, stack(0x0000000057bd0000,0x0000000057cd0000)]
  0x000000005587f800 JavaThread "Finalizer" daemon [_thread_blocked, id=12368, stack(0x0000000057a10000,0x0000000057b10000)]
  0x0000000055878800 JavaThread "Reference Handler" daemon [_thread_blocked, id=13008, stack(0x00000000577b0000,0x00000000578b0000)]
  0x0000000001f0e000 JavaThread "main" [_thread_blocked, id=12840, stack(0x0000000002390000,0x0000000002490000)]

Other Threads:
  0x00000000566c0800 VMThread [stack: 0x0000000057610000,0x0000000057710000] [id=6960]
  0x00000000567a7800 WatcherThread [stack: 0x00000000578d0000,0x00000000579d0000] [id=12436]

VM state:at safepoint (normal execution)

VM Mutex/Monitor currently owned by a thread:  ([mutex/lock_event])
[0x0000000001f0c850] Threads_lock - owner thread: 0x00000000566c0800
[0x0000000001f0cd50] Heap_lock - owner thread: 0x0000000056a23000

Heap:
 PSYoungGen      total 232960K, used 134746K [0x00000000eab00000, 0x0000000100000000, 0x0000000100000000)
  eden space 116736K, 100% used [0x00000000eab00000,0x00000000f1d00000,0x00000000f1d00000)
  from space 116224K, 15% used [0x00000000f1d00000,0x00000000f2e96bb0,0x00000000f8e80000)
  to   space 116224K, 0% used [0x00000000f8e80000,0x00000000f8e80000,0x0000000100000000)
 ParOldGen       total 156672K, used 156501K [0x00000000c0000000, 0x00000000c9900000, 0x00000000eab00000)
  object space 156672K, 99% used [0x00000000c0000000,0x00000000c98d5510,0x00000000c9900000)
 Metaspace       used 6516K, capacity 7256K, committed 7424K, reserved 1056768K
  class space    used 622K, capacity 656K, committed 768K, reserved 1048576K

Card table byte_map: [0x0000000011b20000,0x0000000011d30000] byte_map_base: 0x0000000011520000

Marking Bits: (ParMarkBitMap*) 0x000000007017a5b0
 Begin Bits: [0x0000000012c90000, 0x0000000013c90000)
 End Bits:   [0x0000000013c90000, 0x0000000014c90000)

Polling page: 0x0000000001d60000

CodeCache: size=245760Kb used=10803Kb max_used=10803Kb free=234957Kb
 bounds [0x0000000002760000, 0x0000000003200000, 0x0000000011760000]
 total_blobs=2598 nmethods=2329 adapters=181
 compilation: enabled

Compilation events (10 events):
Event: 16.525 Thread 0x0000000056763000 2613       2       com.android.dx.util.ByteArray::getByte (14 bytes)
Event: 16.525 Thread 0x0000000056763000 nmethod 2613 0x000000000318bf90 code [0x000000000318c100, 0x000000000318c2c8]
Event: 16.525 Thread 0x0000000056763000 2608       2       sun.util.calendar.AbstractCalendar::setTimeOfDay (116 bytes)
Event: 16.526 Thread 0x0000000056763000 nmethod 2608 0x00000000031ef9d0 code [0x00000000031efb40, 0x00000000031efea8]
Event: 16.526 Thread 0x0000000056763000 2609       2       sun.util.calendar.BaseCalendar::isLeapYear (12 bytes)
Event: 16.526 Thread 0x0000000056763000 nmethod 2609 0x00000000031ef490 code [0x00000000031ef600, 0x00000000031ef868]
Event: 16.526 Thread 0x0000000056763000 2610       2       sun.util.calendar.AbstractCalendar::getTimeOfDayValue (50 bytes)
Event: 16.527 Thread 0x0000000056763000 nmethod 2610 0x00000000031ef0d0 code [0x00000000031ef220, 0x00000000031ef3b0]
Event: 16.527 Thread 0x0000000056763000 2611       2       sun.util.calendar.BaseCalendar$Date::getCachedJan1 (5 bytes)
Event: 16.527 Thread 0x0000000056763000 nmethod 2611 0x00000000031eedd0 code [0x00000000031eef20, 0x00000000031ef070]

GC Heap History (10 events):
Event: 13.432 GC heap before
{Heap before GC invocations=14 (full 3):
 PSYoungGen      total 236032K, used 199268K [0x00000000eab00000, 0x0000000100000000, 0x0000000100000000)
  eden space 131072K, 100% used [0x00000000eab00000,0x00000000f2b00000,0x00000000f2b00000)
  from space 104960K, 64% used [0x00000000f9980000,0x00000000fdc192e0,0x0000000100000000)
  to   space 109056K, 0% used [0x00000000f2b00000,0x00000000f2b00000,0x00000000f9580000)
 ParOldGen       total 156672K, used 87940K [0x00000000c0000000, 0x00000000c9900000, 0x00000000eab00000)
  object space 156672K, 56% used [0x00000000c0000000,0x00000000c55e1288,0x00000000c9900000)
 Metaspace       used 6507K, capacity 7256K, committed 7424K, reserved 1056768K
  class space    used 622K, capacity 656K, committed 768K, reserved 1048576K
Event: 13.553 GC heap after
Heap after GC invocations=14 (full 3):
 PSYoungGen      total 226304K, used 94873K [0x00000000eab00000, 0x0000000100000000, 0x0000000100000000)
  eden space 131072K, 0% used [0x00000000eab00000,0x00000000eab00000,0x00000000f2b00000)
  from space 95232K, 99% used [0x00000000f2b00000,0x00000000f87a66a8,0x00000000f8800000)
  to   space 116224K, 0% used [0x00000000f8e80000,0x00000000f8e80000,0x0000000100000000)
 ParOldGen       total 156672K, used 87940K [0x00000000c0000000, 0x00000000c9900000, 0x00000000eab00000)
  object space 156672K, 56% used [0x00000000c0000000,0x00000000c55e1288,0x00000000c9900000)
 Metaspace       used 6507K, capacity 7256K, committed 7424K, reserved 1056768K
  class space    used 622K, capacity 656K, committed 768K, reserved 1048576K
}
Event: 13.814 GC heap before
{Heap before GC invocations=15 (full 3):
 PSYoungGen      total 226304K, used 225945K [0x00000000eab00000, 0x0000000100000000, 0x0000000100000000)
  eden space 131072K, 100% used [0x00000000eab00000,0x00000000f2b00000,0x00000000f2b00000)
  from space 95232K, 99% used [0x00000000f2b00000,0x00000000f87a66a8,0x00000000f8800000)
  to   space 116224K, 0% used [0x00000000f8e80000,0x00000000f8e80000,0x0000000100000000)
 ParOldGen       total 156672K, used 87940K [0x00000000c0000000, 0x00000000c9900000, 0x00000000eab00000)
  object space 156672K, 56% used [0x00000000c0000000,0x00000000c55e1288,0x00000000c9900000)
 Metaspace       used 6507K, capacity 7256K, committed 7424K, reserved 1056768K
  class space    used 622K, capacity 656K, committed 768K, reserved 1048576K
Event: 13.923 GC heap after
Heap after GC invocations=15 (full 3):
 PSYoungGen      total 232960K, used 112516K [0x00000000eab00000, 0x0000000100000000, 0x0000000100000000)
  eden space 116736K, 0% used [0x00000000eab00000,0x00000000eab00000,0x00000000f1d00000)
  from space 116224K, 96% used [0x00000000f8e80000,0x00000000ffc61008,0x0000000100000000)
  to   space 116224K, 0% used [0x00000000f1d00000,0x00000000f1d00000,0x00000000f8e80000)
 ParOldGen       total 156672K, used 87940K [0x00000000c0000000, 0x00000000c9900000, 0x00000000eab00000)
  object space 156672K, 56% used [0x00000000c0000000,0x00000000c55e1288,0x00000000c9900000)
 Metaspace       used 6507K, capacity 7256K, committed 7424K, reserved 1056768K
  class space    used 622K, capacity 656K, committed 768K, reserved 1048576K
}
Event: 14.066 GC heap before
{Heap before GC invocations=16 (full 3):
 PSYoungGen      total 232960K, used 229252K [0x00000000eab00000, 0x0000000100000000, 0x0000000100000000)
  eden space 116736K, 100% used [0x00000000eab00000,0x00000000f1d00000,0x00000000f1d00000)
  from space 116224K, 96% used [0x00000000f8e80000,0x00000000ffc61008,0x0000000100000000)
  to   space 116224K, 0% used [0x00000000f1d00000,0x00000000f1d00000,0x00000000f8e80000)
 ParOldGen       total 156672K, used 87940K [0x00000000c0000000, 0x00000000c9900000, 0x00000000eab00000)
  object space 156672K, 56% used [0x00000000c0000000,0x00000000c55e1288,0x00000000c9900000)
 Metaspace       used 6507K, capacity 7256K, committed 7424K, reserved 1056768K
  class space    used 622K, capacity 656K, committed 768K, reserved 1048576K
Event: 14.224 GC heap after
Heap after GC invocations=16 (full 3):
 PSYoungGen      total 232960K, used 96610K [0x00000000eab00000, 0x0000000100000000, 0x0000000100000000)
  eden space 116736K, 0% used [0x00000000eab00000,0x00000000eab00000,0x00000000f1d00000)
  from space 116224K, 83% used [0x00000000f1d00000,0x00000000f7b58ab8,0x00000000f8e80000)
  to   space 116224K, 0% used [0x00000000f8e80000,0x00000000f8e80000,0x0000000100000000)
 ParOldGen       total 156672K, used 111639K [0x00000000c0000000, 0x00000000c9900000, 0x00000000eab00000)
  object space 156672K, 71% used [0x00000000c0000000,0x00000000c6d05fa8,0x00000000c9900000)
 Metaspace       used 6507K, capacity 7256K, committed 7424K, reserved 1056768K
  class space    used 622K, capacity 656K, committed 768K, reserved 1048576K
}
Event: 14.224 GC heap before
{Heap before GC invocations=17 (full 4):
 PSYoungGen      total 232960K, used 96610K [0x00000000eab00000, 0x0000000100000000, 0x0000000100000000)
  eden space 116736K, 0% used [0x00000000eab00000,0x00000000eab00000,0x00000000f1d00000)
  from space 116224K, 83% used [0x00000000f1d00000,0x00000000f7b58ab8,0x00000000f8e80000)
  to   space 116224K, 0% used [0x00000000f8e80000,0x00000000f8e80000,0x0000000100000000)
 ParOldGen       total 156672K, used 111639K [0x00000000c0000000, 0x00000000c9900000, 0x00000000eab00000)
  object space 156672K, 71% used [0x00000000c0000000,0x00000000c6d05fa8,0x00000000c9900000)
 Metaspace       used 6507K, capacity 7256K, committed 7424K, reserved 1056768K
  class space    used 622K, capacity 656K, committed 768K, reserved 1048576K
Event: 15.170 GC heap after
Heap after GC invocations=17 (full 4):
 PSYoungGen      total 232960K, used 32358K [0x00000000eab00000, 0x0000000100000000, 0x0000000100000000)
  eden space 116736K, 0% used [0x00000000eab00000,0x00000000eab00000,0x00000000f1d00000)
  from space 116224K, 27% used [0x00000000f1d00000,0x00000000f3c99b30,0x00000000f8e80000)
  to   space 116224K, 0% used [0x00000000f8e80000,0x00000000f8e80000,0x0000000100000000)
 ParOldGen       total 156672K, used 156332K [0x00000000c0000000, 0x00000000c9900000, 0x00000000eab00000)
  object space 156672K, 99% used [0x00000000c0000000,0x00000000c98ab1b0,0x00000000c9900000)
 Metaspace       used 6507K, capacity 7256K, committed 7424K, reserved 1056768K
  class space    used 622K, capacity 656K, committed 768K, reserved 1048576K
}
Event: 15.452 GC heap before
{Heap before GC invocations=18 (full 5):
 PSYoungGen      total 232960K, used 149094K [0x00000000eab00000, 0x0000000100000000, 0x0000000100000000)
  eden space 116736K, 100% used [0x00000000eab00000,0x00000000f1d00000,0x00000000f1d00000)
  from space 116224K, 27% used [0x00000000f1d00000,0x00000000f3c99b30,0x00000000f8e80000)
  to   space 116224K, 0% used [0x00000000f8e80000,0x00000000f8e80000,0x0000000100000000)
 ParOldGen       total 156672K, used 156332K [0x00000000c0000000, 0x00000000c9900000, 0x00000000eab00000)
  object space 156672K, 99% used [0x00000000c0000000,0x00000000c98ab1b0,0x00000000c9900000)
 Metaspace       used 6507K, capacity 7256K, committed 7424K, reserved 1056768K
  class space    used 622K, capacity 656K, committed 768K, reserved 1048576K
Event: 16.303 GC heap after
Heap after GC invocations=18 (full 5):
 PSYoungGen      total 232960K, used 18010K [0x00000000eab00000, 0x0000000100000000, 0x0000000100000000)
  eden space 116736K, 0% used [0x00000000eab00000,0x00000000eab00000,0x00000000f1d00000)
  from space 116224K, 15% used [0x00000000f1d00000,0x00000000f2e96bb0,0x00000000f8e80000)
  to   space 116224K, 0% used [0x00000000f8e80000,0x00000000f8e80000,0x0000000100000000)
 ParOldGen       total 156672K, used 156501K [0x00000000c0000000, 0x00000000c9900000, 0x00000000eab00000)
  object space 156672K, 99% used [0x00000000c0000000,0x00000000c98d5510,0x00000000c9900000)
 Metaspace       used 6507K, capacity 7256K, committed 7424K, reserved 1056768K
  class space    used 622K, capacity 656K, committed 768K, reserved 1048576K
}

Deoptimization events (10 events):
Event: 6.272 Thread 0x0000000056a5a000 Uncommon trap: reason=unstable_if action=reinterpret pc=0x0000000002a5189c method=com.android.dx.ssa.SetFactory.makeLivenessSet(I)Lcom/android/dx/util/IntSet; @ 4
Event: 6.280 Thread 0x0000000056a5a000 Uncommon trap: reason=unstable_if action=reinterpret pc=0x0000000002ab2930 method=com.android.dx.ssa.SetFactory.makeLivenessSet(I)Lcom/android/dx/util/IntSet; @ 4
Event: 6.281 Thread 0x0000000056a5a000 Uncommon trap: reason=class_check action=maybe_recompile pc=0x0000000002aa384c method=com.android.dx.ssa.back.InterferenceGraph.add(II)V @ 19
Event: 6.281 Thread 0x0000000056a5a000 Uncommon trap: reason=class_check action=maybe_recompile pc=0x0000000002aa384c method=com.android.dx.ssa.back.InterferenceGraph.add(II)V @ 19
Event: 6.281 Thread 0x0000000056a5a000 Uncommon trap: reason=class_check action=maybe_recompile pc=0x0000000002aa384c method=com.android.dx.ssa.back.InterferenceGraph.add(II)V @ 19
Event: 6.281 Thread 0x0000000056a5a000 Uncommon trap: reason=class_check action=maybe_recompile pc=0x0000000002aa384c method=com.android.dx.ssa.back.InterferenceGraph.add(II)V @ 19
Event: 9.399 Thread 0x0000000001f0e000 Uncommon trap: reason=unstable_if action=reinterpret pc=0x0000000002d9c5c4 method=com.android.dx.ssa.MoveParamCombiner$1.visitNonMoveInsn(Lcom/android/dx/ssa/NormalSsaInsn;)V @ 27
Event: 12.343 Thread 0x0000000001f0e000 Uncommon trap: reason=unstable_if action=reinterpret pc=0x00000000031379d4 method=java.util.HashMap.putVal(ILjava/lang/Object;Ljava/lang/Object;ZZ)Ljava/lang/Object; @ 206
Event: 15.198 Thread 0x0000000056a23000 Uncommon trap: reason=bimorphic action=maybe_recompile pc=0x000000000315031c method=com.android.dx.cf.code.BytecodeArray.parseInstruction(ILcom/android/dx/cf/code/BytecodeArray$Visitor;)I @ 1357
Event: 15.199 Thread 0x0000000056a23000 Uncommon trap: reason=bimorphic action=maybe_recompile pc=0x000000000315031c method=com.android.dx.cf.code.BytecodeArray.parseInstruction(ILcom/android/dx/cf/code/BytecodeArray$Visitor;)I @ 1357

Internal exceptions (6 events):
Event: 0.051 Thread 0x0000000001f0e000 Exception <a 'java/lang/NoSuchMethodError': Method sun.misc.Unsafe.defineClass(Ljava/lang/String;[BII)Ljava/lang/Class; name or signature does not match> (0x00000000eab0d7e8) thrown at [C:\re\workspace\8-2-build-windows-amd64-cygwin\jdk8u60\4407\hotspot\sr)Áœ;?ª?
Event: 0.051 Thread 0x0000000001f0e000 Exception <a 'java/lang/NoSuchMethodError': Method sun.misc.Unsafe.prefetchRead(Ljava/lang/Object;J)V name or signature does not match> (0x00000000eab0dad0) thrown at [C:\re\workspace\8-2-build-windows-amd64-cygwin\jdk8u60\4407\hotspot\src\share\vm\prims\jàÈdâ£â?
Event: 0.583 Thread 0x0000000056a23000 Implicit null exception at 0x00000000029d3512 to 0x00000000029d3602
Event: 1.537 Thread 0x0000000056a23000 Exception <a 'java/lang/ArrayIndexOutOfBoundsException': 18> (0x00000000eb7e1f60) thrown at [C:\re\workspace\8-2-build-windows-amd64-cygwin\jdk8u60\4407\hotspot\src\share\vm\interpreter\interpreterRuntime.cpp, line 366]
Event: 1.538 Thread 0x0000000056a23000 Exception <a 'java/lang/ArrayIndexOutOfBoundsException': 145> (0x00000000eb7e3ae0) thrown at [C:\re\workspace\8-2-build-windows-amd64-cygwin\jdk8u60\4407\hotspot\src\share\vm\interpreter\interpreterRuntime.cpp, line 366]
Event: 1.539 Thread 0x0000000056a23000 Exception <a 'java/lang/ArrayIndexOutOfBoundsException': 40> (0x00000000eb7e4dc8) thrown at [C:\re\workspace\8-2-build-windows-amd64-cygwin\jdk8u60\4407\hotspot\src\share\vm\interpreter\interpreterRuntime.cpp, line 366]

Events (10 events):
Event: 16.447 Thread 0x0000000056a5b800 DEOPT PACKING pc=0x0000000002b47758 sp=0x00000000590aea40
Event: 16.447 Thread 0x0000000056a5b800 DEOPT UNPACKING pc=0x00000000027a787f sp=0x00000000590ae788 mode 0
Event: 16.477 Thread 0x0000000056a5b800 DEOPT PACKING pc=0x0000000002ef1728 sp=0x00000000590ae7c0
Event: 16.477 Thread 0x0000000056a5b800 DEOPT UNPACKING pc=0x00000000027a787f sp=0x00000000590ae5a8 mode 0
Event: 16.477 Thread 0x0000000056a5b800 DEOPT PACKING pc=0x0000000002ef63f6 sp=0x00000000590ae800
Event: 16.477 Thread 0x0000000056a5b800 DEOPT UNPACKING pc=0x00000000027a787f sp=0x00000000590ae590 mode 0
Event: 16.478 Thread 0x0000000056a5b800 DEOPT PACKING pc=0x0000000002b47758 sp=0x00000000590aea40
Event: 16.478 Thread 0x0000000056a5b800 DEOPT UNPACKING pc=0x00000000027a787f sp=0x00000000590ae788 mode 0
Event: 16.542 Thread 0x0000000056a5b800 DEOPT PACKING pc=0x0000000002ed8268 sp=0x00000000590aea30
Event: 16.542 Thread 0x0000000056a5b800 DEOPT UNPACKING pc=0x00000000027a787f sp=0x00000000590ae778 mode 0


Dynamic libraries:
0x000000013f7b0000 - 0x000000013f7e7000 	C:\Program Files\Java\jdk1.8.0_60\bin\java.exe
0x0000000077730000 - 0x00000000778d9000 	C:\Windows\SYSTEM32\ntdll.dll
0x0000000077610000 - 0x000000007772f000 	C:\Windows\system32\kernel32.dll
0x000007fefd8c0000 - 0x000007fefd92b000 	C:\Windows\system32\KERNELBASE.dll
0x000007feff550000 - 0x000007feff62b000 	C:\Windows\system32\ADVAPI32.dll
0x000007fefdc10000 - 0x000007fefdcaf000 	C:\Windows\system32\msvcrt.dll
0x000007fefe1d0000 - 0x000007fefe1ef000 	C:\Windows\SYSTEM32\sechost.dll
0x000007fefe0a0000 - 0x000007fefe1cd000 	C:\Windows\system32\RPCRT4.dll
0x0000000077510000 - 0x000000007760a000 	C:\Windows\system32\USER32.dll
0x000007fefdd80000 - 0x000007fefdde7000 	C:\Windows\system32\GDI32.dll
0x000007fefdec0000 - 0x000007fefdece000 	C:\Windows\system32\LPK.dll
0x000007fefddf0000 - 0x000007fefdeb9000 	C:\Windows\system32\USP10.dll
0x000007fefc120000 - 0x000007fefc314000 	C:\Windows\WinSxS\amd64_microsoft.windows.common-controls_6595b64144ccf1df_6.0.7601.17514_none_fa396087175ac9ac\COMCTL32.dll
0x000007fefda80000 - 0x000007fefdaf1000 	C:\Windows\system32\SHLWAPI.dll
0x000007fefda50000 - 0x000007fefda7e000 	C:\Windows\system32\IMM32.DLL
0x000007fefdb00000 - 0x000007fefdc09000 	C:\Windows\system32\MSCTF.dll
0x000000005de20000 - 0x000000005def2000 	C:\Program Files\Java\jdk1.8.0_60\jre\bin\msvcr100.dll
0x000000006f970000 - 0x00000000701f9000 	C:\Program Files\Java\jdk1.8.0_60\jre\bin\server\jvm.dll
0x000007fefb200000 - 0x000007fefb209000 	C:\Windows\system32\WSOCK32.dll
0x000007fefdcb0000 - 0x000007fefdcfd000 	C:\Windows\system32\WS2_32.dll
0x000007fefe1f0000 - 0x000007fefe1f8000 	C:\Windows\system32\NSI.dll
0x000007fefbb70000 - 0x000007fefbbab000 	C:\Windows\system32\WINMM.dll
0x000007fefc7e0000 - 0x000007fefc7ec000 	C:\Windows\system32\VERSION.dll
0x0000000077900000 - 0x0000000077907000 	C:\Windows\system32\PSAPI.DLL
0x000000006c7c0000 - 0x000000006c7cf000 	C:\Program Files\Java\jdk1.8.0_60\jre\bin\verify.dll
0x000000006c790000 - 0x000000006c7b9000 	C:\Program Files\Java\jdk1.8.0_60\jre\bin\java.dll
0x000000006c6c0000 - 0x000000006c6d6000 	C:\Program Files\Java\jdk1.8.0_60\jre\bin\zip.dll
0x000007fefe540000 - 0x000007feff2c8000 	C:\Windows\system32\SHELL32.dll
0x000007feff830000 - 0x000007feffa33000 	C:\Windows\system32\ole32.dll
0x000007fefd680000 - 0x000007fefd68f000 	C:\Windows\system32\profapi.dll

VM Arguments:
jvm_args: -Djava.awt.headless=true -Xmx1024M -Dfile.encoding=windows-1252 -Duser.country=US -Duser.language=en -Duser.variant 
java_command: com.android.dx.command.Main --dex --force-jumbo --num-threads=4 --output D:\project\AndroidStudioProjects\PersonalUtilitiesForLife\app\build\intermediates\pre-dexed\debug\com.google.android.gms-play-services-ads-9.0.2_940e0f1515ab20e7d388f1541c7abdcfd6b82fc2.jar D:\project\AndroidStudioProjects\PersonalUtilitiesForLife\app\build\intermediates\exploded-aar\com.google.android.gms\play-services-ads\9.0.2\jars\classes.jar
java_class_path (initial): D:\Android\sdk\build-tools\23.0.3\lib\dx.jar
Launcher Type: SUN_STANDARD

Environment Variables:
JAVA_HOME=C:\Program Files\Java\jdk1.8.0_60
PATH=C:\ProgramData\Oracle\Java\javapath;C:\Program Files\Common Files\Microsoft Shared\Windows Live;C:\Program Files (x86)\HP SimplePass\x64;C:\Program Files (x86)\HP SimplePass\;;C:\Windows\system32;C:\Windows;C:\Windows\System32\Wbem;C:\Windows\System32\WindowsPowerShell\v1.0\;C:\Program Files (x86)\Java\jdk1.7.0_09\bin;C:\Strawberry\c\bin;C:\Strawberry\perl\site\bin;C:\Strawberry\perl\bin;C:\Program Files (x86)\Intel\OpenCL SDK\2.0\bin\x86;C:\Program Files (x86)\Intel\OpenCL SDK\2.0\bin\x64;C:\PROGRA~2\PICC;C:\Program Files (x86)\Microchip\xc16\v1.25\bin;C:\Program Files (x86)\Microchip\xc8\v1.35\bin;C:\Program Files\Java\jre1.8.0_65\bin;C:\Program Files\Java\jdk1.8.0_60\jre\bin;D:\Android\sdk\platform-tools;C:\Program Files\Common Files\Microsoft Shared\Windows Live;C:\Program Files\Java\jre1.8.0_65\bin
USERNAME=Nhut
OS=Windows_NT
PROCESSOR_IDENTIFIER=Intel64 Family 6 Model 42 Stepping 7, GenuineIntel



---------------  S Y S T E M  ---------------

OS: Windows 7 , 64 bit Build 7601 (6.1.7601.17514)

CPU:total 8 (4 cores per cpu, 2 threads per core) family 6 model 42 stepping 7, cmov, cx8, fxsr, mmx, sse, sse2, sse3, ssse3, sse4.1, sse4.2, popcnt, avx, aes, clmul, ht, tsc, tscinvbit

Memory: 4k page, physical 6238064k(281600k free), swap 8333368k(10608k free)

vm_info: Java HotSpot(TM) 64-Bit Server VM (25.60-b23) for windows-amd64 JRE (1.8.0_60-b27), built on Aug  4 2015 11:06:27 by "java_re" with MS VC++ 10.0 (VS2010)

time: Sun Jul 10 14:57:13 2016
elapsed time: 17 seconds (0d 0h 0m 17s)

