#
# There is insufficient memory for the Java Runtime Environment to continue.
# Native memory allocation (malloc) failed to allocate 536016 bytes for Chunk::new
# Possible reasons:
#   The system is out of physical RAM or swap space
#   In 32 bit mode, the process size limit was hit
# Possible solutions:
#   Reduce memory load on the system
#   Increase physical memory or swap space
#   Check if swap backing store is full
#   Use 64 bit Java on a 64 bit OS
#   Decrease Java heap size (-Xmx/-Xms)
#   Decrease number of Java threads
#   Decrease Java thread stack sizes (-Xss)
#   Set larger code cache with -XX:ReservedCodeCacheSize=
# This output file may be truncated or incomplete.
#
#  Out of Memory Error (allocation.cpp:390), pid=7112, tid=9332
#
# JRE version: Java(TM) SE Runtime Environment (8.0_60-b27) (build 1.8.0_60-b27)
# Java VM: Java HotSpot(TM) 64-Bit Server VM (25.60-b23 mixed mode windows-amd64 compressed oops)
# Failed to write core dump. Minidumps are not enabled by default on client versions of Windows
#

---------------  T H R E A D  ---------------

Current thread (0x0000000016945000):  JavaThread "C2 CompilerThread1" daemon [_thread_in_native, id=9332, stack(0x0000000018390000,0x0000000018490000)]

Stack: [0x0000000018390000,0x0000000018490000]
[error occurred during error reporting (printing stack bounds), id 0xc0000005]

Native frames: (J=compiled Java code, j=interpreted, Vv=VM code, C=native code)


Current CompileTask:
C2:  11666 1136       4       com.android.dx.ssa.back.LivenessAnalyzer::run (231 bytes)


---------------  P R O C E S S  ---------------

Java Threads: ( => current thread )
  0x0000000016c04000 JavaThread "pool-2-thread-4" [_thread_in_Java, id=1876, stack(0x0000000018960000,0x0000000018a60000)]
  0x0000000016b23000 JavaThread "pool-2-thread-3" [_thread_in_Java, id=4756, stack(0x0000000018cd0000,0x0000000018dd0000)]
  0x0000000016ab1800 JavaThread "pool-3-thread-1" [_thread_blocked, id=5908, stack(0x0000000018860000,0x0000000018960000)]
  0x00000000169de800 JavaThread "Service Thread" daemon [_thread_blocked, id=9308, stack(0x00000000180f0000,0x00000000181f0000)]
  0x0000000016976800 JavaThread "C1 CompilerThread3" daemon [_thread_in_native, id=9240, stack(0x00000000186e0000,0x00000000187e0000)]
  0x0000000016948000 JavaThread "C2 CompilerThread2" daemon [_thread_in_native, id=9792, stack(0x0000000018570000,0x0000000018670000)]
=>0x0000000016945000 JavaThread "C2 CompilerThread1" daemon [_thread_in_native, id=9332, stack(0x0000000018390000,0x0000000018490000)]
  0x000000001694f800 JavaThread "C2 CompilerThread0" daemon [_thread_in_native, id=5148, stack(0x0000000018240000,0x0000000018340000)]
  0x000000001694e800 JavaThread "Attach Listener" daemon [_thread_blocked, id=4324, stack(0x0000000017ff0000,0x00000000180f0000)]
  0x000000001694d800 JavaThread "Signal Dispatcher" daemon [_thread_blocked, id=4004, stack(0x0000000017ed0000,0x0000000017fd0000)]
  0x0000000015891800 JavaThread "Finalizer" daemon [_thread_blocked, id=10204, stack(0x0000000017cd0000,0x0000000017dd0000)]
  0x0000000015888000 JavaThread "Reference Handler" daemon [_thread_blocked, id=8956, stack(0x0000000017a50000,0x0000000017b50000)]
  0x0000000001ede800 JavaThread "main" [_thread_blocked, id=9484, stack(0x0000000002640000,0x0000000002740000)]

Other Threads:
  0x00000000168f2800 VMThread [stack: 0x00000000178e0000,0x00000000179e0000] [id=10196]
  0x0000000016a00800 WatcherThread [stack: 0x0000000017dd0000,0x0000000017ed0000] [id=7496]

VM state:not at safepoint (normal execution)

VM Mutex/Monitor currently owned by a thread: None

Heap:
 PSYoungGen      total 28672K, used 13098K [0x00000000eab00000, 0x00000000ee300000, 0x0000000100000000)
  eden space 24576K, 36% used [0x00000000eab00000,0x00000000eb3ce9b8,0x00000000ec300000)
  from space 4096K, 99% used [0x00000000ec300000,0x00000000ec6fc038,0x00000000ec700000)
  to   space 4096K, 0% used [0x00000000edf00000,0x00000000edf00000,0x00000000ee300000)
 ParOldGen       total 65536K, used 1774K [0x00000000c0000000, 0x00000000c4000000, 0x00000000eab00000)
  object space 65536K, 2% used [0x00000000c0000000,0x00000000c01bbbe0,0x00000000c4000000)
 Metaspace       used 5963K, capacity 6898K, committed 7040K, reserved 1056768K
  class space    used 602K, capacity 618K, committed 640K, reserved 1048576K

Card table byte_map: [0x0000000011dd0000,0x0000000011fe0000] byte_map_base: 0x00000000117d0000

Marking Bits: (ParMarkBitMap*) 0x000000006325a5b0
 Begin Bits: [0x0000000012ca0000, 0x0000000013ca0000)
 End Bits:   [0x0000000013ca0000, 0x0000000014ca0000)

Polling page: 0x0000000000250000

CodeCache: size=245760Kb used=4350Kb max_used=4350Kb free=241409Kb
 bounds [0x0000000002a10000, 0x0000000002e60000, 0x0000000011a10000]
 total_blobs=1390 nmethods=1121 adapters=182
 compilation: enabled

Compilation events (10 events):
Event: 11.653 Thread 0x0000000016976800 nmethod 1142 0x0000000002e47ed0 code [0x0000000002e48160, 0x0000000002e49418]
Event: 11.653 Thread 0x0000000016976800 1143       3       com.android.dx.rop.code.DexTranslationAdvice::totalRopWidth (36 bytes)
Event: 11.653 Thread 0x0000000016976800 nmethod 1143 0x0000000002e4f050 code [0x0000000002e4f200, 0x0000000002e4f9c8]
Event: 11.653 Thread 0x0000000016976800 1139       3       java.util.ArrayList$SubList::rangeCheck (26 bytes)
Event: 11.654 Thread 0x0000000016976800 nmethod 1139 0x0000000002e4fd10 code [0x0000000002e4ff20, 0x0000000002e50a18]
Event: 11.654 Thread 0x0000000016976800 1145       3       com.android.dx.rop.type.Prototype::getParameterFrameTypes (96 bytes)
Event: 11.655 Thread 0x0000000016976800 nmethod 1145 0x0000000002e50fd0 code [0x0000000002e51220, 0x0000000002e52218]
Event: 11.656 Thread 0x0000000016976800 1147       3       com.android.dx.ssa.SsaConverter::edgeSplitSuccessors (98 bytes)
Event: 11.657 Thread 0x0000000016976800 nmethod 1147 0x0000000002e52cd0 code [0x0000000002e52f40, 0x0000000002e53ce8]
Event: 11.657 Thread 0x0000000016976800 1149       3       com.android.dx.ssa.Dominators::run (506 bytes)

GC Heap History (2 events):
Event: 11.072 GC heap before
{Heap before GC invocations=1 (full 0):
 PSYoungGen      total 28672K, used 24576K [0x00000000eab00000, 0x00000000ecb00000, 0x0000000100000000)
  eden space 24576K, 100% used [0x00000000eab00000,0x00000000ec300000,0x00000000ec300000)
  from space 4096K, 0% used [0x00000000ec700000,0x00000000ec700000,0x00000000ecb00000)
  to   space 4096K, 0% used [0x00000000ec300000,0x00000000ec300000,0x00000000ec700000)
 ParOldGen       total 65536K, used 0K [0x00000000c0000000, 0x00000000c4000000, 0x00000000eab00000)
  object space 65536K, 0% used [0x00000000c0000000,0x00000000c0000000,0x00000000c4000000)
 Metaspace       used 5878K, capacity 6832K, committed 7040K, reserved 1056768K
  class space    used 600K, capacity 616K, committed 640K, reserved 1048576K
Event: 11.356 GC heap after
Heap after GC invocations=1 (full 0):
 PSYoungGen      total 28672K, used 4080K [0x00000000eab00000, 0x00000000ee300000, 0x0000000100000000)
  eden space 24576K, 0% used [0x00000000eab00000,0x00000000eab00000,0x00000000ec300000)
  from space 4096K, 99% used [0x00000000ec300000,0x00000000ec6fc038,0x00000000ec700000)
  to   space 4096K, 0% used [0x00000000edf00000,0x00000000edf00000,0x00000000ee300000)
 ParOldGen       total 65536K, used 1774K [0x00000000c0000000, 0x00000000c4000000, 0x00000000eab00000)
  object space 65536K, 2% used [0x00000000c0000000,0x00000000c01bbbe0,0x00000000c4000000)
 Metaspace       used 5878K, capacity 6832K, committed 7040K, reserved 1056768K
  class space    used 600K, capacity 616K, committed 640K, reserved 1048576K
}

Deoptimization events (10 events):
Event: 10.584 Thread 0x0000000016b23000 Uncommon trap: reason=class_check action=maybe_recompile pc=0x0000000002c96c60 method=com.android.dx.ssa.NormalSsaInsn.accept(Lcom/android/dx/ssa/SsaInsn$Visitor;)V @ 9
Event: 10.585 Thread 0x0000000016b23000 Uncommon trap: reason=class_check action=maybe_recompile pc=0x0000000002c96c60 method=com.android.dx.ssa.NormalSsaInsn.accept(Lcom/android/dx/ssa/SsaInsn$Visitor;)V @ 9
Event: 10.585 Thread 0x0000000016b23000 Uncommon trap: reason=class_check action=maybe_recompile pc=0x0000000002c96c60 method=com.android.dx.ssa.NormalSsaInsn.accept(Lcom/android/dx/ssa/SsaInsn$Visitor;)V @ 9
Event: 10.587 Thread 0x0000000016b23000 Uncommon trap: reason=class_check action=maybe_recompile pc=0x0000000002c96c60 method=com.android.dx.ssa.NormalSsaInsn.accept(Lcom/android/dx/ssa/SsaInsn$Visitor;)V @ 9
Event: 10.628 Thread 0x0000000016ab0000 Uncommon trap: reason=unstable_if action=reinterpret pc=0x0000000002c7f2e0 method=java.util.BitSet.nextSetBit(I)I @ 87
Event: 10.923 Thread 0x0000000016b23000 Uncommon trap: reason=unstable_if action=reinterpret pc=0x0000000002c872e4 method=java.util.BitSet.ensureCapacity(I)V @ 6
Event: 11.018 Thread 0x0000000016ab0000 Uncommon trap: reason=bimorphic action=maybe_recompile pc=0x0000000002c04e0c method=java.util.HashMap.getNode(ILjava/lang/Object;)Ljava/util/HashMap$Node; @ 126
Event: 11.505 Thread 0x0000000016ab0000 Uncommon trap: reason=unstable_if action=reinterpret pc=0x0000000002d2281c method=com.android.dx.rop.code.RegisterSpecSet.put(Lcom/android/dx/rop/code/RegisterSpec;)V @ 77
Event: 11.505 Thread 0x0000000016ab0000 Uncommon trap: reason=unstable_if action=reinterpret pc=0x0000000002d44294 method=com.android.dx.rop.code.RegisterSpecSet.put(Lcom/android/dx/rop/code/RegisterSpec;)V @ 77
Event: 11.655 Thread 0x0000000016b23000 Uncommon trap: reason=unstable_if action=reinterpret pc=0x0000000002ccb740 method=com.android.dx.rop.code.RegisterSpec.equals(ILcom/android/dx/rop/type/TypeBearer;Lcom/android/dx/rop/code/LocalItem;)Z @ 42

Internal exceptions (2 events):
Event: 0.060 Thread 0x0000000001ede800 Exception <a 'java/lang/NoSuchMethodError': Method sun.misc.Unsafe.defineClass(Ljava/lang/String;[BII)Ljava/lang/Class; name or signature does not match> (0x00000000eab0d500) thrown at [C:\re\workspace\8-2-build-windows-amd64-cygwin\jdk8u60\4407\hotspot\srÒOîÏ‘Ÿ®?
Event: 0.060 Thread 0x0000000001ede800 Exception <a 'java/lang/NoSuchMethodError': Method sun.misc.Unsafe.prefetchRead(Ljava/lang/Object;J)V name or signature does not match> (0x00000000eab0d7e8) thrown at [C:\re\workspace\8-2-build-windows-amd64-cygwin\jdk8u60\4407\hotspot\src\share\vm\prims\j

Events (10 events):
Event: 11.505 Thread 0x0000000016ab0000 DEOPT PACKING pc=0x0000000002d2281c sp=0x0000000017cce860
Event: 11.505 Thread 0x0000000016ab0000 DEOPT UNPACKING pc=0x0000000002a5582a sp=0x0000000017cce7e8 mode 2
Event: 11.505 Thread 0x0000000016ab0000 Uncommon trap: trap_request=0xffffff65 fr.pc=0x0000000002d44294
Event: 11.505 Thread 0x0000000016ab0000 DEOPT PACKING pc=0x0000000002d44294 sp=0x0000000017cce850
Event: 11.505 Thread 0x0000000016ab0000 DEOPT UNPACKING pc=0x0000000002a5582a sp=0x0000000017cce770 mode 2
Event: 11.537 Thread 0x0000000016ab0000 Thread exited: 0x0000000016ab0000
Event: 11.541 Thread 0x0000000016ab2000 Thread exited: 0x0000000016ab2000
Event: 11.655 Thread 0x0000000016b23000 Uncommon trap: trap_request=0xffffff65 fr.pc=0x0000000002ccb740
Event: 11.655 Thread 0x0000000016b23000 DEOPT PACKING pc=0x0000000002ccb740 sp=0x0000000018dce650
Event: 11.655 Thread 0x0000000016b23000 DEOPT UNPACKING pc=0x0000000002a5582a sp=0x0000000018dce5d8 mode 2


Dynamic libraries:
0x000000013f690000 - 0x000000013f6c7000 	C:\Program Files\Java\jdk1.8.0_60\bin\java.exe
0x0000000077240000 - 0x00000000773e9000 	C:\Windows\SYSTEM32\ntdll.dll
0x0000000077120000 - 0x000000007723f000 	C:\Windows\system32\kernel32.dll
0x000007fefd280000 - 0x000007fefd2eb000 	C:\Windows\system32\KERNELBASE.dll
0x000007fefd770000 - 0x000007fefd84b000 	C:\Windows\system32\ADVAPI32.dll
0x000007fefea20000 - 0x000007fefeabf000 	C:\Windows\system32\msvcrt.dll
0x000007fefea00000 - 0x000007fefea1f000 	C:\Windows\SYSTEM32\sechost.dll
0x000007fefeaf0000 - 0x000007fefec1d000 	C:\Windows\system32\RPCRT4.dll
0x0000000077020000 - 0x000000007711a000 	C:\Windows\system32\USER32.dll
0x000007fefda30000 - 0x000007fefda97000 	C:\Windows\system32\GDI32.dll
0x000007fefe920000 - 0x000007fefe92e000 	C:\Windows\system32\LPK.dll
0x000007fefed50000 - 0x000007fefee19000 	C:\Windows\system32\USP10.dll
0x000007fefbc30000 - 0x000007fefbe24000 	C:\Windows\WinSxS\amd64_microsoft.windows.common-controls_6595b64144ccf1df_6.0.7601.17514_none_fa396087175ac9ac\COMCTL32.dll
0x000007fefe930000 - 0x000007fefe9a1000 	C:\Windows\system32\SHLWAPI.dll
0x000007fefeac0000 - 0x000007fefeaee000 	C:\Windows\system32\IMM32.DLL
0x000007fefd560000 - 0x000007fefd669000 	C:\Windows\system32\MSCTF.dll
0x0000000052730000 - 0x0000000052802000 	C:\Program Files\Java\jdk1.8.0_60\jre\bin\msvcr100.dll
0x0000000062a50000 - 0x00000000632d9000 	C:\Program Files\Java\jdk1.8.0_60\jre\bin\server\jvm.dll
0x000007fef39a0000 - 0x000007fef39a9000 	C:\Windows\system32\WSOCK32.dll
0x000007fefe9b0000 - 0x000007fefe9fd000 	C:\Windows\system32\WS2_32.dll
0x000007fefe910000 - 0x000007fefe918000 	C:\Windows\system32\NSI.dll
0x000007fefb680000 - 0x000007fefb6bb000 	C:\Windows\system32\WINMM.dll
0x000007fefc2f0000 - 0x000007fefc2fc000 	C:\Windows\system32\VERSION.dll
0x0000000077410000 - 0x0000000077417000 	C:\Windows\system32\PSAPI.DLL
0x0000000069bc0000 - 0x0000000069bcf000 	C:\Program Files\Java\jdk1.8.0_60\jre\bin\verify.dll
0x0000000069880000 - 0x00000000698a9000 	C:\Program Files\Java\jdk1.8.0_60\jre\bin\java.dll
0x0000000069860000 - 0x0000000069876000 	C:\Program Files\Java\jdk1.8.0_60\jre\bin\zip.dll
0x000007fefdb80000 - 0x000007fefe908000 	C:\Windows\system32\SHELL32.dll
0x000007feff320000 - 0x000007feff523000 	C:\Windows\system32\ole32.dll
0x000007fefd190000 - 0x000007fefd19f000 	C:\Windows\system32\profapi.dll

VM Arguments:
jvm_args: -Djava.awt.headless=true -Xmx1024M -Dfile.encoding=windows-1252 -Duser.country=US -Duser.language=en -Duser.variant 
java_command: com.android.dx.command.Main --dex --force-jumbo --num-threads=4 --multi-dex --output D:\project\AndroidStudioProjects\PersonalUtilitiesForLife\app\build\intermediates\transforms\dex\debug\folders\1000\10\com.android.support-support-vector-drawable-23.4.0_741bb51d1baa7469a5de8063475d0f6b1f38ff02 D:\project\AndroidStudioProjects\PersonalUtilitiesForLife\app\build\intermediates\exploded-aar\com.android.support\support-vector-drawable\23.4.0\jars\classes.jar
java_class_path (initial): D:\Android\sdk\build-tools\23.0.3\lib\dx.jar
Launcher Type: SUN_STANDARD

Environment Variables:
JAVA_HOME=C:\Program Files\Java\jdk1.8.0_60
PATH=C:\ProgramData\Oracle\Java\javapath;C:\Program Files\Common Files\Microsoft Shared\Windows Live;C:\Program Files (x86)\HP SimplePass\x64;C:\Program Files (x86)\HP SimplePass\;;C:\Windows\system32;C:\Windows;C:\Windows\System32\Wbem;C:\Windows\System32\WindowsPowerShell\v1.0\;C:\Program Files (x86)\Java\jdk1.7.0_09\bin;C:\Strawberry\c\bin;C:\Strawberry\perl\site\bin;C:\Strawberry\perl\bin;C:\Program Files (x86)\Intel\OpenCL SDK\2.0\bin\x86;C:\Program Files (x86)\Intel\OpenCL SDK\2.0\bin\x64;C:\PROGRA~2\PICC;C:\Program Files (x86)\Microchip\xc16\v1.25\bin;C:\Program Files (x86)\Microchip\xc8\v1.35\bin;C:\Program Files\Java\jre1.8.0_65\bin;C:\Program Files\Java\jdk1.8.0_60\jre\bin;D:\Android\sdk\platform-tools;C:\Program Files\Common Files\Microsoft Shared\Windows Live;C:\Program Files\Java\jre1.8.0_65\bin
USERNAME=Nhut
OS=Windows_NT
PROCESSOR_IDENTIFIER=Intel64 Family 6 Model 42 Stepping 7, GenuineIntel



---------------  S Y S T E M  ---------------

OS: Windows 7 , 64 bit Build 7601 (6.1.7601.17514)

CPU:total 8 (4 cores per cpu, 2 threads per core) family 6 model 42 stepping 7, cmov, cx8, fxsr, mmx, sse, sse2, sse3, ssse3, sse4.1, sse4.2, popcnt, avx, aes, clmul, ht, tsc, tscinvbit

Memory: 4k page, physical 6238064k(778192k free), swap 8333368k(5376k free)

vm_info: Java HotSpot(TM) 64-Bit Server VM (25.60-b23) for windows-amd64 JRE (1.8.0_60-b27), built on Aug  4 2015 11:06:27 by "java_re" with MS VC++ 10.0 (VS2010)

time: Wed Jul 06 05:58:36 2016
elapsed time: 11 seconds (0d 0h 0m 11s)

