#
# There is insufficient memory for the Java Runtime Environment to continue.
# Native memory allocation (malloc) failed to allocate 621616 bytes for Chunk::new
# Possible reasons:
#   The system is out of physical RAM or swap space
#   In 32 bit mode, the process size limit was hit
# Possible solutions:
#   Reduce memory load on the system
#   Increase physical memory or swap space
#   Check if swap backing store is full
#   Use 64 bit Java on a 64 bit OS
#   Decrease Java heap size (-Xmx/-Xms)
#   Decrease number of Java threads
#   Decrease Java thread stack sizes (-Xss)
#   Set larger code cache with -XX:ReservedCodeCacheSize=
# This output file may be truncated or incomplete.
#
#  Out of Memory Error (allocation.cpp:390), pid=7272, tid=11548
#
# JRE version: Java(TM) SE Runtime Environment (8.0_60-b27) (build 1.8.0_60-b27)
# Java VM: Java HotSpot(TM) 64-Bit Server VM (25.60-b23 mixed mode windows-amd64 compressed oops)
# Failed to write core dump. Minidumps are not enabled by default on client versions of Windows
#

---------------  T H R E A D  ---------------

Current thread (0x0000000056753000):  JavaThread "C2 CompilerThread0" daemon [_thread_in_native, id=11548, stack(0x0000000057e30000,0x0000000057f30000)]

Stack: [0x0000000057e30000,0x0000000057f30000]
[error occurred during error reporting (printing stack bounds), id 0xc0000005]

Native frames: (J=compiled Java code, j=interpreted, Vv=VM code, C=native code)


Current CompileTask:
C2:   4681 1960 %     4       com.android.dx.ssa.SsaConverter::placePhiFunctions @ 131 (394 bytes)


---------------  P R O C E S S  ---------------

Java Threads: ( => current thread )
  0x0000000056a8b000 JavaThread "pool-1-thread-4" [_thread_blocked, id=7416, stack(0x0000000059690000,0x0000000059790000)]
  0x00000000569e0000 JavaThread "pool-1-thread-3" [_thread_blocked, id=9556, stack(0x0000000059410000,0x0000000059510000)]
  0x0000000056a93800 JavaThread "pool-1-thread-2" [_thread_blocked, id=13292, stack(0x0000000059290000,0x0000000059390000)]
  0x0000000056a13800 JavaThread "pool-2-thread-1" [_thread_blocked, id=4556, stack(0x0000000058ff0000,0x00000000590f0000)]
  0x0000000056a0f000 JavaThread "pool-1-thread-1" [_thread_blocked, id=12688, stack(0x00000000590f0000,0x00000000591f0000)]
  0x00000000567f5800 JavaThread "Service Thread" daemon [_thread_blocked, id=4164, stack(0x0000000058330000,0x0000000058430000)]
  0x0000000056789000 JavaThread "C1 CompilerThread3" daemon [_thread_blocked, id=11788, stack(0x00000000584c0000,0x00000000585c0000)]
  0x00000000557bf000 JavaThread "C2 CompilerThread2" daemon [_thread_in_native, id=6688, stack(0x00000000581f0000,0x00000000582f0000)]
  0x00000000557ba000 JavaThread "C2 CompilerThread1" daemon [_thread_in_native, id=10940, stack(0x0000000058030000,0x0000000058130000)]
=>0x0000000056753000 JavaThread "C2 CompilerThread0" daemon [_thread_in_native, id=11548, stack(0x0000000057e30000,0x0000000057f30000)]
  0x0000000056751800 JavaThread "Attach Listener" daemon [_thread_blocked, id=12940, stack(0x0000000057940000,0x0000000057a40000)]
  0x0000000056750000 JavaThread "Signal Dispatcher" daemon [_thread_blocked, id=12376, stack(0x0000000057c90000,0x0000000057d90000)]
  0x00000000557ac000 JavaThread "Finalizer" daemon [_thread_blocked, id=8388, stack(0x0000000057b00000,0x0000000057c00000)]
  0x00000000557a4800 JavaThread "Reference Handler" daemon [_thread_blocked, id=12540, stack(0x0000000057810000,0x0000000057910000)]
  0x000000000252e000 JavaThread "main" [_thread_blocked, id=12500, stack(0x0000000002390000,0x0000000002490000)]

Other Threads:
  0x0000000056700800 VMThread [stack: 0x0000000057650000,0x0000000057750000] [id=5236]
  0x0000000056813000 WatcherThread [stack: 0x00000000586c0000,0x00000000587c0000] [id=10724]

VM state:at safepoint (normal execution)

VM Mutex/Monitor currently owned by a thread:  ([mutex/lock_event])
[0x000000000252c850] Threads_lock - owner thread: 0x0000000056700800
[0x000000000252cd50] Heap_lock - owner thread: 0x000000000252e000

Heap:
 PSYoungGen      total 110080K, used 110075K [0x00000000eab00000, 0x00000000f2e00000, 0x0000000100000000)
  eden space 95232K, 100% used [0x00000000eab00000,0x00000000f0800000,0x00000000f0800000)
  from space 14848K, 99% used [0x00000000f1980000,0x00000000f27fecc8,0x00000000f2800000)
  to   space 17920K, 69% used [0x00000000f0800000,0x00000000f14393c8,0x00000000f1980000)
 ParOldGen       total 65536K, used 23869K [0x00000000c0000000, 0x00000000c4000000, 0x00000000eab00000)
  object space 65536K, 36% used [0x00000000c0000000,0x00000000c174f4b8,0x00000000c4000000)
 Metaspace       used 6359K, capacity 7152K, committed 7296K, reserved 1056768K
  class space    used 601K, capacity 616K, committed 640K, reserved 1048576K

Card table byte_map: [0x0000000011bc0000,0x0000000011dd0000] byte_map_base: 0x00000000115c0000

Marking Bits: (ParMarkBitMap*) 0x000000007059a5b0
 Begin Bits: [0x0000000012bc0000, 0x0000000013bc0000)
 End Bits:   [0x0000000013bc0000, 0x0000000014bc0000)

Polling page: 0x0000000000130000

CodeCache: size=245760Kb used=7648Kb max_used=7648Kb free=238112Kb
 bounds [0x0000000002800000, 0x0000000002f80000, 0x0000000011800000]
 total_blobs=2264 nmethods=1995 adapters=181
 compilation: enabled

Compilation events (10 events):
Event: 4.637 Thread 0x0000000056789000 2074       2       com.android.dx.command.dexer.Main$ClassTranslatorTask::call (5 bytes)
Event: 4.638 Thread 0x0000000056789000 nmethod 2074 0x0000000002f7ba50 code [0x0000000002f7bbc0, 0x0000000002f7bd48]
Event: 4.638 Thread 0x0000000056789000 2075       2       com.android.dx.command.dexer.Main$ClassTranslatorTask::call (14 bytes)
Event: 4.638 Thread 0x0000000056789000 nmethod 2075 0x0000000002f7be10 code [0x0000000002f7bf80, 0x0000000002f7c108]
Event: 4.638 Thread 0x0000000056789000 2076       2       com.android.dx.command.dexer.Main::access$2700 (6 bytes)
Event: 4.638 Thread 0x0000000056789000 nmethod 2076 0x0000000002f7c1d0 code [0x0000000002f7c320, 0x0000000002f7c468]
Event: 4.638 Thread 0x0000000056789000 2077   !   2       com.android.dx.command.dexer.Main::translateClass (65 bytes)
Event: 4.639 Thread 0x0000000056789000 nmethod 2077 0x0000000002f7c510 code [0x0000000002f7c6c0, 0x0000000002f7cb28]
Event: 4.639 Thread 0x0000000056789000 2078   !   2       com.android.dx.dex.cf.CfTranslator::translate (44 bytes)
Event: 4.639 Thread 0x0000000056789000 nmethod 2078 0x0000000002f7cdd0 code [0x0000000002f7cf80, 0x0000000002f7d308]

GC Heap History (10 events):
Event: 3.231 GC heap after
Heap after GC invocations=2 (full 0):
 PSYoungGen      total 28672K, used 4074K [0x00000000eab00000, 0x00000000ee300000, 0x0000000100000000)
  eden space 24576K, 0% used [0x00000000eab00000,0x00000000eab00000,0x00000000ec300000)
  from space 4096K, 99% used [0x00000000ec700000,0x00000000ecafaad8,0x00000000ecb00000)
  to   space 4096K, 0% used [0x00000000ec300000,0x00000000ec300000,0x00000000ec700000)
 ParOldGen       total 65536K, used 2825K [0x00000000c0000000, 0x00000000c4000000, 0x00000000eab00000)
  object space 65536K, 4% used [0x00000000c0000000,0x00000000c02c24d0,0x00000000c4000000)
 Metaspace       used 5907K, capacity 6832K, committed 7040K, reserved 1056768K
  class space    used 593K, capacity 616K, committed 640K, reserved 1048576K
}
Event: 3.361 GC heap before
{Heap before GC invocations=3 (full 0):
 PSYoungGen      total 28672K, used 28650K [0x00000000eab00000, 0x00000000ee300000, 0x0000000100000000)
  eden space 24576K, 100% used [0x00000000eab00000,0x00000000ec300000,0x00000000ec300000)
  from space 4096K, 99% used [0x00000000ec700000,0x00000000ecafaad8,0x00000000ecb00000)
  to   space 4096K, 0% used [0x00000000ec300000,0x00000000ec300000,0x00000000ec700000)
 ParOldGen       total 65536K, used 2825K [0x00000000c0000000, 0x00000000c4000000, 0x00000000eab00000)
  object space 65536K, 4% used [0x00000000c0000000,0x00000000c02c24d0,0x00000000c4000000)
 Metaspace       used 5946K, capacity 6896K, committed 7040K, reserved 1056768K
  class space    used 593K, capacity 616K, committed 640K, reserved 1048576K
Event: 3.373 GC heap after
Heap after GC invocations=3 (full 0):
 PSYoungGen      total 28672K, used 4074K [0x00000000eab00000, 0x00000000ee300000, 0x0000000100000000)
  eden space 24576K, 0% used [0x00000000eab00000,0x00000000eab00000,0x00000000ec300000)
  from space 4096K, 99% used [0x00000000ec300000,0x00000000ec6faab8,0x00000000ec700000)
  to   space 4096K, 0% used [0x00000000edf00000,0x00000000edf00000,0x00000000ee300000)
 ParOldGen       total 65536K, used 6200K [0x00000000c0000000, 0x00000000c4000000, 0x00000000eab00000)
  object space 65536K, 9% used [0x00000000c0000000,0x00000000c060e148,0x00000000c4000000)
 Metaspace       used 5946K, capacity 6896K, committed 7040K, reserved 1056768K
  class space    used 593K, capacity 616K, committed 640K, reserved 1048576K
}
Event: 3.536 GC heap before
{Heap before GC invocations=4 (full 0):
 PSYoungGen      total 28672K, used 28650K [0x00000000eab00000, 0x00000000ee300000, 0x0000000100000000)
  eden space 24576K, 100% used [0x00000000eab00000,0x00000000ec300000,0x00000000ec300000)
  from space 4096K, 99% used [0x00000000ec300000,0x00000000ec6faab8,0x00000000ec700000)
  to   space 4096K, 0% used [0x00000000edf00000,0x00000000edf00000,0x00000000ee300000)
 ParOldGen       total 65536K, used 6200K [0x00000000c0000000, 0x00000000c4000000, 0x00000000eab00000)
  object space 65536K, 9% used [0x00000000c0000000,0x00000000c060e148,0x00000000c4000000)
 Metaspace       used 6054K, capacity 6960K, committed 7040K, reserved 1056768K
  class space    used 599K, capacity 616K, committed 640K, reserved 1048576K
Event: 3.545 GC heap after
Heap after GC invocations=4 (full 0):
 PSYoungGen      total 53248K, used 4076K [0x00000000eab00000, 0x00000000ee300000, 0x0000000100000000)
  eden space 49152K, 0% used [0x00000000eab00000,0x00000000eab00000,0x00000000edb00000)
  from space 4096K, 99% used [0x00000000edf00000,0x00000000ee2fb020,0x00000000ee300000)
  to   space 4096K, 0% used [0x00000000edb00000,0x00000000edb00000,0x00000000edf00000)
 ParOldGen       total 65536K, used 10407K [0x00000000c0000000, 0x00000000c4000000, 0x00000000eab00000)
  object space 65536K, 15% used [0x00000000c0000000,0x00000000c0a29c38,0x00000000c4000000)
 Metaspace       used 6054K, capacity 6960K, committed 7040K, reserved 1056768K
  class space    used 599K, capacity 616K, committed 640K, reserved 1048576K
}
Event: 3.965 GC heap before
{Heap before GC invocations=5 (full 0):
 PSYoungGen      total 53248K, used 53228K [0x00000000eab00000, 0x00000000ee300000, 0x0000000100000000)
  eden space 49152K, 100% used [0x00000000eab00000,0x00000000edb00000,0x00000000edb00000)
  from space 4096K, 99% used [0x00000000edf00000,0x00000000ee2fb020,0x00000000ee300000)
  to   space 4096K, 0% used [0x00000000edb00000,0x00000000edb00000,0x00000000edf00000)
 ParOldGen       total 65536K, used 10407K [0x00000000c0000000, 0x00000000c4000000, 0x00000000eab00000)
  object space 65536K, 15% used [0x00000000c0000000,0x00000000c0a29c38,0x00000000c4000000)
 Metaspace       used 6229K, capacity 7088K, committed 7296K, reserved 1056768K
  class space    used 599K, capacity 616K, committed 640K, reserved 1048576K
Event: 3.988 GC heap after
Heap after GC invocations=5 (full 0):
 PSYoungGen      total 53248K, used 4085K [0x00000000eab00000, 0x00000000f2800000, 0x0000000100000000)
  eden space 49152K, 0% used [0x00000000eab00000,0x00000000eab00000,0x00000000edb00000)
  from space 4096K, 99% used [0x00000000edb00000,0x00000000edefd6a0,0x00000000edf00000)
  to   space 14848K, 0% used [0x00000000f1980000,0x00000000f1980000,0x00000000f2800000)
 ParOldGen       total 65536K, used 21127K [0x00000000c0000000, 0x00000000c4000000, 0x00000000eab00000)
  object space 65536K, 32% used [0x00000000c0000000,0x00000000c14a1df0,0x00000000c4000000)
 Metaspace       used 6229K, capacity 7088K, committed 7296K, reserved 1056768K
  class space    used 599K, capacity 616K, committed 640K, reserved 1048576K
}
Event: 4.141 GC heap before
{Heap before GC invocations=6 (full 0):
 PSYoungGen      total 53248K, used 53237K [0x00000000eab00000, 0x00000000f2800000, 0x0000000100000000)
  eden space 49152K, 100% used [0x00000000eab00000,0x00000000edb00000,0x00000000edb00000)
  from space 4096K, 99% used [0x00000000edb00000,0x00000000edefd6a0,0x00000000edf00000)
  to   space 14848K, 0% used [0x00000000f1980000,0x00000000f1980000,0x00000000f2800000)
 ParOldGen       total 65536K, used 21127K [0x00000000c0000000, 0x00000000c4000000, 0x00000000eab00000)
  object space 65536K, 32% used [0x00000000c0000000,0x00000000c14a1df0,0x00000000c4000000)
 Metaspace       used 6262K, capacity 7088K, committed 7296K, reserved 1056768K
  class space    used 600K, capacity 616K, committed 640K, reserved 1048576K
Event: 4.194 GC heap after
Heap after GC invocations=6 (full 0):
 PSYoungGen      total 110080K, used 14843K [0x00000000eab00000, 0x00000000f2e00000, 0x0000000100000000)
  eden space 95232K, 0% used [0x00000000eab00000,0x00000000eab00000,0x00000000f0800000)
  from space 14848K, 99% used [0x00000000f1980000,0x00000000f27fecc8,0x00000000f2800000)
  to   space 17920K, 0% used [0x00000000f0800000,0x00000000f0800000,0x00000000f1980000)
 ParOldGen       total 65536K, used 21943K [0x00000000c0000000, 0x00000000c4000000, 0x00000000eab00000)
  object space 65536K, 33% used [0x00000000c0000000,0x00000000c156de70,0x00000000c4000000)
 Metaspace       used 6262K, capacity 7088K, committed 7296K, reserved 1056768K
  class space    used 600K, capacity 616K, committed 640K, reserved 1048576K
}
Event: 4.641 GC heap before
{Heap before GC invocations=7 (full 0):
 PSYoungGen      total 110080K, used 110075K [0x00000000eab00000, 0x00000000f2e00000, 0x0000000100000000)
  eden space 95232K, 100% used [0x00000000eab00000,0x00000000f0800000,0x00000000f0800000)
  from space 14848K, 99% used [0x00000000f1980000,0x00000000f27fecc8,0x00000000f2800000)
  to   space 17920K, 0% used [0x00000000f0800000,0x00000000f0800000,0x00000000f1980000)
 ParOldGen       total 65536K, used 21943K [0x00000000c0000000, 0x00000000c4000000, 0x00000000eab00000)
  object space 65536K, 33% used [0x00000000c0000000,0x00000000c156de70,0x00000000c4000000)
 Metaspace       used 6359K, capacity 7152K, committed 7296K, reserved 1056768K
  class space    used 601K, capacity 616K, committed 640K, reserved 1048576K

Deoptimization events (10 events):
Event: 3.129 Thread 0x0000000056a8b000 Uncommon trap: reason=bimorphic action=maybe_recompile pc=0x0000000002a47650 method=java.util.HashMap.getNode(ILjava/lang/Object;)Ljava/util/HashMap$Node; @ 126
Event: 3.129 Thread 0x0000000056a8b000 Uncommon trap: reason=bimorphic action=maybe_recompile pc=0x0000000002a47650 method=java.util.HashMap.getNode(ILjava/lang/Object;)Ljava/util/HashMap$Node; @ 126
Event: 3.164 Thread 0x0000000056a93800 Uncommon trap: reason=bimorphic action=maybe_recompile pc=0x0000000002a47650 method=java.util.HashMap.getNode(ILjava/lang/Object;)Ljava/util/HashMap$Node; @ 126
Event: 3.164 Thread 0x0000000056a93800 Uncommon trap: reason=bimorphic action=maybe_recompile pc=0x0000000002a4b3d0 method=java.util.HashMap.getNode(ILjava/lang/Object;)Ljava/util/HashMap$Node; @ 126
Event: 3.187 Thread 0x0000000056a8b000 Uncommon trap: reason=null_check action=make_not_entrant pc=0x0000000002a460d0 method=com.android.dx.rop.type.Type.equals(Ljava/lang/Object;)Z @ 8
Event: 3.187 Thread 0x0000000056a8b000 Uncommon trap: reason=unstable_if action=reinterpret pc=0x0000000002b80a94 method=com.android.dx.cf.code.Merger.mergeType(Lcom/android/dx/rop/type/TypeBearer;Lcom/android/dx/rop/type/TypeBearer;)Lcom/android/dx/rop/type/TypeBearer; @ 15
Event: 3.414 Thread 0x0000000056a0f000 Uncommon trap: reason=unstable_if action=reinterpret pc=0x0000000002bd4384 method=com.android.dx.util.LabeledList.set(ILcom/android/dx/util/LabeledItem;)V @ 16
Event: 3.865 Thread 0x00000000569e0000 Uncommon trap: reason=unstable_if action=reinterpret pc=0x0000000002d9dc24 method=com.android.dx.ssa.LiteralOpUpgrader$1.visitNonMoveInsn(Lcom/android/dx/ssa/NormalSsaInsn;)V @ 55
Event: 3.866 Thread 0x00000000569e0000 Uncommon trap: reason=unstable_if action=reinterpret pc=0x0000000002b3edcc method=com.android.dx.ssa.SsaMethod.updateOneDefinition(Lcom/android/dx/ssa/SsaInsn;Lcom/android/dx/rop/code/RegisterSpec;)V @ 4
Event: 4.013 Thread 0x0000000056a8b000 Uncommon trap: reason=unstable_if action=reinterpret pc=0x0000000002dc8050 method=com.android.dx.cf.code.BytecodeArray.parseInstruction(ILcom/android/dx/cf/code/BytecodeArray$Visitor;)I @ 1198

Internal exceptions (3 events):
Event: 0.053 Thread 0x000000000252e000 Exception <a 'java/lang/NoSuchMethodError': Method sun.misc.Unsafe.defineClass(Ljava/lang/String;[BII)Ljava/lang/Class; name or signature does not match> (0x00000000eab0d7f0) thrown at [C:\re\workspace\8-2-build-windows-amd64-cygwin\jdk8u60\4407\hotspot\sr°’Ç*ˆ_«?
Event: 0.053 Thread 0x000000000252e000 Exception <a 'java/lang/NoSuchMethodError': Method sun.misc.Unsafe.prefetchRead(Ljava/lang/Object;J)V name or signature does not match> (0x00000000eab0dad8) thrown at [C:\re\workspace\8-2-build-windows-amd64-cygwin\jdk8u60\4407\hotspot\src\share\vm\prims\jTïU*~	@
Event: 3.187 Thread 0x0000000056a8b000 Implicit null exception at 0x0000000002a45fd2 to 0x0000000002a460c2

Events (10 events):
Event: 4.514 Thread 0x00000000569e0000 DEOPT UNPACKING pc=0x000000000284787f sp=0x000000005950e290 mode 0
Event: 4.536 Thread 0x00000000569e0000 DEOPT PACKING pc=0x0000000002eba4f0 sp=0x000000005950e1f0
Event: 4.536 Thread 0x00000000569e0000 DEOPT UNPACKING pc=0x000000000284787f sp=0x000000005950df58 mode 0
Event: 4.557 Thread 0x0000000056a8b000 DEOPT PACKING pc=0x0000000002c9f012 sp=0x000000005978e920
Event: 4.557 Thread 0x0000000056a8b000 DEOPT UNPACKING pc=0x000000000284787f sp=0x000000005978e6b0 mode 0
Event: 4.618 Thread 0x000000000252e000 DEOPT PACKING pc=0x0000000002d53428 sp=0x000000000248f160
Event: 4.618 Thread 0x000000000252e000 DEOPT UNPACKING pc=0x000000000284787f sp=0x000000000248ee28 mode 0
Event: 4.640 Thread 0x0000000056a8b000 DEOPT PACKING pc=0x0000000002bfae04 sp=0x000000005978e930
Event: 4.640 Thread 0x0000000056a8b000 DEOPT UNPACKING pc=0x000000000284787f sp=0x000000005978e610 mode 0
Event: 4.640 Executing VM operation: ParallelGCFailedAllocation


Dynamic libraries:
0x000000013fbb0000 - 0x000000013fbe7000 	C:\Program Files\Java\jdk1.8.0_60\bin\java.exe
0x0000000077730000 - 0x00000000778d9000 	C:\Windows\SYSTEM32\ntdll.dll
0x0000000077610000 - 0x000000007772f000 	C:\Windows\system32\kernel32.dll
0x000007fefd8c0000 - 0x000007fefd92b000 	C:\Windows\system32\KERNELBASE.dll
0x000007feff550000 - 0x000007feff62b000 	C:\Windows\system32\ADVAPI32.dll
0x000007fefdc10000 - 0x000007fefdcaf000 	C:\Windows\system32\msvcrt.dll
0x000007fefe1d0000 - 0x000007fefe1ef000 	C:\Windows\SYSTEM32\sechost.dll
0x000007fefe0a0000 - 0x000007fefe1cd000 	C:\Windows\system32\RPCRT4.dll
0x0000000077510000 - 0x000000007760a000 	C:\Windows\system32\USER32.dll
0x000007fefdd80000 - 0x000007fefdde7000 	C:\Windows\system32\GDI32.dll
0x000007fefdec0000 - 0x000007fefdece000 	C:\Windows\system32\LPK.dll
0x000007fefddf0000 - 0x000007fefdeb9000 	C:\Windows\system32\USP10.dll
0x000007fefc120000 - 0x000007fefc314000 	C:\Windows\WinSxS\amd64_microsoft.windows.common-controls_6595b64144ccf1df_6.0.7601.17514_none_fa396087175ac9ac\COMCTL32.dll
0x000007fefda80000 - 0x000007fefdaf1000 	C:\Windows\system32\SHLWAPI.dll
0x000007fefda50000 - 0x000007fefda7e000 	C:\Windows\system32\IMM32.DLL
0x000007fefdb00000 - 0x000007fefdc09000 	C:\Windows\system32\MSCTF.dll
0x000000005ee50000 - 0x000000005ef22000 	C:\Program Files\Java\jdk1.8.0_60\jre\bin\msvcr100.dll
0x000000006fd90000 - 0x0000000070619000 	C:\Program Files\Java\jdk1.8.0_60\jre\bin\server\jvm.dll
0x000007fefb200000 - 0x000007fefb209000 	C:\Windows\system32\WSOCK32.dll
0x000007fefdcb0000 - 0x000007fefdcfd000 	C:\Windows\system32\WS2_32.dll
0x000007fefe1f0000 - 0x000007fefe1f8000 	C:\Windows\system32\NSI.dll
0x000007fefbb70000 - 0x000007fefbbab000 	C:\Windows\system32\WINMM.dll
0x000007fefc7e0000 - 0x000007fefc7ec000 	C:\Windows\system32\VERSION.dll
0x0000000077900000 - 0x0000000077907000 	C:\Windows\system32\PSAPI.DLL
0x000000006c820000 - 0x000000006c82f000 	C:\Program Files\Java\jdk1.8.0_60\jre\bin\verify.dll
0x000000006c7a0000 - 0x000000006c7c9000 	C:\Program Files\Java\jdk1.8.0_60\jre\bin\java.dll
0x000000006c6a0000 - 0x000000006c6b6000 	C:\Program Files\Java\jdk1.8.0_60\jre\bin\zip.dll
0x000007fefe540000 - 0x000007feff2c8000 	C:\Windows\system32\SHELL32.dll
0x000007feff830000 - 0x000007feffa33000 	C:\Windows\system32\ole32.dll
0x000007fefd680000 - 0x000007fefd68f000 	C:\Windows\system32\profapi.dll

VM Arguments:
jvm_args: -Djava.awt.headless=true -Xmx1024M -Dfile.encoding=windows-1252 -Duser.country=US -Duser.language=en -Duser.variant 
java_command: com.android.dx.command.Main --dex --force-jumbo --num-threads=4 --output D:\project\AndroidStudioProjects\PersonalUtilitiesForLife\app\build\intermediates\pre-dexed\debug\com.google.android.gms-play-services-games-9.0.2_188703bfaec3c283247b9620280773d1417d63d8.jar D:\project\AndroidStudioProjects\PersonalUtilitiesForLife\app\build\intermediates\exploded-aar\com.google.android.gms\play-services-games\9.0.2\jars\classes.jar
java_class_path (initial): D:\Android\sdk\build-tools\23.0.3\lib\dx.jar
Launcher Type: SUN_STANDARD

Environment Variables:
JAVA_HOME=C:\Program Files\Java\jdk1.8.0_60
PATH=C:\ProgramData\Oracle\Java\javapath;C:\Program Files\Common Files\Microsoft Shared\Windows Live;C:\Program Files (x86)\HP SimplePass\x64;C:\Program Files (x86)\HP SimplePass\;;C:\Windows\system32;C:\Windows;C:\Windows\System32\Wbem;C:\Windows\System32\WindowsPowerShell\v1.0\;C:\Program Files (x86)\Java\jdk1.7.0_09\bin;C:\Strawberry\c\bin;C:\Strawberry\perl\site\bin;C:\Strawberry\perl\bin;C:\Program Files (x86)\Intel\OpenCL SDK\2.0\bin\x86;C:\Program Files (x86)\Intel\OpenCL SDK\2.0\bin\x64;C:\PROGRA~2\PICC;C:\Program Files (x86)\Microchip\xc16\v1.25\bin;C:\Program Files (x86)\Microchip\xc8\v1.35\bin;C:\Program Files\Java\jre1.8.0_65\bin;C:\Program Files\Java\jdk1.8.0_60\jre\bin;D:\Android\sdk\platform-tools;C:\Program Files\Common Files\Microsoft Shared\Windows Live;C:\Program Files\Java\jre1.8.0_65\bin
USERNAME=Nhut
OS=Windows_NT
PROCESSOR_IDENTIFIER=Intel64 Family 6 Model 42 Stepping 7, GenuineIntel



---------------  S Y S T E M  ---------------

OS: Windows 7 , 64 bit Build 7601 (6.1.7601.17514)

CPU:total 8 (4 cores per cpu, 2 threads per core) family 6 model 42 stepping 7, cmov, cx8, fxsr, mmx, sse, sse2, sse3, ssse3, sse4.1, sse4.2, popcnt, avx, aes, clmul, ht, tsc, tscinvbit

Memory: 4k page, physical 6238064k(343516k free), swap 8333368k(5228k free)

vm_info: Java HotSpot(TM) 64-Bit Server VM (25.60-b23) for windows-amd64 JRE (1.8.0_60-b27), built on Aug  4 2015 11:06:27 by "java_re" with MS VC++ 10.0 (VS2010)

time: Sun Jul 10 15:44:02 2016
elapsed time: 4 seconds (0d 0h 0m 4s)

