#
# There is insufficient memory for the Java Runtime Environment to continue.
# Native memory allocation (malloc) failed to allocate 703696 bytes for Chunk::new
# Possible reasons:
#   The system is out of physical RAM or swap space
#   In 32 bit mode, the process size limit was hit
# Possible solutions:
#   Reduce memory load on the system
#   Increase physical memory or swap space
#   Check if swap backing store is full
#   Use 64 bit Java on a 64 bit OS
#   Decrease Java heap size (-Xmx/-Xms)
#   Decrease number of Java threads
#   Decrease Java thread stack sizes (-Xss)
#   Set larger code cache with -XX:ReservedCodeCacheSize=
# This output file may be truncated or incomplete.
#
#  Out of Memory Error (allocation.cpp:390), pid=10104, tid=7616
#
# JRE version: Java(TM) SE Runtime Environment (8.0_60-b27) (build 1.8.0_60-b27)
# Java VM: Java HotSpot(TM) 64-Bit Server VM (25.60-b23 mixed mode windows-amd64 compressed oops)
# Failed to write core dump. Minidumps are not enabled by default on client versions of Windows
#

---------------  T H R E A D  ---------------

Current thread (0x00000000165c9000):  JavaThread "C2 CompilerThread0" daemon [_thread_in_native, id=7616, stack(0x0000000017c60000,0x0000000017d60000)]

Stack: [0x0000000017c60000,0x0000000017d60000]
[error occurred during error reporting (printing stack bounds), id 0xc0000005]

Native frames: (J=compiled Java code, j=interpreted, Vv=VM code, C=native code)


Current CompileTask:
C2:   4490  967       4       com.android.dx.dex.code.OutputFinisher::addConstants (93 bytes)


---------------  P R O C E S S  ---------------

Java Threads: ( => current thread )
  0x00000000191c5800 JavaThread "pool-1-thread-1" [_thread_in_vm, id=9480, stack(0x00000000184b0000,0x00000000185b0000)]
  0x0000000016675000 JavaThread "Service Thread" daemon [_thread_blocked, id=5676, stack(0x0000000018300000,0x0000000018400000)]
  0x00000000165f3000 JavaThread "C1 CompilerThread3" daemon [_thread_in_vm, id=2380, stack(0x00000000181b0000,0x00000000182b0000)]
  0x00000000165e7800 JavaThread "C2 CompilerThread2" daemon [_thread_blocked, id=7604, stack(0x0000000017fe0000,0x00000000180e0000)]
  0x00000000165d2800 JavaThread "C2 CompilerThread1" daemon [_thread_blocked, id=6432, stack(0x0000000017ed0000,0x0000000017fd0000)]
=>0x00000000165c9000 JavaThread "C2 CompilerThread0" daemon [_thread_in_native, id=7616, stack(0x0000000017c60000,0x0000000017d60000)]
  0x00000000165c7800 JavaThread "Attach Listener" daemon [_thread_blocked, id=7856, stack(0x00000000178d0000,0x00000000179d0000)]
  0x00000000165d8000 JavaThread "Signal Dispatcher" daemon [_thread_blocked, id=6804, stack(0x00000000179f0000,0x0000000017af0000)]
  0x000000001573c000 JavaThread "Finalizer" daemon [_thread_blocked, id=7752, stack(0x00000000177c0000,0x00000000178c0000)]
  0x0000000015734800 JavaThread "Reference Handler" daemon [_thread_blocked, id=7384, stack(0x0000000017530000,0x0000000017630000)]
  0x000000000044e000 JavaThread "main" [_thread_blocked, id=7628, stack(0x0000000002570000,0x0000000002670000)]

Other Threads:
  0x0000000016580800 VMThread [stack: 0x0000000017630000,0x0000000017730000] [id=3220]
  0x0000000016691800 WatcherThread [stack: 0x0000000017dd0000,0x0000000017ed0000] [id=2220]

VM state:not at safepoint (normal execution)

VM Mutex/Monitor currently owned by a thread: None

Heap:
 PSYoungGen      total 28672K, used 19974K [0x00000000eab00000, 0x00000000ecb00000, 0x0000000100000000)
  eden space 24576K, 81% used [0x00000000eab00000,0x00000000ebe81870,0x00000000ec300000)
  from space 4096K, 0% used [0x00000000ec700000,0x00000000ec700000,0x00000000ecb00000)
  to   space 4096K, 0% used [0x00000000ec300000,0x00000000ec300000,0x00000000ec700000)
 ParOldGen       total 65536K, used 0K [0x00000000c0000000, 0x00000000c4000000, 0x00000000eab00000)
  object space 65536K, 0% used [0x00000000c0000000,0x00000000c0000000,0x00000000c4000000)
 Metaspace       used 5692K, capacity 6832K, committed 7040K, reserved 1056768K
  class space    used 586K, capacity 616K, committed 640K, reserved 1048576K

Card table byte_map: [0x0000000011d00000,0x0000000011f10000] byte_map_base: 0x0000000011700000

Marking Bits: (ParMarkBitMap*) 0x000000006325a5b0
 Begin Bits: [0x0000000012b50000, 0x0000000013b50000)
 End Bits:   [0x0000000013b50000, 0x0000000014b50000)

Polling page: 0x0000000000130000

CodeCache: size=245760Kb used=3960Kb max_used=3960Kb free=241799Kb
 bounds [0x0000000002940000, 0x0000000002d30000, 0x0000000011940000]
 total_blobs=1254 nmethods=993 adapters=174
 compilation: enabled

Compilation events (10 events):
Event: 4.485 Thread 0x00000000165f3000 nmethod 1000 0x0000000002d15290 code [0x0000000002d153e0, 0x0000000002d154f0]
Event: 4.485 Thread 0x00000000165f3000 1001       3       com.android.dx.dex.code.OutputFinisher::findOpcodeForInsn (51 bytes)
Event: 4.486 Thread 0x00000000165f3000 nmethod 1001 0x0000000002d1e610 code [0x0000000002d1e7e0, 0x0000000002d1efb8]
Event: 4.486 Thread 0x00000000165f3000 1002       1       com.android.dx.dex.code.DalvInsn::getRegisters (5 bytes)
Event: 4.486 Thread 0x00000000165f3000 nmethod 1002 0x0000000002d1f350 code [0x0000000002d1f4a0, 0x0000000002d1f5b0]
Event: 4.486 Thread 0x00000000165f3000 1003       1       com.android.dx.dex.code.ZeroSizeInsn::codeSize (2 bytes)
Event: 4.486 Thread 0x00000000165f3000 nmethod 1003 0x0000000002d1f610 code [0x0000000002d1f760, 0x0000000002d1f870]
Event: 4.487 Thread 0x00000000165f3000 1004       3       com.android.dx.dex.code.DalvInsn::setAddress (20 bytes)
Event: 4.487 Thread 0x00000000165f3000 nmethod 1004 0x0000000002d1f8d0 code [0x0000000002d1fa40, 0x0000000002d1fc88]
Event: 4.488 Thread 0x00000000165f3000 1005       3       com.android.dx.dex.code.DalvInsnList::set (7 bytes)

GC Heap History (0 events):
No events

Deoptimization events (7 events):
Event: 3.350 Thread 0x000000001673e000 Uncommon trap: reason=null_check action=make_not_entrant pc=0x0000000002b74d10 method=com.android.dx.ssa.SsaRenamer.getLocalForNewReg(I)Lcom/android/dx/rop/code/LocalItem; @ 19
Event: 3.567 Thread 0x000000001673e000 Uncommon trap: reason=null_check action=make_not_entrant pc=0x0000000002b83998 method=com.android.dx.ssa.SsaRenamer.getLocalForNewReg(I)Lcom/android/dx/rop/code/LocalItem; @ 19
Event: 3.635 Thread 0x000000001673e000 Uncommon trap: reason=class_check action=maybe_recompile pc=0x0000000002b88004 method=java.util.Collections$UnmodifiableCollection$1.hasNext()Z @ 4
Event: 3.635 Thread 0x000000001673e000 Uncommon trap: reason=class_check action=maybe_recompile pc=0x0000000002b88004 method=java.util.Collections$UnmodifiableCollection$1.hasNext()Z @ 4
Event: 3.635 Thread 0x000000001673e000 Uncommon trap: reason=class_check action=maybe_recompile pc=0x0000000002b88004 method=java.util.Collections$UnmodifiableCollection$1.hasNext()Z @ 4
Event: 3.635 Thread 0x000000001673e000 Uncommon trap: reason=class_check action=maybe_recompile pc=0x0000000002b88004 method=java.util.Collections$UnmodifiableCollection$1.hasNext()Z @ 4
Event: 4.357 Thread 0x00000000191c5800 Uncommon trap: reason=unstable_if action=reinterpret pc=0x0000000002cc9a64 method=java.util.HashMap.putVal(ILjava/lang/Object;Ljava/lang/Object;ZZ)Ljava/lang/Object; @ 94

Internal exceptions (4 events):
Event: 0.238 Thread 0x000000000044e000 Exception <a 'java/lang/NoSuchMethodError': Method sun.misc.Unsafe.defineClass(Ljava/lang/String;[BII)Ljava/lang/Class; name or signature does not match> (0x00000000eab0d750) thrown at [C:\re\workspace\8-2-build-windows-amd64-cygwin\jdk8u60\4407\hotspot\srõ3e`Î?
Event: 0.238 Thread 0x000000000044e000 Exception <a 'java/lang/NoSuchMethodError': Method sun.misc.Unsafe.prefetchRead(Ljava/lang/Object;J)V name or signature does not match> (0x00000000eab0da38) thrown at [C:\re\workspace\8-2-build-windows-amd64-cygwin\jdk8u60\4407\hotspot\src\share\vm\prims\jjkOi2Í
@
Event: 3.350 Thread 0x000000001673e000 Implicit null exception at 0x0000000002b7335a to 0x0000000002b74cf1
Event: 3.567 Thread 0x000000001673e000 Implicit null exception at 0x0000000002b81dcf to 0x0000000002b83955

Events (10 events):
Event: 4.481 loading class java/util/Collections$1
Event: 4.481 loading class java/util/Collections$1 done
Event: 4.482 loading class com/android/dx/dex/file/MixedItemSection$2
Event: 4.482 loading class com/android/dx/dex/file/MixedItemSection$2 done
Event: 4.482 Executing VM operation: EnableBiasedLocking
Event: 4.482 Executing VM operation: EnableBiasedLocking done
Event: 4.483 loading class com/android/dx/dex/file/CodeItem$1
Event: 4.483 loading class com/android/dx/dex/file/CodeItem$1 done
Event: 4.487 loading class com/android/dx/dex/code/DalvInsnList
Event: 4.487 loading class com/android/dx/dex/code/DalvInsnList done


Dynamic libraries:
0x000000013f690000 - 0x000000013f6c7000 	C:\Program Files\Java\jdk1.8.0_60\bin\java.exe
0x0000000077240000 - 0x00000000773e9000 	C:\Windows\SYSTEM32\ntdll.dll
0x0000000077120000 - 0x000000007723f000 	C:\Windows\system32\kernel32.dll
0x000007fefd280000 - 0x000007fefd2eb000 	C:\Windows\system32\KERNELBASE.dll
0x000007fefd770000 - 0x000007fefd84b000 	C:\Windows\system32\ADVAPI32.dll
0x000007fefea20000 - 0x000007fefeabf000 	C:\Windows\system32\msvcrt.dll
0x000007fefea00000 - 0x000007fefea1f000 	C:\Windows\SYSTEM32\sechost.dll
0x000007fefeaf0000 - 0x000007fefec1d000 	C:\Windows\system32\RPCRT4.dll
0x0000000077020000 - 0x000000007711a000 	C:\Windows\system32\USER32.dll
0x000007fefda30000 - 0x000007fefda97000 	C:\Windows\system32\GDI32.dll
0x000007fefe920000 - 0x000007fefe92e000 	C:\Windows\system32\LPK.dll
0x000007fefed50000 - 0x000007fefee19000 	C:\Windows\system32\USP10.dll
0x000007fefbc30000 - 0x000007fefbe24000 	C:\Windows\WinSxS\amd64_microsoft.windows.common-controls_6595b64144ccf1df_6.0.7601.17514_none_fa396087175ac9ac\COMCTL32.dll
0x000007fefe930000 - 0x000007fefe9a1000 	C:\Windows\system32\SHLWAPI.dll
0x000007fefeac0000 - 0x000007fefeaee000 	C:\Windows\system32\IMM32.DLL
0x000007fefd560000 - 0x000007fefd669000 	C:\Windows\system32\MSCTF.dll
0x0000000052730000 - 0x0000000052802000 	C:\Program Files\Java\jdk1.8.0_60\jre\bin\msvcr100.dll
0x0000000062a50000 - 0x00000000632d9000 	C:\Program Files\Java\jdk1.8.0_60\jre\bin\server\jvm.dll
0x000007fef39a0000 - 0x000007fef39a9000 	C:\Windows\system32\WSOCK32.dll
0x000007fefe9b0000 - 0x000007fefe9fd000 	C:\Windows\system32\WS2_32.dll
0x000007fefe910000 - 0x000007fefe918000 	C:\Windows\system32\NSI.dll
0x000007fefb680000 - 0x000007fefb6bb000 	C:\Windows\system32\WINMM.dll
0x000007fefc2f0000 - 0x000007fefc2fc000 	C:\Windows\system32\VERSION.dll
0x0000000077410000 - 0x0000000077417000 	C:\Windows\system32\PSAPI.DLL
0x0000000069bc0000 - 0x0000000069bcf000 	C:\Program Files\Java\jdk1.8.0_60\jre\bin\verify.dll
0x0000000069880000 - 0x00000000698a9000 	C:\Program Files\Java\jdk1.8.0_60\jre\bin\java.dll
0x0000000069860000 - 0x0000000069876000 	C:\Program Files\Java\jdk1.8.0_60\jre\bin\zip.dll
0x000007fefdb80000 - 0x000007fefe908000 	C:\Windows\system32\SHELL32.dll
0x000007feff320000 - 0x000007feff523000 	C:\Windows\system32\ole32.dll
0x000007fefd190000 - 0x000007fefd19f000 	C:\Windows\system32\profapi.dll

VM Arguments:
jvm_args: -Djava.awt.headless=true -Xmx1024M -Dfile.encoding=windows-1252 -Duser.country=US -Duser.language=en -Duser.variant 
java_command: com.android.dx.command.Main --dex --force-jumbo --num-threads=4 --multi-dex --output D:\project\AndroidStudioProjects\PersonalUtilitiesForLife\app\build\intermediates\transforms\dex\debug\folders\1000\5\slice_1 D:\project\AndroidStudioProjects\PersonalUtilitiesForLife\app\build\intermediates\transforms\instantRunSlicer\debug\folders\1\5\slice_1
java_class_path (initial): D:\Android\sdk\build-tools\23.0.3\lib\dx.jar
Launcher Type: SUN_STANDARD

Environment Variables:
JAVA_HOME=C:\Program Files\Java\jdk1.8.0_60
PATH=C:\ProgramData\Oracle\Java\javapath;C:\Program Files\Common Files\Microsoft Shared\Windows Live;C:\Program Files (x86)\HP SimplePass\x64;C:\Program Files (x86)\HP SimplePass\;;C:\Windows\system32;C:\Windows;C:\Windows\System32\Wbem;C:\Windows\System32\WindowsPowerShell\v1.0\;C:\Program Files (x86)\Java\jdk1.7.0_09\bin;C:\Strawberry\c\bin;C:\Strawberry\perl\site\bin;C:\Strawberry\perl\bin;C:\Program Files (x86)\Intel\OpenCL SDK\2.0\bin\x86;C:\Program Files (x86)\Intel\OpenCL SDK\2.0\bin\x64;C:\PROGRA~2\PICC;C:\Program Files (x86)\Microchip\xc16\v1.25\bin;C:\Program Files (x86)\Microchip\xc8\v1.35\bin;C:\Program Files\Java\jre1.8.0_65\bin;C:\Program Files\Java\jdk1.8.0_60\jre\bin;D:\Android\sdk\platform-tools;C:\Program Files\Common Files\Microsoft Shared\Windows Live;C:\Program Files\Java\jre1.8.0_65\bin
USERNAME=Nhut
OS=Windows_NT
PROCESSOR_IDENTIFIER=Intel64 Family 6 Model 42 Stepping 7, GenuineIntel



---------------  S Y S T E M  ---------------

OS: Windows 7 , 64 bit Build 7601 (6.1.7601.17514)

CPU:total 8 (4 cores per cpu, 2 threads per core) family 6 model 42 stepping 7, cmov, cx8, fxsr, mmx, sse, sse2, sse3, ssse3, sse4.1, sse4.2, popcnt, avx, aes, clmul, ht, tsc, tscinvbit

Memory: 4k page, physical 6238064k(779472k free), swap 8333368k(5160k free)

vm_info: Java HotSpot(TM) 64-Bit Server VM (25.60-b23) for windows-amd64 JRE (1.8.0_60-b27), built on Aug  4 2015 11:06:27 by "java_re" with MS VC++ 10.0 (VS2010)

time: Wed Jul 06 05:58:36 2016
elapsed time: 4 seconds (0d 0h 0m 4s)

