#
# There is insufficient memory for the Java Runtime Environment to continue.
# Native memory allocation (malloc) failed to allocate 1091056 bytes for Chunk::new
# Possible reasons:
#   The system is out of physical RAM or swap space
#   In 32 bit mode, the process size limit was hit
# Possible solutions:
#   Reduce memory load on the system
#   Increase physical memory or swap space
#   Check if swap backing store is full
#   Use 64 bit Java on a 64 bit OS
#   Decrease Java heap size (-Xmx/-Xms)
#   Decrease number of Java threads
#   Decrease Java thread stack sizes (-Xss)
#   Set larger code cache with -XX:ReservedCodeCacheSize=
# This output file may be truncated or incomplete.
#
#  Out of Memory Error (allocation.cpp:390), pid=3480, tid=10208
#
# JRE version: Java(TM) SE Runtime Environment (8.0_60-b27) (build 1.8.0_60-b27)
# Java VM: Java HotSpot(TM) 64-Bit Server VM (25.60-b23 mixed mode windows-amd64 compressed oops)
# Failed to write core dump. Minidumps are not enabled by default on client versions of Windows
#

---------------  T H R E A D  ---------------

Current thread (0x00000000168af800):  JavaThread "C2 CompilerThread0" daemon [_thread_in_native, id=10208, stack(0x0000000017ff0000,0x00000000180f0000)]

Stack: [0x0000000017ff0000,0x00000000180f0000]
[error occurred during error reporting (printing stack bounds), id 0xc0000005]

Native frames: (J=compiled Java code, j=interpreted, Vv=VM code, C=native code)


Current CompileTask:
C2:  14089 2506       4       com.android.dx.cf.code.Simulator$SimVisitor::visitNoArgs (2108 bytes)


---------------  P R O C E S S  ---------------

Java Threads: ( => current thread )
  0x0000000018715800 JavaThread "pool-2-thread-4" [_thread_blocked, id=7156, stack(0x00000000193d0000,0x00000000194d0000)]
  0x0000000018729800 JavaThread "pool-2-thread-3" [_thread_blocked, id=8368, stack(0x0000000018100000,0x0000000018200000)]
  0x0000000016b6e800 JavaThread "pool-2-thread-2" [_thread_blocked, id=3860, stack(0x0000000019110000,0x0000000019210000)]
  0x0000000018825000 JavaThread "pool-3-thread-1" [_thread_blocked, id=9484, stack(0x0000000019220000,0x0000000019320000)]
  0x0000000016bb7800 JavaThread "pool-2-thread-1" [_thread_blocked, id=9856, stack(0x0000000018fe0000,0x00000000190e0000)]
  0x000000001693e000 JavaThread "Service Thread" daemon [_thread_blocked, id=9444, stack(0x0000000017d40000,0x0000000017e40000)]
  0x00000000168b6000 JavaThread "C1 CompilerThread3" daemon [_thread_blocked, id=7812, stack(0x0000000018480000,0x0000000018580000)]
  0x00000000168a7000 JavaThread "C2 CompilerThread2" daemon [_thread_blocked, id=10092, stack(0x0000000018320000,0x0000000018420000)]
  0x00000000168a4800 JavaThread "C2 CompilerThread1" daemon [_thread_blocked, id=6044, stack(0x0000000018210000,0x0000000018310000)]
=>0x00000000168af800 JavaThread "C2 CompilerThread0" daemon [_thread_in_native, id=10208, stack(0x0000000017ff0000,0x00000000180f0000)]
  0x00000000168ae800 JavaThread "Attach Listener" daemon [_thread_blocked, id=9596, stack(0x0000000017ae0000,0x0000000017be0000)]
  0x00000000168ad000 JavaThread "Signal Dispatcher" daemon [_thread_blocked, id=10228, stack(0x0000000017e40000,0x0000000017f40000)]
  0x00000000157f1800 JavaThread "Finalizer" daemon [_thread_blocked, id=9228, stack(0x0000000017c30000,0x0000000017d30000)]
  0x00000000157e7800 JavaThread "Reference Handler" daemon [_thread_blocked, id=10112, stack(0x0000000017980000,0x0000000017a80000)]
  0x000000000019e800 JavaThread "main" [_thread_in_native, id=2508, stack(0x00000000025d0000,0x00000000026d0000)]

Other Threads:
  0x0000000016852800 VMThread [stack: 0x0000000017840000,0x0000000017940000] [id=7568]
  0x000000001695f000 WatcherThread [stack: 0x00000000185e0000,0x00000000186e0000] [id=8024]

VM state:not at safepoint (normal execution)

VM Mutex/Monitor currently owned by a thread: None

Heap:
 PSYoungGen      total 232960K, used 132047K [0x00000000eab00000, 0x0000000100000000, 0x0000000100000000)
  eden space 116736K, 79% used [0x00000000eab00000,0x00000000f055ff08,0x00000000f1d00000)
  from space 116224K, 33% used [0x00000000f1d00000,0x00000000f4394030,0x00000000f8e80000)
  to   space 116224K, 0% used [0x00000000f8e80000,0x00000000f8e80000,0x0000000100000000)
 ParOldGen       total 307712K, used 248943K [0x00000000c0000000, 0x00000000d2c80000, 0x00000000eab00000)
  object space 307712K, 80% used [0x00000000c0000000,0x00000000cf31bd68,0x00000000d2c80000)
 Metaspace       used 6516K, capacity 7256K, committed 7424K, reserved 1056768K
  class space    used 621K, capacity 656K, committed 768K, reserved 1048576K

Card table byte_map: [0x0000000011d60000,0x0000000011f70000] byte_map_base: 0x0000000011760000

Marking Bits: (ParMarkBitMap*) 0x000000006325a5b0
 Begin Bits: [0x0000000012c00000, 0x0000000013c00000)
 End Bits:   [0x0000000013c00000, 0x0000000014c00000)

Polling page: 0x0000000000140000

CodeCache: size=245760Kb used=8455Kb max_used=10513Kb free=237305Kb
 bounds [0x00000000029a0000, 0x0000000003420000, 0x00000000119a0000]
 total_blobs=2179 nmethods=1910 adapters=181
 compilation: enabled

Compilation events (10 events):
Event: 13.421 Thread 0x00000000168a7000 nmethod 2498 0x00000000032235d0 code [0x0000000003223700, 0x0000000003223758]
Event: 13.421 Thread 0x00000000168a7000 2463       4       com.android.dx.ssa.SsaMethod$1::visitPhiInsn (17 bytes)
Event: 13.422 Thread 0x00000000168a7000 nmethod 2463 0x0000000002b651d0 code [0x0000000002b65320, 0x0000000002b65418]
Event: 13.422 Thread 0x00000000168a7000 2481       4       com.android.dx.ssa.SsaMethod$2::visitPhiInsn (6 bytes)
Event: 13.422 Thread 0x00000000168a7000 nmethod 2481 0x0000000002d25b90 code [0x0000000002d25ce0, 0x0000000002d25d48]
Event: 13.422 Thread 0x00000000168a7000 2475       4       java.lang.String::substring (56 bytes)
Event: 13.424 Thread 0x00000000168a4800 nmethod 2470 0x0000000002e6d590 code [0x0000000002e6d700, 0x0000000002e6de18]
Event: 13.424 Thread 0x00000000168a4800 2461   !   4       com.android.dx.cf.code.Simulator::simulate (74 bytes)
Event: 13.426 Thread 0x00000000168a7000 nmethod 2475 0x0000000002b733d0 code [0x0000000002b73540, 0x0000000002b738f8]
Event: 13.427 Thread 0x00000000168a4800 nmethod 2461 0x0000000002bab310 code [0x0000000002bab480, 0x0000000002bab638]

GC Heap History (10 events):
Event: 10.232 GC heap before
{Heap before GC invocations=14 (full 3):
 PSYoungGen      total 232960K, used 116209K [0x00000000eab00000, 0x0000000100000000, 0x0000000100000000)
  eden space 116736K, 0% used [0x00000000eab00000,0x00000000eab00000,0x00000000f1d00000)
  from space 116224K, 99% used [0x00000000f1d00000,0x00000000f8e7c520,0x00000000f8e80000)
  to   space 116224K, 0% used [0x00000000f8e80000,0x00000000f8e80000,0x0000000100000000)
 ParOldGen       total 219136K, used 173126K [0x00000000c0000000, 0x00000000cd600000, 0x00000000eab00000)
  object space 219136K, 79% used [0x00000000c0000000,0x00000000ca911bf8,0x00000000cd600000)
 Metaspace       used 6445K, capacity 7192K, committed 7424K, reserved 1056768K
  class space    used 621K, capacity 656K, committed 768K, reserved 1048576K
Event: 10.782 GC heap after
Heap after GC invocations=14 (full 3):
 PSYoungGen      total 232960K, used 0K [0x00000000eab00000, 0x0000000100000000, 0x0000000100000000)
  eden space 116736K, 0% used [0x00000000eab00000,0x00000000eab00000,0x00000000f1d00000)
  from space 116224K, 0% used [0x00000000f1d00000,0x00000000f1d00000,0x00000000f8e80000)
  to   space 116224K, 0% used [0x00000000f8e80000,0x00000000f8e80000,0x0000000100000000)
 ParOldGen       total 307712K, used 193780K [0x00000000c0000000, 0x00000000d2c80000, 0x00000000eab00000)
  object space 307712K, 62% used [0x00000000c0000000,0x00000000cbd3d150,0x00000000d2c80000)
 Metaspace       used 6445K, capacity 7192K, committed 7424K, reserved 1056768K
  class space    used 621K, capacity 656K, committed 768K, reserved 1048576K
}
Event: 11.322 GC heap before
{Heap before GC invocations=15 (full 3):
 PSYoungGen      total 232960K, used 116735K [0x00000000eab00000, 0x0000000100000000, 0x0000000100000000)
  eden space 116736K, 99% used [0x00000000eab00000,0x00000000f1cfff40,0x00000000f1d00000)
  from space 116224K, 0% used [0x00000000f1d00000,0x00000000f1d00000,0x00000000f8e80000)
  to   space 116224K, 0% used [0x00000000f8e80000,0x00000000f8e80000,0x0000000100000000)
 ParOldGen       total 307712K, used 193780K [0x00000000c0000000, 0x00000000d2c80000, 0x00000000eab00000)
  object space 307712K, 62% used [0x00000000c0000000,0x00000000cbd3d150,0x00000000d2c80000)
 Metaspace       used 6449K, capacity 7192K, committed 7424K, reserved 1056768K
  class space    used 621K, capacity 656K, committed 768K, reserved 1048576K
Event: 11.394 GC heap after
Heap after GC invocations=15 (full 3):
 PSYoungGen      total 232960K, used 37847K [0x00000000eab00000, 0x0000000100000000, 0x0000000100000000)
  eden space 116736K, 0% used [0x00000000eab00000,0x00000000eab00000,0x00000000f1d00000)
  from space 116224K, 32% used [0x00000000f8e80000,0x00000000fb375c98,0x0000000100000000)
  to   space 116224K, 0% used [0x00000000f1d00000,0x00000000f1d00000,0x00000000f8e80000)
 ParOldGen       total 307712K, used 193780K [0x00000000c0000000, 0x00000000d2c80000, 0x00000000eab00000)
  object space 307712K, 62% used [0x00000000c0000000,0x00000000cbd3d150,0x00000000d2c80000)
 Metaspace       used 6449K, capacity 7192K, committed 7424K, reserved 1056768K
  class space    used 621K, capacity 656K, committed 768K, reserved 1048576K
}
Event: 11.548 GC heap before
{Heap before GC invocations=16 (full 3):
 PSYoungGen      total 232960K, used 154583K [0x00000000eab00000, 0x0000000100000000, 0x0000000100000000)
  eden space 116736K, 100% used [0x00000000eab00000,0x00000000f1d00000,0x00000000f1d00000)
  from space 116224K, 32% used [0x00000000f8e80000,0x00000000fb375c98,0x0000000100000000)
  to   space 116224K, 0% used [0x00000000f1d00000,0x00000000f1d00000,0x00000000f8e80000)
 ParOldGen       total 307712K, used 193780K [0x00000000c0000000, 0x00000000d2c80000, 0x00000000eab00000)
  object space 307712K, 62% used [0x00000000c0000000,0x00000000cbd3d150,0x00000000d2c80000)
 Metaspace       used 6449K, capacity 7192K, committed 7424K, reserved 1056768K
  class space    used 621K, capacity 656K, committed 768K, reserved 1048576K
Event: 11.617 GC heap after
Heap after GC invocations=16 (full 3):
 PSYoungGen      total 232960K, used 99671K [0x00000000eab00000, 0x0000000100000000, 0x0000000100000000)
  eden space 116736K, 0% used [0x00000000eab00000,0x00000000eab00000,0x00000000f1d00000)
  from space 116224K, 85% used [0x00000000f1d00000,0x00000000f7e55f28,0x00000000f8e80000)
  to   space 116224K, 0% used [0x00000000f8e80000,0x00000000f8e80000,0x0000000100000000)
 ParOldGen       total 307712K, used 193780K [0x00000000c0000000, 0x00000000d2c80000, 0x00000000eab00000)
  object space 307712K, 62% used [0x00000000c0000000,0x00000000cbd3d150,0x00000000d2c80000)
 Metaspace       used 6449K, capacity 7192K, committed 7424K, reserved 1056768K
  class space    used 621K, capacity 656K, committed 768K, reserved 1048576K
}
Event: 11.908 GC heap before
{Heap before GC invocations=17 (full 3):
 PSYoungGen      total 232960K, used 216407K [0x00000000eab00000, 0x0000000100000000, 0x0000000100000000)
  eden space 116736K, 100% used [0x00000000eab00000,0x00000000f1d00000,0x00000000f1d00000)
  from space 116224K, 85% used [0x00000000f1d00000,0x00000000f7e55f28,0x00000000f8e80000)
  to   space 116224K, 0% used [0x00000000f8e80000,0x00000000f8e80000,0x0000000100000000)
 ParOldGen       total 307712K, used 193780K [0x00000000c0000000, 0x00000000d2c80000, 0x00000000eab00000)
  object space 307712K, 62% used [0x00000000c0000000,0x00000000cbd3d150,0x00000000d2c80000)
 Metaspace       used 6477K, capacity 7192K, committed 7424K, reserved 1056768K
  class space    used 621K, capacity 656K, committed 768K, reserved 1048576K
Event: 11.987 GC heap after
Heap after GC invocations=17 (full 3):
 PSYoungGen      total 232960K, used 60733K [0x00000000eab00000, 0x0000000100000000, 0x0000000100000000)
  eden space 116736K, 0% used [0x00000000eab00000,0x00000000eab00000,0x00000000f1d00000)
  from space 116224K, 52% used [0x00000000f8e80000,0x00000000fc9cf7f0,0x0000000100000000)
  to   space 116224K, 0% used [0x00000000f1d00000,0x00000000f1d00000,0x00000000f8e80000)
 ParOldGen       total 307712K, used 224806K [0x00000000c0000000, 0x00000000d2c80000, 0x00000000eab00000)
  object space 307712K, 73% used [0x00000000c0000000,0x00000000cdb89b08,0x00000000d2c80000)
 Metaspace       used 6477K, capacity 7192K, committed 7424K, reserved 1056768K
  class space    used 621K, capacity 656K, committed 768K, reserved 1048576K
}
Event: 12.153 GC heap before
{Heap before GC invocations=18 (full 3):
 PSYoungGen      total 232960K, used 177469K [0x00000000eab00000, 0x0000000100000000, 0x0000000100000000)
  eden space 116736K, 100% used [0x00000000eab00000,0x00000000f1d00000,0x00000000f1d00000)
  from space 116224K, 52% used [0x00000000f8e80000,0x00000000fc9cf7f0,0x0000000100000000)
  to   space 116224K, 0% used [0x00000000f1d00000,0x00000000f1d00000,0x00000000f8e80000)
 ParOldGen       total 307712K, used 224806K [0x00000000c0000000, 0x00000000d2c80000, 0x00000000eab00000)
  object space 307712K, 73% used [0x00000000c0000000,0x00000000cdb89b08,0x00000000d2c80000)
 Metaspace       used 6484K, capacity 7256K, committed 7424K, reserved 1056768K
  class space    used 621K, capacity 656K, committed 768K, reserved 1048576K
Event: 12.198 GC heap after
Heap after GC invocations=18 (full 3):
 PSYoungGen      total 232960K, used 39504K [0x00000000eab00000, 0x0000000100000000, 0x0000000100000000)
  eden space 116736K, 0% used [0x00000000eab00000,0x00000000eab00000,0x00000000f1d00000)
  from space 116224K, 33% used [0x00000000f1d00000,0x00000000f4394030,0x00000000f8e80000)
  to   space 116224K, 0% used [0x00000000f8e80000,0x00000000f8e80000,0x0000000100000000)
 ParOldGen       total 307712K, used 248943K [0x00000000c0000000, 0x00000000d2c80000, 0x00000000eab00000)
  object space 307712K, 80% used [0x00000000c0000000,0x00000000cf31bd68,0x00000000d2c80000)
 Metaspace       used 6484K, capacity 7256K, committed 7424K, reserved 1056768K
  class space    used 621K, capacity 656K, committed 768K, reserved 1048576K
}

Deoptimization events (10 events):
Event: 9.064 Thread 0x0000000018729800 Uncommon trap: reason=class_check action=maybe_recompile pc=0x000000000322557c method=com.android.dx.ssa.back.InterferenceGraph.mergeInterferenceSet(ILcom/android/dx/util/IntSet;)V @ 20
Event: 9.072 Thread 0x0000000018729800 Uncommon trap: reason=class_check action=maybe_recompile pc=0x000000000322557c method=com.android.dx.ssa.back.InterferenceGraph.mergeInterferenceSet(ILcom/android/dx/util/IntSet;)V @ 20
Event: 9.607 Thread 0x000000000019e800 Uncommon trap: reason=bimorphic action=maybe_recompile pc=0x0000000002ffc5bc method=com.android.dx.cf.code.BytecodeArray.parseInstruction(ILcom/android/dx/cf/code/BytecodeArray$Visitor;)I @ 1501
Event: 9.607 Thread 0x000000000019e800 Uncommon trap: reason=bimorphic action=maybe_recompile pc=0x0000000002ffc5bc method=com.android.dx.cf.code.BytecodeArray.parseInstruction(ILcom/android/dx/cf/code/BytecodeArray$Visitor;)I @ 1501
Event: 9.699 Thread 0x000000000019e800 Uncommon trap: reason=unstable_if action=reinterpret pc=0x0000000003176f64 method=java.util.HashMap.putVal(ILjava/lang/Object;Ljava/lang/Object;ZZ)Ljava/lang/Object; @ 109
Event: 9.699 Thread 0x000000000019e800 Uncommon trap: reason=unstable_if action=reinterpret pc=0x0000000002cc0c4c method=java.util.HashMap.getNode(ILjava/lang/Object;)Ljava/util/HashMap$Node; @ 84
Event: 11.752 Thread 0x0000000018729800 Uncommon trap: reason=unstable_if action=reinterpret pc=0x0000000003133878 method=com.android.dx.cf.code.Merger.mergeStack(Lcom/android/dx/cf/code/ExecutionStack;Lcom/android/dx/cf/code/ExecutionStack;)Lcom/android/dx/cf/code/ExecutionStack; @ 2
Event: 11.752 Thread 0x0000000018729800 Uncommon trap: reason=unstable_if action=reinterpret pc=0x00000000031649e0 method=com.android.dx.cf.code.Merger.mergeStack(Lcom/android/dx/cf/code/ExecutionStack;Lcom/android/dx/cf/code/ExecutionStack;)Lcom/android/dx/cf/code/ExecutionStack; @ 2
Event: 13.272 Thread 0x0000000018715800 Uncommon trap: reason=unstable_if action=reinterpret pc=0x0000000003269f4c method=com.android.dx.ssa.back.IdenticalBlockCombiner.replaceSucc(Lcom/android/dx/rop/code/BasicBlock;II)V @ 30
Event: 13.309 Thread 0x0000000016bb7800 Uncommon trap: reason=unstable_if action=reinterpret pc=0x0000000002fe1c44 method=com.android.dx.ssa.MoveParamCombiner$1.visitNonMoveInsn(Lcom/android/dx/ssa/NormalSsaInsn;)V @ 27

Internal exceptions (6 events):
Event: 0.032 Thread 0x000000000019e800 Exception <a 'java/lang/NoSuchMethodError': Method sun.misc.Unsafe.defineClass(Ljava/lang/String;[BII)Ljava/lang/Class; name or signature does not match> (0x00000000eab0d4f0) thrown at [C:\re\workspace\8-2-build-windows-amd64-cygwin\jdk8u60\4407\hotspot\srZ«•®†?
Event: 0.033 Thread 0x000000000019e800 Exception <a 'java/lang/NoSuchMethodError': Method sun.misc.Unsafe.prefetchRead(Ljava/lang/Object;J)V name or signature does not match> (0x00000000eab0d7d8) thrown at [C:\re\workspace\8-2-build-windows-amd64-cygwin\jdk8u60\4407\hotspot\src\share\vm\prims\j>®Å—îª@
Event: 2.342 Thread 0x0000000016bb7800 Implicit null exception at 0x0000000002c48b12 to 0x0000000002c48c02
Event: 4.918 Thread 0x0000000016b6e800 Exception <a 'java/lang/ArrayIndexOutOfBoundsException': 18> (0x00000000eba61488) thrown at [C:\re\workspace\8-2-build-windows-amd64-cygwin\jdk8u60\4407\hotspot\src\share\vm\interpreter\interpreterRuntime.cpp, line 366]
Event: 4.919 Thread 0x0000000016b6e800 Exception <a 'java/lang/ArrayIndexOutOfBoundsException': 145> (0x00000000eba63008) thrown at [C:\re\workspace\8-2-build-windows-amd64-cygwin\jdk8u60\4407\hotspot\src\share\vm\interpreter\interpreterRuntime.cpp, line 366]
Event: 4.920 Thread 0x0000000016b6e800 Exception <a 'java/lang/ArrayIndexOutOfBoundsException': 40> (0x00000000eba642f0) thrown at [C:\re\workspace\8-2-build-windows-amd64-cygwin\jdk8u60\4407\hotspot\src\share\vm\interpreter\interpreterRuntime.cpp, line 366]

Events (10 events):
Event: 13.342 Thread 0x0000000016bb7800 DEOPT PACKING pc=0x0000000003021dd0 sp=0x00000000190dea30
Event: 13.342 Thread 0x0000000016bb7800 DEOPT UNPACKING pc=0x00000000029e787f sp=0x00000000190de7c0 mode 0
Event: 13.344 Thread 0x0000000016bb7800 DEOPT PACKING pc=0x000000000317a56e sp=0x00000000190deab0
Event: 13.344 Thread 0x0000000016bb7800 DEOPT UNPACKING pc=0x00000000029e787f sp=0x00000000190de828 mode 0
Event: 13.344 Thread 0x0000000016bb7800 DEOPT PACKING pc=0x00000000030b09b7 sp=0x00000000190dead0
Event: 13.344 Thread 0x0000000016bb7800 DEOPT UNPACKING pc=0x00000000029e787f sp=0x00000000190de7f8 mode 0
Event: 13.350 Thread 0x0000000016bb7800 DEOPT PACKING pc=0x0000000002aeba0b sp=0x00000000190de6c0
Event: 13.350 Thread 0x0000000016bb7800 DEOPT UNPACKING pc=0x00000000029e787f sp=0x00000000190de4e0 mode 0
Event: 13.368 Thread 0x0000000018729800 DEOPT PACKING pc=0x00000000030fcecc sp=0x00000000181fe540
Event: 13.368 Thread 0x0000000018729800 DEOPT UNPACKING pc=0x00000000029e787f sp=0x00000000181fe300 mode 0


Dynamic libraries:
0x000000013f690000 - 0x000000013f6c7000 	C:\Program Files\Java\jdk1.8.0_60\bin\java.exe
0x0000000077240000 - 0x00000000773e9000 	C:\Windows\SYSTEM32\ntdll.dll
0x0000000077120000 - 0x000000007723f000 	C:\Windows\system32\kernel32.dll
0x000007fefd280000 - 0x000007fefd2eb000 	C:\Windows\system32\KERNELBASE.dll
0x000007fefd770000 - 0x000007fefd84b000 	C:\Windows\system32\ADVAPI32.dll
0x000007fefea20000 - 0x000007fefeabf000 	C:\Windows\system32\msvcrt.dll
0x000007fefea00000 - 0x000007fefea1f000 	C:\Windows\SYSTEM32\sechost.dll
0x000007fefeaf0000 - 0x000007fefec1d000 	C:\Windows\system32\RPCRT4.dll
0x0000000077020000 - 0x000000007711a000 	C:\Windows\system32\USER32.dll
0x000007fefda30000 - 0x000007fefda97000 	C:\Windows\system32\GDI32.dll
0x000007fefe920000 - 0x000007fefe92e000 	C:\Windows\system32\LPK.dll
0x000007fefed50000 - 0x000007fefee19000 	C:\Windows\system32\USP10.dll
0x000007fefbc30000 - 0x000007fefbe24000 	C:\Windows\WinSxS\amd64_microsoft.windows.common-controls_6595b64144ccf1df_6.0.7601.17514_none_fa396087175ac9ac\COMCTL32.dll
0x000007fefe930000 - 0x000007fefe9a1000 	C:\Windows\system32\SHLWAPI.dll
0x000007fefeac0000 - 0x000007fefeaee000 	C:\Windows\system32\IMM32.DLL
0x000007fefd560000 - 0x000007fefd669000 	C:\Windows\system32\MSCTF.dll
0x0000000052730000 - 0x0000000052802000 	C:\Program Files\Java\jdk1.8.0_60\jre\bin\msvcr100.dll
0x0000000062a50000 - 0x00000000632d9000 	C:\Program Files\Java\jdk1.8.0_60\jre\bin\server\jvm.dll
0x000007fef39a0000 - 0x000007fef39a9000 	C:\Windows\system32\WSOCK32.dll
0x000007fefe9b0000 - 0x000007fefe9fd000 	C:\Windows\system32\WS2_32.dll
0x000007fefe910000 - 0x000007fefe918000 	C:\Windows\system32\NSI.dll
0x000007fefb680000 - 0x000007fefb6bb000 	C:\Windows\system32\WINMM.dll
0x000007fefc2f0000 - 0x000007fefc2fc000 	C:\Windows\system32\VERSION.dll
0x0000000077410000 - 0x0000000077417000 	C:\Windows\system32\PSAPI.DLL
0x0000000069bc0000 - 0x0000000069bcf000 	C:\Program Files\Java\jdk1.8.0_60\jre\bin\verify.dll
0x0000000069880000 - 0x00000000698a9000 	C:\Program Files\Java\jdk1.8.0_60\jre\bin\java.dll
0x0000000069860000 - 0x0000000069876000 	C:\Program Files\Java\jdk1.8.0_60\jre\bin\zip.dll
0x000007fefdb80000 - 0x000007fefe908000 	C:\Windows\system32\SHELL32.dll
0x000007feff320000 - 0x000007feff523000 	C:\Windows\system32\ole32.dll
0x000007fefd190000 - 0x000007fefd19f000 	C:\Windows\system32\profapi.dll

VM Arguments:
jvm_args: -Djava.awt.headless=true -Xmx1024M -Dfile.encoding=windows-1252 -Duser.country=US -Duser.language=en -Duser.variant 
java_command: com.android.dx.command.Main --dex --force-jumbo --num-threads=4 --multi-dex --output D:\project\AndroidStudioProjects\PersonalUtilitiesForLife\app\build\intermediates\transforms\dex\debug\folders\1000\10\com.google.android.gms-play-services-ads-9.0.0_d8b53a396b758f70d036b65de58f234eeb84a4b8 D:\project\AndroidStudioProjects\PersonalUtilitiesForLife\app\build\intermediates\exploded-aar\com.google.android.gms\play-services-ads\9.0.0\jars\classes.jar
java_class_path (initial): D:\Android\sdk\build-tools\23.0.3\lib\dx.jar
Launcher Type: SUN_STANDARD

Environment Variables:
JAVA_HOME=C:\Program Files\Java\jdk1.8.0_60
PATH=C:\ProgramData\Oracle\Java\javapath;C:\Program Files\Common Files\Microsoft Shared\Windows Live;C:\Program Files (x86)\HP SimplePass\x64;C:\Program Files (x86)\HP SimplePass\;;C:\Windows\system32;C:\Windows;C:\Windows\System32\Wbem;C:\Windows\System32\WindowsPowerShell\v1.0\;C:\Program Files (x86)\Java\jdk1.7.0_09\bin;C:\Strawberry\c\bin;C:\Strawberry\perl\site\bin;C:\Strawberry\perl\bin;C:\Program Files (x86)\Intel\OpenCL SDK\2.0\bin\x86;C:\Program Files (x86)\Intel\OpenCL SDK\2.0\bin\x64;C:\PROGRA~2\PICC;C:\Program Files (x86)\Microchip\xc16\v1.25\bin;C:\Program Files (x86)\Microchip\xc8\v1.35\bin;C:\Program Files\Java\jre1.8.0_65\bin;C:\Program Files\Java\jdk1.8.0_60\jre\bin;D:\Android\sdk\platform-tools;C:\Program Files\Common Files\Microsoft Shared\Windows Live;C:\Program Files\Java\jre1.8.0_65\bin
USERNAME=Nhut
OS=Windows_NT
PROCESSOR_IDENTIFIER=Intel64 Family 6 Model 42 Stepping 7, GenuineIntel



---------------  S Y S T E M  ---------------

OS: Windows 7 , 64 bit Build 7601 (6.1.7601.17514)

CPU:total 8 (4 cores per cpu, 2 threads per core) family 6 model 42 stepping 7, cmov, cx8, fxsr, mmx, sse, sse2, sse3, ssse3, sse4.1, sse4.2, popcnt, avx, aes, clmul, ht, tsc, tscinvbit

Memory: 4k page, physical 6238064k(409576k free), swap 8333368k(93572k free)

vm_info: Java HotSpot(TM) 64-Bit Server VM (25.60-b23) for windows-amd64 JRE (1.8.0_60-b27), built on Aug  4 2015 11:06:27 by "java_re" with MS VC++ 10.0 (VS2010)

time: Wed Jul 06 05:58:10 2016
elapsed time: 14 seconds (0d 0h 0m 14s)

